/Users/shloimy/Library/Python/3.9/lib/python/site-packages/urllib3/__init__.py:35: NotOpenSSLWarning: urllib3 v2 only supports OpenSSL 1.1.1+, currently the 'ssl' module is compiled with 'LibreSSL 2.8.3'. See: https://github.com/urllib3/urllib3/issues/3020
  warnings.warn(
  saved data/html/bazic/764608006221.html
  saved data/html/bazic/764608006047.html
  saved data/html/bazic/764608006016.html
  saved data/html/bazic/764608006801.html
  saved data/html/bazic/764608006009.html
  saved data/html/bazic/764608006993.html
  saved data/html/bazic/764608006214.html
  saved data/html/bazic/764608006238.html
  saved data/html/bazic/764608006979.html
  saved data/html/bazic/764608005118.html
  saved data/html/bazic/764608050460.html
  saved data/html/bazic/636160117519.html
  saved data/html/bazic/764608003213.html
  saved data/html/bazic/764608170052.html
  saved data/html/bazic/764608170045.html
  saved data/html/bazic/764608009512.html
  saved data/html/bazic/764608038130.html
  saved data/html/bazic/764608008416.html
  saved data/html/bazic/764608031285.html
  saved data/html/bazic/764608031421.html
  saved data/html/bazic/764608038093.html
  saved data/html/bazic/764608050453.html
  saved data/html/bazic/764608018064.html
  saved data/html/bazic/764608007655.html
  saved data/html/bazic/764608039212.html
  saved data/html/bazic/764608060100.html
  saved data/html/bazic/764608031117.html
  saved data/html/bazic/764608031964.html
  saved data/html/bazic/764608005460.html
  saved data/html/bazic/764608008126.html
  saved data/html/bazic/764608060919.html
  saved data/html/bazic/764608006085.html
  saved data/html/bazic/764608060070.html
  saved data/html/bazic/764608051719.html
  saved data/html/bazic/764608050491.html
  saved data/html/bazic/764608041239.html
  saved data/html/bazic/764608041208.html
  saved data/html/bazic/764608038109.html
  saved data/html/bazic/764608038086.html
  saved data/html/bazic/764608038055.html
  saved data/html/bazic/764608032022.html
  saved data/html/bazic/764608031988.html
  saved data/html/bazic/764608031834.html
  saved data/html/bazic/764608031520.html
  saved data/html/bazic/764608031452.html
  saved data/html/bazic/764608031308.html
  saved data/html/bazic/764608031254.html
  saved data/html/bazic/764608003046.html
  saved data/html/bazic/764608030219.html
  saved data/html/bazic/764608022054.html
  saved data/html/bazic/764608002131.html
  saved data/html/bazic/764608020906.html
  saved data/html/bazic/764608005248.html
  saved data/html/bazic/764608034354.html
  saved data/html/bazic/764608002612.html
  saved data/html/bazic/764608005170.html
  saved data/html/bazic/764608005347.html
  saved data/html/bazic/764608005989.html
  saved data/html/bazic/764608007389.html
  saved data/html/bazic/764608007938.html
  saved data/html/bazic/764608017180.html
  saved data/html/bazic/764608018057.html
  saved data/html/bazic/764608022238.html
  saved data/html/bazic/764608023150.html
  saved data/html/bazic/764608030011.html
  saved data/html/bazic/764608030127.html
  saved data/html/bazic/764608031599.html
  saved data/html/bazic/764608031797.html
  saved data/html/bazic/764608038031.html
  saved data/html/bazic/764608050170.html
  saved data/html/bazic/764608050255.html
  saved data/html/bazic/764608051702.html
  saved data/html/bazic/764608060063.html
  saved data/html/bazic/764608061107.html
  saved data/html/bazic/764608170663.html
  saved data/html/bazic/764608002681.html
  saved data/html/bazic/764608005484.html
  saved data/html/bazic/764608005699.html
  saved data/html/bazic/764608007471.html
  saved data/html/bazic/764608009284.html
  saved data/html/bazic/764608012093.html
  saved data/html/bazic/764608012376.html
  saved data/html/bazic/764608016152.html
  saved data/html/bazic/764608019177.html
  saved data/html/bazic/764608022061.html
  saved data/html/bazic/764608023303.html
  saved data/html/bazic/764608027110.html
  saved data/html/bazic/764608032008.html
  saved data/html/bazic/764608034606.html
  saved data/html/bazic/764608039816.html
  saved data/html/bazic/764608044414.html
  saved data/html/bazic/764608050217.html
  saved data/html/bazic/764608050545.html
  saved data/html/bazic/764608051023.html
  saved data/html/bazic/764608054710.html
  saved data/html/bazic/764608170496.html
  saved data/html/bazic/764608002223.html
  saved data/html/bazic/764608003251.html
  saved data/html/bazic/764608005125.html
  saved data/html/bazic/764608005712.html
  saved data/html/bazic/764608008461.html
  saved data/html/bazic/764608012468.html
  saved data/html/bazic/764608018033.html
  saved data/html/bazic/764608028070.html
  saved data/html/bazic/764608030097.html
  saved data/html/bazic/764608031056.html
  saved data/html/bazic/764608032039.html
  saved data/html/bazic/764608039878.html
  saved data/html/bazic/764608050156.html
  saved data/html/bazic/764608050231.html
  saved data/html/bazic/764608050682.html
  saved data/html/bazic/764608051054.html
  saved data/html/bazic/764608051559.html
  saved data/html/bazic/764608054949.html
  saved data/html/bazic/764608002070.html
  saved data/html/bazic/764608004524.html
  saved data/html/bazic/764608005194.html
  saved data/html/bazic/764608005385.html
  saved data/html/bazic/764608005637.html
  saved data/html/bazic/764608008027.html
  saved data/html/bazic/764608008393.html
  saved data/html/bazic/764608009062.html
  saved data/html/bazic/764608012260.html
  saved data/html/bazic/764608015001.html
  saved data/html/bazic/764608017388.html
  saved data/html/bazic/764608018125.html
  saved data/html/bazic/764608022047.html
  saved data/html/bazic/764608023198.html
  saved data/html/bazic/764608030035.html
  saved data/html/bazic/764608031001.html
  saved data/html/bazic/764608031193.html
  saved data/html/bazic/764608031322.html
  saved data/html/bazic/764608031889.html
  saved data/html/bazic/764608050194.html
  saved data/html/bazic/764608050446.html
  saved data/html/bazic/764608051313.html
  saved data/html/bazic/764608054604.html
  saved data/html/bazic/764608060131.html
  saved data/html/bazic/764608002230.html
  saved data/html/bazic/764608003039.html
  saved data/html/bazic/764608003381.html
  saved data/html/bazic/764608005149.html
  saved data/html/bazic/764608005323.html
  saved data/html/bazic/764608005576.html
  saved data/html/bazic/764608005972.html
  saved data/html/bazic/764608006207.html
  saved data/html/bazic/764608007921.html
  saved data/html/bazic/764608008164.html
  saved data/html/bazic/764608012178.html
  saved data/html/bazic/764608012482.html
  saved data/html/bazic/764608021729.html
  saved data/html/bazic/764608028087.html
  saved data/html/bazic/764608031087.html
  saved data/html/bazic/764608031292.html
  saved data/html/bazic/764608031575.html
  saved data/html/bazic/764608038024.html
  saved data/html/bazic/764608039991.html
  saved data/html/bazic/764608050163.html
  saved data/html/bazic/764608050248.html
  saved data/html/bazic/764608050743.html
  saved data/html/bazic/764608060025.html
  saved data/html/bazic/764608061022.html
  saved data/html/bazic/764608170632.html
  saved data/html/bazic/764608002148.html
  saved data/html/bazic/764608002698.html
  saved data/html/bazic/764608003206.html
  saved data/html/bazic/764608005101.html
  saved data/html/bazic/764608005491.html
  saved data/html/bazic/764608007204.html
  saved data/html/bazic/764608008072.html
  saved data/html/bazic/764608009307.html
  saved data/html/bazic/764608012109.html
  saved data/html/bazic/764608012420.html
  saved data/html/bazic/764608022115.html
  saved data/html/bazic/764608028063.html
  saved data/html/bazic/764608030080.html
  saved data/html/bazic/764608031261.html
  saved data/html/bazic/764608031728.html
  saved data/html/bazic/764608039823.html
  saved data/html/bazic/764608050224.html
  saved data/html/bazic/764608050668.html
  saved data/html/bazic/764608051047.html
  saved data/html/bazic/764608054765.html
  saved data/html/bazic/764608061008.html
  saved data/html/bazic/64608005163.html
  saved data/html/bazic/764608002124.html
  saved data/html/bazic/764608003169.html
  saved data/html/bazic/764608005019.html
  saved data/html/bazic/764608005231.html
  saved data/html/bazic/764608005477.html
  saved data/html/bazic/764608005644.html
  saved data/html/bazic/764608012062.html
  saved data/html/bazic/764608015025.html
  saved data/html/bazic/764608017494.html
  saved data/html/bazic/764608018132.html
  saved data/html/bazic/764608027073.html
  saved data/html/bazic/764608031216.html
  saved data/html/bazic/764608031339.html
  saved data/html/bazic/764608031704.html
  saved data/html/bazic/764608038079.html
  saved data/html/bazic/764608039809.html
  saved data/html/bazic/764608050200.html
  saved data/html/bazic/764608051320.html
  saved data/html/bazic/764608054703.html
  saved data/html/bazic/764608060155.html
  saved data/html/bazic/764608002056.html
  saved data/html/bazic/764608002629.html
  saved data/html/bazic/764608003053.html
  saved data/html/bazic/764608004517.html
  saved data/html/bazic/764608005187.html
  saved data/html/bazic/764608005378.html
  saved data/html/bazic/764608008379.html
  saved data/html/bazic/764608009802.html
  saved data/html/bazic/764608022016.html
  saved data/html/bazic/764608031827.html
  saved data/html/bazic/764608034095.html
  saved data/html/bazic/764608038048.html
  saved data/html/bazic/764608039113.html
  saved data/html/bazic/764608050187.html
  saved data/html/bazic/764608050262.html
  saved data/html/bazic/764608050767.html
  saved data/html/bazic/764608001127.html
  saved data/html/bazic/764608002032.html
  saved data/html/bazic/764608002063.html
  saved data/html/bazic/764608004531.html
  saved data/html/bazic/764608005163.html
  saved data/html/bazic/764608005293.html
  saved data/html/bazic/764608005736.html
  saved data/html/bazic/764608005750.html
  saved data/html/bazic/764608005781.html
  saved data/html/bazic/764608005996.html
  saved data/html/bazic/764608006092.html
  saved data/html/bazic/764608007020.html
  saved data/html/bazic/764608007556.html
  saved data/html/bazic/764608007907.html
  saved data/html/bazic/764608008010.html
  saved data/html/bazic/764608009109.html
  saved data/html/bazic/764608012161.html
  saved data/html/bazic/764608012642.html
  saved data/html/bazic/764608012802.html
  saved data/html/bazic/764608017203.html
  saved data/html/bazic/764608017470.html
  saved data/html/bazic/764608017524.html
  saved data/html/bazic/764608017531.html
  saved data/html/bazic/764608017883.html
  saved data/html/bazic/764608018309.html
  saved data/html/bazic/764608020944.html
  saved data/html/bazic/764608021323.html
  saved data/html/bazic/764608021385.html
  saved data/html/bazic/764608021507.html
  saved data/html/bazic/764608023235.html
  saved data/html/bazic/764608028056.html
  saved data/html/bazic/764608031070.html
  saved data/html/bazic/764608031148.html
  saved data/html/bazic/764608031636.html
  saved data/html/bazic/764608031667.html
  saved data/html/bazic/764608031957.html
  saved data/html/bazic/764608031971.html
  saved data/html/bazic/764608033524.html
  saved data/html/bazic/764608038215.html
  saved data/html/bazic/764608038222.html
  saved data/html/bazic/764608038246.html
  saved data/html/bazic/764608038277.html
  saved data/html/bazic/764608039007.html
  saved data/html/bazic/764608039830.html
  saved data/html/bazic/764608039847.html
  saved data/html/bazic/764608040010.html
  saved data/html/bazic/764608040027.html
  saved data/html/bazic/764608040034.html
  saved data/html/bazic/764608040041.html
  saved data/html/bazic/764608044308.html
  saved data/html/bazic/764608044322.html
  saved data/html/bazic/764608044421.html
  saved data/html/bazic/764608050279.html
  saved data/html/bazic/764608050286.html
  saved data/html/bazic/764608050323.html
  saved data/html/bazic/764608050378.html
  saved data/html/bazic/764608050569.html
  saved data/html/bazic/764608050880.html
  saved data/html/bazic/764608054154.html
  saved data/html/bazic/764608054161.html
  saved data/html/bazic/764608054925.html
  saved data/html/bazic/764608060056.html
  saved data/html/bazic/764608060216.html
  saved data/html/bazic/764608068007.html
  saved data/html/bazic/764608170618.html
  saved data/html/bazic/764608002292.html
  saved data/html/bazic/764608005040.html
  saved data/html/bazic/764608005354.html
  saved data/html/bazic/764608008508.html
  saved data/html/bazic/764608009796.html
  saved data/html/bazic/764608017166.html
  saved data/html/bazic/764608021408.html
  saved data/html/bazic/764608022511.html
  saved data/html/bazic/764608029015.html
  saved data/html/bazic/764608031803.html
  saved data/html/bazic/764608033500.html
  saved data/html/bazic/764608038147.html
  saved data/html/bazic/764608038611.html
  saved data/html/bazic/764608041000.html
  saved data/html/bazic/764608054185.html
  saved data/html/bazic/764608170519.html
  saved data/html/bazic/764608007464.html
  saved data/html/bazic/764608009604.html
  saved data/html/bazic/764608012208.html
  saved data/html/bazic/764608027134.html
  saved data/html/bazic/764608038734.html
  saved data/html/bazic/764608044100.html
  saved data/html/bazic/764608050477.html
  saved data/html/bazic/764608050675.html
  saved data/html/bazic/764608054963.html
  saved data/html/bazic/764608002308.html
  saved data/html/bazic/764608005071.html
  saved data/html/bazic/764608005446.html
  saved data/html/bazic/764608005774.html
  saved data/html/bazic/764608017173.html
  saved data/html/bazic/764608038185.html
  saved data/html/bazic/764608038642.html
  saved data/html/bazic/764608044131.html
  saved data/html/bazic/764608050309.html
  saved data/html/bazic/764608050965.html
  saved data/html/bazic/764608060124.html
  saved data/html/bazic/764608170540.html
  saved data/html/bazic/764608003022.html
  saved data/html/bazic/764608009123.html
  saved data/html/bazic/764608017944.html
  saved data/html/bazic/764608022023.html
  saved data/html/bazic/764608038659.html
  saved data/html/bazic/764608044148.html
  saved data/html/bazic/764608050316.html
  saved data/html/bazic/764608050552.html
  saved data/html/bazic/764608051030.html
  saved data/html/bazic/764608054727.html
  saved data/html/bazic/764608002155.html
  saved data/html/bazic/764608005330.html
  saved data/html/bazic/764608034828.html
  saved data/html/bazic/764608038604.html
  saved data/html/bazic/764608038741.html
  saved data/html/bazic/764608044117.html
  saved data/html/bazic/764608054178.html
  saved data/html/bazic/764608060421.html
  saved data/html/bazic/764608170366.html
  saved data/html/bazic/764608005521.html
  saved data/html/bazic/764608007372.html
  saved data/html/bazic/764608016213.html
  saved data/html/bazic/764608020920.html
  saved data/html/bazic/764608023419.html
  saved data/html/bazic/764608034415.html
  saved data/html/bazic/764608038710.html
  saved data/html/bazic/764608051436.html
  saved data/html/bazic/764608170670.html
  saved data/html/bazic/764608002049.html
  saved data/html/bazic/764608005507.html
  saved data/html/bazic/764608007167.html
  saved data/html/bazic/764608009215.html
  saved data/html/bazic/764608013014.html
  saved data/html/bazic/764608018026.html
  saved data/html/bazic/764608039854.html
  saved data/html/bazic/764608054901.html
  saved data/html/bazic/764608002094.html
  saved data/html/bazic/764608003367.html
  saved data/html/bazic/764608005200.html
  saved data/html/bazic/764608007396.html
  saved data/html/bazic/764608022160.html
  saved data/html/bazic/764608025079.html
  saved data/html/bazic/764608038253.html
  saved data/html/bazic/764608050651.html
  saved data/html/bazic/764608054932.html
  saved data/html/bazic/764608012451.html
  saved data/html/bazic/764608005729.html
  saved data/html/bazic/764608060117.html
  saved data/html/bazic/764608034835.html
  saved data/html/bazic/764608022504.html
  saved data/html/bazic/764608009505.html
  saved data/html/bazic/764608007105.html
  saved data/html/bazic/764608051535.html
  saved data/html/bazic/764608082003.html
  saved data/html/bazic/764608082010.html
  saved data/html/bazic/764608170649.html
  saved data/html/bazic/764608002513.html
  saved data/html/bazic/764608050293.html
  saved data/html/bazic/764608050576.html
bazic: 382 pages (skipped 0 rows without URL)
  saved data/html/bruder/4001702025007.html
  saved data/html/bruder/4001702027650.html
  saved data/html/bruder/4001702028213.html
  saved data/html/bruder/4001702622503.html
  saved data/html/bruder/4001702024444.html
  saved data/html/bruder/4001702025021.html
  saved data/html/bruder/4001702027698.html
  saved data/html/bruder/4001702028244.html
  saved data/html/bruder/4001702037635.html
  saved data/html/bruder/4001702024307.html
  saved data/html/bruder/4001702027506.html
  saved data/html/bruder/4001702028145.html
  saved data/html/bruder/4001702024536.html
  saved data/html/bruder/4001702025120.html
  saved data/html/bruder/4001702600204.html
  saved data/html/bruder/4001702024840.html
  saved data/html/bruder/4001702027544.html
  saved data/html/bruder/4001702028152.html
  saved data/html/bruder/4001702622107.html
  saved data/html/bruder/4001702024468.html
  saved data/html/bruder/4001702025052.html
  saved data/html/bruder/4001702025410.html
  saved data/html/bruder/4001702027711.html
  saved data/html/bruder/4001702028282.html
  saved data/html/bruder/4001702025113.html
  saved data/html/bruder/4001702025908.html
  saved data/html/bruder/4001702028299.html
  saved data/html/bruder/4001702631208.html
  saved data/html/bruder/4001702024284.html
  saved data/html/bruder/4001702024543.html
  saved data/html/bruder/4001702025267.html
  saved data/html/bruder/4001702028138.html
  saved data/html/bruder/400170226707.html
  saved data/html/bruder/4001702021429.html
  saved data/html/bruder/4001702024253.html
  saved data/html/bruder/4001702024260.html
  saved data/html/bruder/4001702024826.html
  saved data/html/bruder/4001702025045.html
  saved data/html/bruder/4001702025076.html
  saved data/html/bruder/4001702025090.html
  saved data/html/bruder/4001702025281.html
  saved data/html/bruder/4001702025434.html
  saved data/html/bruder/4001702025441.html
  saved data/html/bruder/4001702025922.html
  saved data/html/bruder/4001702025939.html
  saved data/html/bruder/4001702026721.html
  saved data/html/bruder/4001702026738.html
  saved data/html/bruder/4001702026752.html
  saved data/html/bruder/4001702026769.html
  saved data/html/bruder/4001702026783.html
  saved data/html/bruder/4001702026790.html
  saved data/html/bruder/4001702026806.html
  saved data/html/bruder/4001702026820.html
  saved data/html/bruder/4001702026837.html
  saved data/html/bruder/4001702027742.html
  saved data/html/bruder/4001702028183.html
  saved data/html/bruder/4001702028275.html
  saved data/html/bruder/4001702028305.html
  saved data/html/bruder/4001702034818.html
  saved data/html/bruder/4001702035716.html
  saved data/html/bruder/4001702035822.html
  saved data/html/bruder/4001702037109.html
  saved data/html/bruder/4001702037604.html
  saved data/html/bruder/4001702037666.html
  saved data/html/bruder/4001702037673.html
  saved data/html/bruder/4001702627331.html
  saved data/html/bruder/4001702027384.html
  saved data/html/bruder/4001702025465.html
  saved data/html/bruder/4001702034535.html
  saved data/html/bruder/4001702028312.html
  saved data/html/bruder/4001702026844.html
  saved data/html/bruder/4001702034856.html
bruder: 72 pages (skipped 0 rows without URL)
  saved data/html/chazak/756542319987.html
  saved data/html/chazak/7625651623144.html
  saved data/html/chazak/643356045044.html
  saved data/html/chazak/791126052249.html
  saved data/html/chazak/793565251887.html
  saved data/html/chazak/748322279772.html
  saved data/html/chazak/791126052348.html
  saved data/html/chazak/793565251900.html
  saved data/html/chazak/696168620114.html
  saved data/html/chazak/7437530829802.html
  saved data/html/chazak/793565251894.html
  saved data/html/chazak/696168620053.html
  saved data/html/chazak/731716157633.html
  saved data/html/chazak/696168619262.html
  saved data/html/chazak/696168619170.html
  saved data/html/chazak/192073566603.html
  saved data/html/chazak/604015673916.html
  saved data/html/chazak/696168619231.html
  saved data/html/chazak/696168619200.html
  saved data/html/chazak/731716158722.html
  saved data/html/chazak/731716158760.html
  saved data/html/chazak/696168619194.html
  saved data/html/chazak/696168619385.html
  saved data/html/chazak/791126052317.html
  saved data/html/chazak/696168620459.html
  saved data/html/chazak/696168620466.html
  saved data/html/chazak/610371732884.html
  saved data/html/chazak/696168619835.html
  saved data/html/chazak/756542319819.html
  saved data/html/chazak/791126052270.html
  saved data/html/chazak/696168620442.html
  saved data/html/chazak/731716158715.html
  saved data/html/chazak/731716157398.html
  saved data/html/chazak/731716157336.html
  saved data/html/chazak/731716158739.html
  saved data/html/chazak/731716157343.html
  saved data/html/chazak/791126052263.html
  saved data/html/chazak/731716157350.html
  saved data/html/chazak/731716157527.html
  saved data/html/chazak/731716157510.html
  saved data/html/chazak/731716157534.html
  saved data/html/chazak/731716157541.html
  saved data/html/chazak/7426999947035.html
  saved data/html/chazak/696168619286.html
  saved data/html/chazak/696177623519.html
  saved data/html/chazak/696177623472.html
  saved data/html/chazak/731716157299.html
  saved data/html/chazak/757347591363.html
  saved data/html/chazak/696168619422.html
  saved data/html/chazak/731716158609.html
  saved data/html/chazak/696168620329.html
  saved data/html/chazak/9781950793044.html
  saved data/html/chazak/789185828554.html
  saved data/html/chazak/789185827045.html
  saved data/html/chazak/602401929470.html
  saved data/html/chazak/9798885863223.html
  saved data/html/chazak/99798885861533.html
  saved data/html/chazak/9798885861540.html
  saved data/html/chazak/9781680916935.html
  saved data/html/chazak/9781680919530.html
  saved data/html/chazak/9781680919387.html
  saved data/html/chazak/9781680919813.html
  saved data/html/chazak/9781680919554.html
  saved data/html/chazak/9781680915228.html
  saved data/html/chazak/9781680919486.html
  saved data/html/chazak/9781680919516.html
  saved data/html/chazak/9781680911329.html
  saved data/html/chazak/9781680910728.html
  saved data/html/chazak/9781680919929.html
  saved data/html/chazak/9781680919264.html
  saved data/html/chazak/9781680916751.html
  saved data/html/chazak/9798885860253.html
  saved data/html/chazak/9781680919769.html
  saved data/html/chazak/9781680917253.html
  saved data/html/chazak/9781680910834.html
  saved data/html/chazak/9781680919820.html
  saved data/html/chazak/9781680911701.html
  saved data/html/chazak/9781680916294.html
  saved data/html/chazak/9781680915389.html
  saved data/html/chazak/9781680919899.html
  saved data/html/chazak/9781680919837.html
  saved data/html/chazak/9781680919585.html
  saved data/html/chazak/9781680920345.html
  saved data/html/chazak/9781680919950.html
  saved data/html/chazak/9781680920055.html
  saved data/html/chazak/9781680920154.html
  saved data/html/chazak/9781680919202.html
  saved data/html/chazak/9781680919547.html
  saved data/html/chazak/9781680919134.html
  saved data/html/chazak/9781680919523.html
  saved data/html/chazak/9781680919288.html
  saved data/html/chazak/9781680919394.html
  saved data/html/chazak/9781680919257.html
  saved data/html/chazak/9781680917963.html
  saved data/html/chazak/9781680918069.html
  saved data/html/chazak/9781680918106.html
  saved data/html/chazak/9781680917925.html
  saved data/html/chazak/9781680918021.html
  saved data/html/chazak/9781680917734.html
  saved data/html/chazak/9781680918502.html
  saved data/html/chazak/9781680917895.html
  saved data/html/chazak/9781680918601.html
  saved data/html/chazak/9781680918403.html
  saved data/html/chazak/9781680917628.html
  saved data/html/chazak/9781680919165.html
  saved data/html/chazak/9781680919158.html
  saved data/html/chazak/9781680919295.html
  saved data/html/chazak/9781680919424.html
  saved data/html/chazak/9781680919431.html
  saved data/html/chazak/9781680919592.html
  saved data/html/chazak/9781680919783.html
  saved data/html/chazak/891390001018.html
  saved data/html/chazak/891390001025.html
  saved data/html/chazak/8991390001490.html
  saved data/html/chazak/891390001506.html
  saved data/html/chazak/891390001612.html
  saved data/html/chazak/891390001629.html
  saved data/html/chazak/891390001759.html
  saved data/html/chazak/891390001155.html
  saved data/html/chazak/891390001032.html
  saved data/html/chazak/91390001049.html
  saved data/html/chazak/891390001049.html
  saved data/html/chazak/891390001056.html
  saved data/html/chazak/91390001063.html
  saved data/html/chazak/891390001070.html
  saved data/html/chazak/891390001087.html
  saved data/html/chazak/891390001094.html
  saved data/html/chazak/891390001483.html
  saved data/html/chazak/9781680918687.html
  saved data/html/chazak/9781680919639.html
  saved data/html/chazak/9781680918458.html
  saved data/html/chazak/9781680918816.html
  saved data/html/chazak/696168620121.html
  saved data/html/chazak/731716158654.html
  saved data/html/chazak/731716157626.html
  saved data/html/chazak/731716157558.html
  saved data/html/chazak/696168620015.html
  saved data/html/chazak/696168620251.html
  saved data/html/chazak/9781680919608.html
  saved data/html/chazak/9781680916379.html
  saved data/html/chazak/9781680912975.html
  saved data/html/chazak/9798885860994.html
  saved data/html/chazak/9781680918809.html
  saved data/html/chazak/9781680919110.html
  saved data/html/chazak/9781680918830.html
  saved data/html/chazak/9781680918670.html
  saved data/html/chazak/9781680918762.html
  saved data/html/chazak/9781680918731.html
  saved data/html/chazak/9781680918878.html
  saved data/html/chazak/9781680918793.html
  saved data/html/chazak/9781680919097.html
  saved data/html/chazak/9781680918984.html
  saved data/html/chazak/9781680918960.html
  saved data/html/chazak/9781680918786.html
  saved data/html/chazak/9781680919004.html
  saved data/html/chazak/9781680918908.html
  saved data/html/chazak/9781680919059.html
  saved data/html/chazak/9781680918663.html
  saved data/html/chazak/9781680919080.html
  saved data/html/chazak/9781680919073.html
  saved data/html/chazak/9781680919066.html
  saved data/html/chazak/9781680919318.html
  saved data/html/chazak/9781680918779.html
  saved data/html/chazak/9781680919127.html
  saved data/html/chazak/9781680917826.html
  saved data/html/chazak/9781680917345.html
  saved data/html/chazak/9781680919400.html
  saved data/html/chazak/9781680919141.html
  saved data/html/chazak/9781680919349.html
  saved data/html/chazak/9798885862592.html
  saved data/html/chazak/9781680920215.html
  saved data/html/chazak/9781680919677.html
  saved data/html/chazak/9781680919943.html
  saved data/html/chazak/9781680919615.html
  saved data/html/chazak/9781680919561.html
  saved data/html/chazak/9781680919462.html
  saved data/html/chazak/9781680919479.html
  saved data/html/chazak/9781680919745.html
  saved data/html/chazak/9781680919912.html
  saved data/html/chazak/9781680920017.html
  saved data/html/chazak/9781680920116.html
  saved data/html/chazak/9781680919660.html
  saved data/html/chazak/9781680920338.html
  saved data/html/chazak/9781680919851.html
  saved data/html/chazak/9781680919448.html
  saved data/html/chazak/9781680919646.html
  saved data/html/chazak/9781680920000.html
  saved data/html/chazak/9781680920093.html
  saved data/html/chazak/9781680920222.html
  saved data/html/chazak/9781680920390.html
  saved data/html/chazak/9781680920024.html
  saved data/html/chazak/9781680920123.html
  saved data/html/chazak/9781680919936.html
  saved data/html/chazak/9781680920031.html
  saved data/html/chazak/9781680920130.html
  saved data/html/chazak/9781680918359.html
  saved data/html/chazak/9781680919417.html
  saved data/html/chazak/9781680918977.html
  saved data/html/chazak/9781680919301.html
  saved data/html/chazak/9781680917710.html
  saved data/html/chazak/9781680919493.html
  saved data/html/chazak/9781680918052.html
  saved data/html/chazak/9781680917864.html
  saved data/html/chazak/9781680918380.html
  saved data/html/chazak/9781680919721.html
  saved data/html/chazak/9781680919905.html
  saved data/html/chazak/9781680919868.html
  saved data/html/chazak/9781680919776.html
  saved data/html/chazak/9781680919684.html
  saved data/html/chazak/978965782289.html
  saved data/html/chazak/9798885861533.html
  saved data/html/chazak/9798885862417.html
  saved data/html/chazak/9798885861229.html
  saved data/html/chazak/9798885860987.html
  saved data/html/chazak/9798885861021.html
  saved data/html/chazak/9798885861601.html
  saved data/html/chazak/9798885860550.html
  saved data/html/chazak/9781680917024.html
  saved data/html/chazak/9781680917055.html
  saved data/html/chazak/9798885862448.html
  saved data/html/chazak/696550990498.html
  saved data/html/chazak/9798885862400.html
  saved data/html/chazak/9798885862370.html
  saved data/html/chazak/9798885862363.html
  saved data/html/chazak/9781680919356.html
  saved data/html/chazak/9798885862462.html
  saved data/html/chazak/9798885862547.html
  saved data/html/chazak/9798885862431.html
  saved data/html/chazak/9798885862455.html
  saved data/html/chazak/9781680917048.html
  saved data/html/chazak/9798885863162.html
  saved data/html/chazak/9798885863155.html
  saved data/html/chazak/9798885863148.html
  saved data/html/chazak/9798885863179.html
  saved data/html/chazak/9781680912715.html
  saved data/html/chazak/9781680910773.html
  saved data/html/chazak/9781680911824.html
  saved data/html/chazak/9781680912746.html
  saved data/html/chazak/9781680912753.html
  saved data/html/chazak/9781680912326.html
  saved data/html/chazak/9781680912760.html
  saved data/html/chazak/9781937637637.html
  saved data/html/chazak/6024016966864.html
  saved data/html/chazak/9781680911237.html
  saved data/html/chazak/6024016966796.html
  saved data/html/chazak/9781680910780.html
  saved data/html/chazak/9781680912722.html
  saved data/html/chazak/9781680911787.html
  saved data/html/chazak/6024016964716.html
  saved data/html/chazak/9781680912272.html
  saved data/html/chazak/9781937637743.html
  saved data/html/chazak/9781680910292.html
  saved data/html/chazak/9781937637002.html
  saved data/html/chazak/9781937637835.html
  saved data/html/chazak/9781937637828.html
  saved data/html/chazak/9781937637484.html
  saved data/html/chazak/9781937637842.html
  saved data/html/chazak/9781937637019.html
  saved data/html/chazak/9781937637026.html
  saved data/html/chazak/9781680910803.html
  saved data/html/chazak/9781680910223.html
  saved data/html/chazak/9781937637866.html
  saved data/html/chazak/9781680912333.html
  saved data/html/chazak/9781680910209.html
  saved data/html/chazak/9781680910247.html
  saved data/html/chazak/9781680919219.html
  saved data/html/chazak/9781680911220.html
  saved data/html/chazak/9781680910230.html
  saved data/html/chazak/9781680910261.html
  saved data/html/chazak/9781680910858.html
  saved data/html/chazak/9781680911862.html
  saved data/html/chazak/9781680910865.html
  saved data/html/chazak/9781680910872.html
  saved data/html/chazak/9781680911756.html
  saved data/html/chazak/9781680911763.html
  saved data/html/chazak/9781680911770.html
  saved data/html/chazak/9781680910797.html
  saved data/html/chazak/9781680911794.html
  saved data/html/chazak/9781680912838.html
  saved data/html/chazak/9781680912791.html
  saved data/html/chazak/9781680912807.html
  saved data/html/chazak/9781680912814.html
  saved data/html/chazak/9781937637385.html
  saved data/html/chazak/6369469837898.html
  saved data/html/chazak/6369469838338.html
  saved data/html/chazak/6024016966314.html
  saved data/html/chazak/6369469838406.html
  saved data/html/chazak/6049479043624.html
  saved data/html/chazak/9781950793945.html
  saved data/html/chazak/9781680914528.html
  saved data/html/chazak/9781950793884.html
  saved data/html/chazak/9781950793679.html
  saved data/html/chazak/9781680912203.html
  saved data/html/chazak/9781680911541.html
  saved data/html/chazak/9781680914580.html
  saved data/html/chazak/9781680912692.html
  saved data/html/chazak/9781680914856.html
  saved data/html/chazak/9781680918076.html
  saved data/html/chazak/9781950793716.html
  saved data/html/chazak/9781950793617.html
  saved data/html/chazak/9781950793600.html
  saved data/html/chazak/9781680915587.html
  saved data/html/chazak/731716157008.html
  saved data/html/chazak/9798885860192.html
  saved data/html/chazak/9798885860543.html
  saved data/html/chazak/9798885860246.html
  saved data/html/chazak/731716158494.html
  saved data/html/chazak/9781950793792.html
  saved data/html/chazak/9781950793785.html
  saved data/html/chazak/9798885860970.html
  saved data/html/chazak/9798885862097.html
  saved data/html/chazak/9781950793624.html
  saved data/html/chazak/604015674173.html
  saved data/html/chazak/610371733218.html
  saved data/html/chazak/756542320402.html
  saved data/html/chazak/705653102629.html
  saved data/html/chazak/696168620107.html
  saved data/html/chazak/850064376456.html
  saved data/html/chazak/731236562917.html
  saved data/html/chazak/756542319895.html
  saved data/html/chazak/850064376449.html
  saved data/html/chazak/793565252471.html
  saved data/html/chazak/696168620008.html
  saved data/html/chazak/793565251993.html
  saved data/html/chazak/696168619545.html
  saved data/html/chazak/696168620336.html
  saved data/html/chazak/731716158272.html
  saved data/html/chazak/731716158647.html
  saved data/html/chazak/604015673527.html
  saved data/html/chazak/731716158265.html
  saved data/html/chazak/891390003364.html
  saved data/html/chazak/731716158463.html
  saved data/html/chazak/731716158869.html
  saved data/html/chazak/731716158302.html
  saved data/html/chazak/604015674234.html
  saved data/html/chazak/604015673947.html
  saved data/html/chazak/731716150917.html
  saved data/html/chazak/756542319925.html
  saved data/html/chazak/696168619873.html
  saved data/html/chazak/604015674227.html
  saved data/html/chazak/731716158258.html
  saved data/html/chazak/696168620176.html
  saved data/html/chazak/696168620213.html
  saved data/html/chazak/696168620527.html
  saved data/html/chazak/696168620534.html
  saved data/html/chazak/793565252396.html
  saved data/html/chazak/696168619989.html
  saved data/html/chazak/604015674098.html
  saved data/html/chazak/604015674210.html
  saved data/html/chazak/604015673954.html
  saved data/html/chazak/696177623304.html
  saved data/html/chazak/696177623359.html
  saved data/html/chazak/731716158241.html
  saved data/html/chazak/604015673862.html
  saved data/html/chazak/696168620152.html
  saved data/html/chazak/696177623373.html
  saved data/html/chazak/731716156988.html
  saved data/html/chazak/696168620169.html
  saved data/html/chazak/696168620220.html
  saved data/html/chazak/696168619910.html
  saved data/html/chazak/756542319963.html
  saved data/html/chazak/696168618944.html
  saved data/html/chazak/604015673695.html
  saved data/html/chazak/696168619958.html
  saved data/html/chazak/604015673589.html
  saved data/html/chazak/793565252563.html
  saved data/html/chazak/793565252198.html
  saved data/html/chazak/793565251863.html
  saved data/html/chazak/789185827694.html
  saved data/html/chazak/731716156971.html
  saved data/html/chazak/604015673930.html
  saved data/html/chazak/793565252815.html
  saved data/html/chazak/604015674029.html
  saved data/html/chazak/789185827441.html
  saved data/html/chazak/94851004683.html
  saved data/html/chazak/881314992676.html
  saved data/html/chazak/891390003333.html
  saved data/html/chazak/731716157800.html
  saved data/html/chazak/604015673558.html
  saved data/html/chazak/696168619620.html
  saved data/html/chazak/793565252440.html
  saved data/html/chazak/9781680912180.html
  saved data/html/chazak/793565252457.html
  saved data/html/chazak/731716158685.html
  saved data/html/chazak/94851004195.html
  saved data/html/chazak/731716158111.html
  saved data/html/chazak/789185827304.html
  saved data/html/chazak/731716156957.html
  saved data/html/chazak/94851004348.html
  saved data/html/chazak/696177625117.html
  saved data/html/chazak/891390003104.html
  saved data/html/chazak/891390002589.html
  saved data/html/chazak/610371732860.html
  saved data/html/chazak/731716156940.html
  saved data/html/chazak/731716157848.html
  saved data/html/chazak/757347591356.html
  saved data/html/chazak/604015674067.html
  saved data/html/chazak/891390003319.html
  saved data/html/chazak/696177624233.html
  saved data/html/chazak/9781680914849.html
  saved data/html/chazak/793565252341.html
  saved data/html/chazak/731716157787.html
  saved data/html/chazak/891390003340.html
  saved data/html/chazak/696168619491.html
  saved data/html/chazak/891390003371.html
  saved data/html/chazak/757347591653.html
  saved data/html/chazak/789185827311.html
  saved data/html/chazak/731716157053.html
  saved data/html/chazak/696168619507.html
  saved data/html/chazak/793565252419.html
  saved data/html/chazak/891390002626.html
  saved data/html/chazak/731716156933.html
  saved data/html/chazak/696168619606.html
  saved data/html/chazak/696168620619.html
  saved data/html/chazak/789185827335.html
  saved data/html/chazak/789185827328.html
  saved data/html/chazak/891390001988.html
  saved data/html/chazak/891390002046.html
  saved data/html/chazak/9781680914825.html
  saved data/html/chazak/731716157763.html
  saved data/html/chazak/789185827090.html
  saved data/html/chazak/604015673701.html
  saved data/html/chazak/6961686209542.html
  saved data/html/chazak/6961686209610.html
  saved data/html/chazak/701748592245.html
  saved data/html/chazak/610371732440.html
  saved data/html/chazak/756542319635.html
  saved data/html/chazak/696168619644.html
  saved data/html/chazak/696168619637.html
  saved data/html/chazak/696168620510.html
  saved data/html/chazak/610371732877.html
  saved data/html/chazak/791126051556.html
  saved data/html/chazak/791126051563.html
  saved data/html/chazak/610371732839.html
  saved data/html/chazak/610371732822.html
  saved data/html/chazak/756542320211.html
  saved data/html/chazak/756542320204.html
  saved data/html/chazak/696177624219.html
  saved data/html/chazak/731236532279.html
  saved data/html/chazak/789185827397.html
  saved data/html/chazak/881314992379.html
  saved data/html/chazak/757347592377.html
  saved data/html/chazak/807676307460.html
  saved data/html/chazak/604015673541.html
  saved data/html/chazak/881314992355.html
  saved data/html/chazak/757347592094.html
  saved data/html/chazak/94851004676.html
  saved data/html/chazak/701748592962.html
  saved data/html/chazak/701748592948.html
  saved data/html/chazak/701748592559.html
  saved data/html/chazak/701748592573.html
  saved data/html/chazak/701748592566.html
  saved data/html/chazak/701748591996.html
  saved data/html/chazak/881314992799.html
  saved data/html/chazak/881314992621.html
  saved data/html/chazak/881314992423.html
  saved data/html/chazak/881314993116.html
  saved data/html/chazak/696177623502.html
  saved data/html/chazak/793565252389.html
  saved data/html/chazak/891390003036.html
  saved data/html/chazak/881314992393.html
  saved data/html/chazak/793565252372.html
  saved data/html/chazak/696177623496.html
  saved data/html/chazak/789185828103.html
  saved data/html/chazak/789185828097.html
  saved data/html/chazak/757347591301.html
  saved data/html/chazak/881314992959.html
  saved data/html/chazak/696177624998.html
  saved data/html/chazak/731716158036.html
  saved data/html/chazak/731716158043.html
  saved data/html/chazak/610371733164.html
chazak: 471 pages (skipped 0 rows without URL)
  saved data/html/enday/840195601442.html
  saved data/html/enday/840195601473.html
  saved data/html/enday/840195602906.html
  saved data/html/enday/840195602920.html
  saved data/html/enday/840195602944.html
  saved data/html/enday/840195604566.html
  saved data/html/enday/840195606676.html
  saved data/html/enday/840195606683.html
  saved data/html/enday/840195606737.html
  saved data/html/enday/840195606881.html
  saved data/html/enday/840195607413.html
  saved data/html/enday/840195608328.html
  saved data/html/enday/840195617863.html
  saved data/html/enday/840195617887.html
  saved data/html/enday/840195617894.html
  saved data/html/enday/840195618594.html
  saved data/html/enday/840195618600.html
  saved data/html/enday/840195618617.html
  saved data/html/enday/840195619423.html
  saved data/html/enday/840195619430.html
  saved data/html/enday/840195680256.html
  saved data/html/enday/840195617870.html
  saved data/html/enday/840195600599.html
  saved data/html/enday/840195601459.html
  saved data/html/enday/840195605815.html
  saved data/html/enday/840195600544.html
  saved data/html/enday/840195605808.html
  saved data/html/enday/840195606874.html
  saved data/html/enday/840195604702.html
  saved data/html/enday/840195607512.html
  saved data/html/enday/840195619416.html
  saved data/html/enday/840195608939.html
  saved data/html/enday/840195606843.html
  saved data/html/enday/840195606867.html
  saved data/html/enday/840195600605.html
  saved data/html/enday/840195606829.html
  saved data/html/enday/840195686487.html
  saved data/html/enday/840195686470.html
  saved data/html/enday/840195686463.html
  saved data/html/enday/840195619409.html
  saved data/html/enday/840195602913.html
  saved data/html/enday/840195680508.html
  saved data/html/enday/840195602890.html
  saved data/html/enday/840195618587.html
  saved data/html/enday/840195606270.html
  saved data/html/enday/840195685268.html
  saved data/html/enday/840195606287.html
  saved data/html/enday/840195604214.html
  saved data/html/enday/840195601268.html
  saved data/html/enday/840195680522.html
  saved data/html/enday/840195680515.html
  saved data/html/enday/78910385944.html
  saved data/html/enday/78910434710.html
  saved data/html/enday/840195605235.html
  saved data/html/enday/840195606799.html
  saved data/html/enday/840195606805.html
  saved data/html/enday/840195606812.html
  saved data/html/enday/840195611816.html
  saved data/html/enday/840195611830.html
  saved data/html/enday/840195611854.html
  saved data/html/enday/840195611885.html
  saved data/html/enday/840195612202.html
  saved data/html/enday/840195612233.html
  saved data/html/enday/840195612257.html
  saved data/html/enday/840195681314.html
  saved data/html/enday/840195682489.html
  saved data/html/enday/840195682496.html
  saved data/html/enday/840195682502.html
  saved data/html/enday/840195605167.html
  saved data/html/enday/840195609585.html
  saved data/html/enday/840195605112.html
  saved data/html/enday/840195611878.html
  saved data/html/enday/840195605075.html
  saved data/html/enday/840195609066.html
  saved data/html/enday/840195605136.html
  saved data/html/enday/840195605143.html
  saved data/html/enday/840195611809.html
  saved data/html/enday/840195611892.html
  saved data/html/enday/840195605181.html
  saved data/html/enday/840195611847.html
  saved data/html/enday/840195605174.html
  saved data/html/enday/840195611823.html
  saved data/html/enday/840195620764.html
  saved data/html/enday/840195611861.html
  saved data/html/enday/840195605006.html
  saved data/html/enday/840195609592.html
  saved data/html/enday/652695705021.html
  saved data/html/enday/840195686074.html
  saved data/html/enday/840195686104.html
  saved data/html/enday/840195686067.html
  saved data/html/enday/840195686036.html
  saved data/html/enday/840195606775.html
  saved data/html/enday/840195605082.html
  saved data/html/enday/840195604689.html
  saved data/html/enday/840195685992.html
  saved data/html/enday/840195686012.html
  saved data/html/enday/840195605020.html
  saved data/html/enday/840195686029.html
  saved data/html/enday/840195686005.html
  saved data/html/enday/840195685961.html
  saved data/html/enday/840195685985.html
  saved data/html/enday/840195685954.html
  saved data/html/enday/840195685978.html
  saved data/html/enday/840195606836.html
  saved data/html/enday/840195686050.html
  saved data/html/enday/840195686043.html
  saved data/html/enday/840195605105.html
  saved data/html/enday/840195686098.html
  saved data/html/enday/840195686081.html
  saved data/html/enday/810019119286.html
  saved data/html/enday/840195612219.html
  saved data/html/enday/840195686371.html
  saved data/html/enday/840195686364.html
  saved data/html/enday/840195685374.html
  saved data/html/enday/840195604993.html
  saved data/html/enday/840195604962.html
  saved data/html/enday/840195604986.html
  saved data/html/enday/840195605129.html
  saved data/html/enday/840195605099.html
  saved data/html/enday/840195685831.html
  saved data/html/enday/840195685800.html
  saved data/html/enday/840195685817.html
  saved data/html/enday/840195685824.html
  saved data/html/enday/840195685664.html
  saved data/html/enday/840195612226.html
  saved data/html/enday/840195612240.html
  saved data/html/enday/840195686388.html
  saved data/html/enday/840195605013.html
  saved data/html/enday/840195685688.html
  saved data/html/enday/840195685947.html
  saved data/html/enday/840195619089.html
  saved data/html/enday/840195605150.html
  saved data/html/enday/840195685930.html
  saved data/html/enday/840195605068.html
  saved data/html/enday/840195619072.html
  saved data/html/enday/840195609103.html
  saved data/html/enday/840195604979.html
  saved data/html/enday/840195685923.html
  saved data/html/enday/840195605044.html
  saved data/html/enday/840195605037.html
  saved data/html/enday/840195686357.html
  saved data/html/enday/840195600209.html
  saved data/html/enday/840195600216.html
  saved data/html/enday/840195600223.html
  saved data/html/enday/840195600230.html
  saved data/html/enday/840195600247.html
  saved data/html/enday/840195608908.html
  saved data/html/enday/840195611755.html
  saved data/html/enday/840195604191.html
  saved data/html/enday/840195681673.html
  saved data/html/enday/840195681710.html
  saved data/html/enday/840195681727.html
  saved data/html/enday/840195681734.html
  saved data/html/enday/811902031531.html
  saved data/html/enday/765940822920.html
  saved data/html/enday/78484087138.html
  saved data/html/enday/840195600551.html
  saved data/html/enday/840195604153.html
  saved data/html/enday/840195604658.html
  saved data/html/enday/840195605822.html
  saved data/html/enday/840195605853.html
  saved data/html/enday/840195605860.html
  saved data/html/enday/840195618013.html
  saved data/html/enday/840195618020.html
  saved data/html/enday/840195618037.html
  saved data/html/enday/840195618044.html
  saved data/html/enday/840195681550.html
  saved data/html/enday/840195681802.html
  saved data/html/enday/811902039827.html
  saved data/html/enday/840195605839.html
  saved data/html/enday/840195601237.html
  saved data/html/enday/840195685251.html
  saved data/html/enday/840195606904.html
  saved data/html/enday/840195605846.html
  saved data/html/enday/840195611700.html
  saved data/html/enday/840195681345.html
  saved data/html/enday/840195613087.html
  saved data/html/enday/840195681413.html
  saved data/html/enday/840195681383.html
  saved data/html/enday/840195681420.html
  saved data/html/enday/840195681390.html
  saved data/html/enday/840195681369.html
  saved data/html/enday/840195681536.html
  saved data/html/enday/840195681437.html
  saved data/html/enday/840195681529.html
  saved data/html/enday/840195681376.html
  saved data/html/enday/840195681512.html
  saved data/html/enday/840195681406.html
  saved data/html/enday/194356038609.html
  saved data/html/enday/194356031686.html
  saved data/html/enday/194356093103.html
  saved data/html/enday/810019112416.html
  saved data/html/enday/840195603026.html
  saved data/html/enday/840195604733.html
  saved data/html/enday/840195604757.html
  saved data/html/enday/840195604764.html
  saved data/html/enday/840195607390.html
  saved data/html/enday/840195610789.html
  saved data/html/enday/840195610796.html
  saved data/html/enday/840195610819.html
  saved data/html/enday/840195610826.html
  saved data/html/enday/840195616828.html
  saved data/html/enday/840195616835.html
  saved data/html/enday/840195616842.html
  saved data/html/enday/840195616859.html
  saved data/html/enday/840195616866.html
  saved data/html/enday/840195617061.html
  saved data/html/enday/840195617320.html
  saved data/html/enday/840195617375.html
  saved data/html/enday/840195617405.html
  saved data/html/enday/840195617443.html
  saved data/html/enday/840195617474.html
  saved data/html/enday/840195618327.html
  saved data/html/enday/840195618358.html
  saved data/html/enday/840195618365.html
  saved data/html/enday/840195618389.html
  saved data/html/enday/840195618396.html
  saved data/html/enday/840195618419.html
  saved data/html/enday/840195618464.html
