/Users/shloimy/Library/Python/3.9/lib/python/site-packages/urllib3/__init__.py:35: NotOpenSSLWarning: urllib3 v2 only supports OpenSSL 1.1.1+, currently the 'ssl' module is compiled with 'LibreSSL 2.8.3'. See: https://github.com/urllib3/urllib3/issues/3020
  warnings.warn(
  [1/382] 764608006221 -> Compact Stand-Up Standard (26/6) Stapler
  [2/382] 764608006047 -> Mini Pastel Color Standard (26/6) Staple
  [3/382] 764608006016 -> Mini Pastel Color Standard (26/6) Staple
  [4/382] 764608006801 -> Metal Full Strip Stapler Set
  [5/382] 764608006009 -> Mini Pastel Color Standard (26/6) Staple
  [6/382] 764608006993 -> Office Desktop Stapler Set
  [7/382] 764608006214 -> Mini Pastel Color Standard (26/6) Staple
  [8/382] 764608006238 -> Compact Stand-Up Standard (26/6) Stapler
  [9/382] 764608006979 -> BAZIC Products | One Stop Source for You
  [10/382] 764608005118 -> 50 Ct. Spiral Bound 3" X 5" Ruled Colore
  [11/382] 764608050460 -> #6 3/4 White Envelopes w/ Gummed Closure
  [12/382] 636160117519 -> Reusable Dry Erase Pockets with Marker H
  [13/382] 764608003213 -> 12" (30cm) Wooden Ruler
  [14/382] 764608170052 -> Nova Blue Color Stick Pen (12/Box)
  [15/382] 764608170045 -> Nova Black Color Stick Pen (12/Pack)
  [16/382] 764608009512 -> 1.88" X 720" (20 Yards) General Purpose 
  [17/382] 764608038130 -> 8.5" X 11" Full Sheet White Multipurpose
  [18/382] 764608008416 -> Clear Multipurpose Utility Box
  [19/382] 764608031285 -> 1" Pastel Color Poly 3-Ring Binder w/ Po
  [20/382] 764608031421 -> 1/2" White 3-Ring View Binder w/ 2-Pocke
  [21/382] 764608038093 -> Gold Foil Number Label (378/Pack)
  [22/382] 764608050453 -> 30 Ct. 8.5" X 11" Side Bound Spiral Sket
  [23/382] 764608018064 -> Push Pin, Paper Clip, Binder Clip, Magne
  [24/382] 764608007655 -> Next 12 Colored Pencils
  [25/382] 764608039212 -> 0.17 FL OZ (5 mL) 18 Color Kid's Paint w
  [26/382] 764608060100 -> 8.5" X 11" Dry Erase / Cork Combo Board 
  [27/382] 764608031117 -> 1" Asst. Pastel Color 3-Ring View Binder
  [28/382] 764608031964 -> Elite Letter Size Clear Document Holders
  [29/382] 764608005460 -> 100 Ct. 5" X 7" Poly Cover Personal / As
  [30/382] 764608008126 -> Translucent Slider Pencil Case w/ PDQ Di
  [31/382] 764608060919 -> Reusable Dry Erase Pockets with Marker H
  [32/382] 764608006085 -> 5000 Ct. Standard (26/6) Staples
  [33/382] 764608060070 -> Ergonomic Magnetic Whiteboard Eraser
  [34/382] 764608051719 -> 25 Ct. 0.5" X 1.7" Neon Color Arrow Flag
  [35/382] 764608050491 -> #10 Security Envelopes w/ Gummed Closure
  [36/382] 764608041239 -> 1/2" Red 3-Ring View Binder w/ 2-Pockets
  [37/382] 764608041208 -> 1" Burgundy 3-Ring View Binder w/ 2-Pock
  [38/382] 764608038109 -> White Round Reinforcement Label (544/Pac
  [39/382] 764608038086 -> 1" X 2 5/8" White Address Labels (300/Pa
  [40/382] 764608038055 -> 1" X 2 5/8" White Address Labels (300/Pa
  [41/382] 764608032022 -> Portable 3-Hole Paper Punch
  [42/382] 764608031988 -> Poly Project Envelopes (5/Pack)
  [43/382] 764608031834 -> Asst. Color 8-Pocket Folder
  [44/382] 764608031520 -> Clear A4/Letter Size Zip Envelope
  [45/382] 764608031452 -> Glossy Laminated 2-Pocket Portfolios w/ 
  [46/382] 764608031308 -> Medium 1 1/4" (32mm) Black Binder Clip (
  [47/382] 764608031254 -> 100 Ct. Fashion Poly Cover 3" x 5" Ruled
  [48/382] 764608003046 -> Semicircular 6" Protractor
  [49/382] 764608030219 -> 56 Function Scientific Calculator w/ Fli
  [50/382] 764608022054 -> Pink Bevel Eraser (4/Pack)
  [51/382] 764608002131 -> 1" Assorted Color Metal Book Rings (10/P
  [52/382] 764608020906 -> 3.9" x 0.27" Dual Temp. Mini Hot Melt Gl
  [53/382] 764608005248 -> 2" White Slant-D Ring View Binder w/ 2-P
  [54/382] 764608034354 -> Natural Craft Stick (1000/Box)
  [55/382] 764608002612 -> Large 2" (51mm) Assorted Color Binder Cl
  [56/382] 764608005170 -> 50 Ct. Spiral Bound 3" X 5" Ruled Colore
  [57/382] 764608005347 -> Multiplication Flash Cards (36/Pack)
  [58/382] 764608005989 -> 50 Ct. 8.5" X 11.75" White Perforated Wr
  [59/382] 764608007389 -> BAZIC Products | One Stop Source for You
  [60/382] 764608007938 -> 5 Oz. Multi Color Modeling Dough (3/Pack
  [61/382] 764608017180 -> Scentscribers Scented 6-Color Pen
  [62/382] 764608018057 -> Standard Size Hardboard Clipboard w/ Stu
  [63/382] 764608022238 -> Two-Tone Eraser (4/Pack)
  [64/382] 764608023150 -> Fruit Scented Highlighters (3/Pack)
  [65/382] 764608030011 -> 8-Digit Silver Desktop Calculator w/ Ton
  [66/382] 764608030127 -> 8-Digit Silver Desktop Calculator w/ Ton
  [67/382] 764608031599 -> Glossy Laminated 2-Pocket Portfolios w/ 
  [68/382] 764608031797 -> Translucent 13-Pocket Letter Size Poly E
  [69/382] 764608038031 -> BAZIC Products | One Stop Source for You
  [70/382] 764608050170 -> Key Tag with Label Window (8/Pack)
  [71/382] 764608050255 -> Key Tag with Label Window (8/Pack)
  [72/382] 764608051702 -> 25 Ct. 0.5" X 1.7" Neon Color Arrow Flag
  [73/382] 764608060063 -> Ergonomic Magnetic Whiteboard Eraser
  [74/382] 764608061107 -> 2 Oz./ 56.70 g Assorted Sizes and Colors
  [75/382] 764608170663 -> Assorted Color & Shape Foam Pencil / Pen
  [76/382] 764608002681 -> Large 2" (51mm) Assorted Color Binder Cl
  [77/382] 764608005484 -> Alphabet Sticker Book
  [78/382] 764608005699 -> 100 Ct. 4-1" Quad-Ruled Filler Paper
  [79/382] 764608007471 -> Sports Multi-Point Pencil (8/Pack)
  [80/382] 764608009284 -> 1.88" X 109.3 Yards Clear Packaging Tape
  [81/382] 764608012093 -> Black Fine Tip Permanent Markers w/ Pock
  [82/382] 764608012376 -> 6 Metallic Colors Markers
  [83/382] 764608016152 -> Metal Tip Correction Pen & Correction Fl
  [84/382] 764608019177 -> Chloe Sharpener + Eraser
  [85/382] 764608022061 -> Neon Eraser Cap (120/Box)
  [86/382] 764608023303 -> Yellow Erasable Highlighters (3/Pack)
  [87/382] 764608027110 -> 3" Round 2x Handheld Magnifier & 4x Bifo
  [88/382] 764608032008 -> Single Hole Paper Punch
  [89/382] 764608034606 -> 6.76 FL OZ (200 mL) Cosmic Series Glitte
  [90/382] 764608039816 -> Flat Natural Bristle Paint Brush (9/Pack
  [91/382] 764608044414 -> 8" Classic Stainless Steel Scissors
  [92/382] 764608050217 -> Key Tag with Label Window (8/Pack)
  [93/382] 764608050545 -> 180 Ct. 4" X 5.5" Spiral Fat Book
  [94/382] 764608051023 -> 80 Ct. 3" X 3" Neon Sticky Notes
  [95/382] 764608054710 -> BAZIC Products | One Stop Source for You
  [96/382] 764608170496 -> 10 Color Retractable Pen
  [97/382] 764608002223 -> Magnetic Paper Clips Holder w/ Asst. Col
  [98/382] 764608003251 -> 12" (30cm) Stainless Steel Ruler w/ Non 
  [99/382] 764608005125 -> 22" X 28" White Poster Board
  [100/382] 764608005712 -> BAZIC Products | One Stop Source for You
  [101/382] 764608008461 -> Clear Multipurpose Utility Box
  [102/382] 764608012468 -> Black Fine Tip Permanent Markers w/ Pock
  [103/382] 764608018033 -> Push Pin, Paper Clip, Binder Clip, Magne
  [104/382] 764608028070 -> Scale-Arm Compass w/ #2 Wood Pencil & 6"
  [105/382] 764608030097 -> 8-Digit Dual Power Pocket Size Calculato
  [106/382] 764608031056 -> Clear A4/Letter Size Zip Envelope
  [107/382] 764608032039 -> Desktop 3-Hole Paper Punch
  [108/382] 764608039878 -> Asst. Size Kid's Paint Brush Set (9/Pack
  [109/382] 764608050156 -> BAZIC Products | One Stop Source for You
  [110/382] 764608050231 -> Key Tag with Label Window (8/Pack)
  [111/382] 764608050682 -> #10 Security Envelopes w/ Gummed Closure
  [112/382] 764608051054 -> 80 Ct. 3" X 3" Neon Sticky Notes
  [113/382] 764608051559 -> 25 Ct. 0.5" X 1.7" Neon Color Arrow Flag
  [114/382] 764608054949 -> C/R 100 Ct. Paisley Composition Book
  [115/382] 764608002070 -> Assorted Translucent Color Push Pins (10
  [116/382] 764608004524 -> Student Math Tool Sets
  [117/382] 764608005194 -> 50 Ct. Spiral Bound 3" X 5" Ruled Colore
  [118/382] 764608005385 -> C/R 70 Ct. 1-Subject Spiral Notebook
  [119/382] 764608005637 -> 100 Ct. Quad-Ruled 4-1" Spiral Notebook
  [120/382] 764608008027 -> Translucent Slider Pencil Case w/ PDQ Di
  [121/382] 764608008393 -> Translucent Slider Pencil Case w/ PDQ Di
  [122/382] 764608009062 -> 1" Core Heavy Duty Desktop Tape Dispense
  [123/382] 764608012260 -> Washable Dot Marker
  [124/382] 764608015001 -> Essence Asst. Color Gel Pen w/ Cushion G
  [125/382] 764608017388 -> BAZIC Products | One Stop Source for You
  [126/382] 764608018125 -> BAZIC Products | One Stop Source for You
  [127/382] 764608022047 -> Neon Eraser Cap (120/Box)
  [128/382] 764608023198 -> Yellow Desk Style Fluorescent Highlighte
  [129/382] 764608030035 -> 56 Function Scientific Calculator w/ Fli
  [130/382] 764608031001 -> 1/3 Cut Letter Size Manila File Folder (
  [131/382] 764608031193 -> Coupon / Check Size String Envelope (3/P
  [132/382] 764608031322 -> 1/2" White 3-Ring View Binder w/ 2-Pocke
  [133/382] 764608031889 -> Clear A4/Letter Size Zip Envelope
  [134/382] 764608050194 -> Key Tag with Label Window (8/Pack)
  [135/382] 764608050446 -> 30 Ct. 9" X 12" Top Bound Spiral Sketch 
  [136/382] 764608051313 -> 80 Ct. 3" X 3" Neon Sticky Notes
  [137/382] 764608054604 -> BLUEY Coloring Book
  [138/382] 764608060131 -> 11" X 14" CLASSIQUE Magnetic Dry Erase C
  [139/382] 764608002230 -> Magnetic Paper Clips Holder w/ Asst. Col
  [140/382] 764608003039 -> Assorted Color Semicircular 6" Protracto
  [141/382] 764608003381 -> 6" (15cm) Plastic Ruler (3/Pack)
  [142/382] 764608005149 -> 100 Ct. 4-1" Quad-Ruled Filler Paper
  [143/382] 764608005323 -> Multiplication Flash Cards (36/Pack)
  [144/382] 764608005576 -> 100 Ct. 3" X 5" Ruled White Index Card
  [145/382] 764608005972 -> 50 Ct. 8.5" X 11.75" White Perforated Wr
  [146/382] 764608006207 -> Mini Standard (26/6) Stapler w/ 500 Ct. 
  [147/382] 764608007921 -> 12 Ct. 0.9 mm Ceramics High-Quality Mech
  [148/382] 764608008164 -> Translucent Slider Pencil Case w/ PDQ Di
  [149/382] 764608012178 -> Black Chisel Tip Jumbo Permanent Markers
  [150/382] 764608012482 -> Black Fine Tip Permanent Markers w/ Pock
  [151/382] 764608021729 -> Two Tone 2-Pocket Poly Portfolio
  [152/382] 764608028087 -> Scale-Arm Compass w/ #2 Wood Pencil & 6"
  [153/382] 764608031087 -> Top Loading 9-Pockets Trading Card Holde
  [154/382] 764608031292 -> 10-Pockets Presentation Book
  [155/382] 764608031575 -> 2-Pocket Poly Portfolio w/ View Cover
  [156/382] 764608038024 -> 8.5" X 11" Full Sheet White Multipurpose
  [157/382] 764608039991 -> Round 10-Mixing Palette
  [158/382] 764608050163 -> Key Tag with Label Window (8/Pack)
  [159/382] 764608050248 -> Key Tag with Label Window (8/Pack)
  [160/382] 764608050743 -> 50 Sets 7 1/2" x 2 3/4" 2-Part Carbonles
  [161/382] 764608060025 -> 4 oz White Board Cleaner
  [162/382] 764608061022 -> 2 Oz./ 56.70 g Assorted Sizes and Colors
  [163/382] 764608170632 -> Assorted Color & Shape Foam Pencil / Pen
  [164/382] 764608002148 -> Assorted Size Metal Book Rings (10/Pack)
  [165/382] 764608002698 -> Large 2" (51mm) Assorted Color Binder Cl
  [166/382] 764608003206 -> 12" (30cm) Stainless Steel Ruler w/ Non 
  [167/382] 764608005101 -> 50 Ct. White Multipurpose Paper
  [168/382] 764608005491 -> Multiplication Flash Cards (36/Pack)
  [169/382] 764608007204 -> BAZIC Products | One Stop Source for You
  [170/382] 764608008072 -> Double Zipper 3-Ring Pencil Pouch w/ Mes
  [171/382] 764608009307 -> 1" X 60" Double Sided Clear Mounting Tap
  [172/382] 764608012109 -> Black Fine Tip Permanent Markers w/ Pock
  [173/382] 764608012420 -> Black Double-Tip Permanent Markers (2/Pa
  [174/382] 764608022115 -> Dot.ted Retractable Stick Erasers (2/Pac
  [175/382] 764608028063 -> Scale-Arm Compass w/ #2 Wood Pencil
  [176/382] 764608030080 -> 8-Digit Silver Desktop Calculator w/ Ton
  [177/382] 764608031261 -> 1/2" White 3-Ring View Binder w/ 2-Pocke
  [178/382] 764608031728 -> Elite Letter Size Clear Document Holders
  [179/382] 764608039823 -> Round Natural Hair Paint Brush (5/Pack)
  [180/382] 764608050224 -> Key Tag with Label Window (8/Pack)
  [181/382] 764608050668 -> #10 Security Envelopes w/ Gummed Closure
  [182/382] 764608051047 -> 80 Ct. 3" X 3" Neon Sticky Notes
  [183/382] 764608054765 -> 100 Ct. 5" X 7" Poly Cover Personal / As
  [184/382] 764608061008 -> 2 Oz./ 56.70 g Assorted Sizes and Colors
  [185/382] 64608005163 -> 100 Ct. 3" X 5" Ruled White Index Card
  [186/382] 764608002124 -> 1" Assorted Color Metal Book Rings (10/P
  [187/382] 764608003169 -> 12" (30cm) Stainless Steel Ruler w/ Non 
  [188/382] 764608005019 -> BAZIC Products | One Stop Source for You
  [189/382] 764608005231 -> BAZIC Products | One Stop Source for You
  [190/382] 764608005477 -> 30 Ct. 9" X 12" Tracing Paper Pad
  [191/382] 764608005644 -> W/R 80 Ct. 1-Subject Wireless Notebook
  [192/382] 764608012062 -> Black Fine Tip Permanent Markers w/ Pock
  [193/382] 764608015025 -> Essence Asst. Color Gel Pen w/ Cushion G
  [194/382] 764608017494 -> Royal Assorted Color Rollerball Pen (3/P
  [195/382] 764608018132 -> Standard Size Hardboard Clipboard w/ Stu
  [196/382] 764608027073 -> 2x Magnifier Sets (3/Pack)
  [197/382] 764608031216 -> 1.5" White 3-Ring Binder w/ 2-Pockets
  [198/382] 764608031339 -> 1.5" White 3-Ring Binder w/ 2-Pockets
  [199/382] 764608031704 -> Translucent Swing Lock Report Cover
  [200/382] 764608038079 -> 1" X 2 5/8" White Address Labels (300/Pa
  [201/382] 764608039809 -> Round Natural Hair Paint Brush (5/Pack)
  [202/382] 764608050200 -> Key Tag with Label Window (8/Pack)
  [203/382] 764608051320 -> 80 Ct. 3" X 3" Neon Sticky Notes
  [204/382] 764608054703 -> Kids Lap Tray
  [205/382] 764608060155 -> 4 oz White Board Cleaner
  [206/382] 764608002056 -> Magnetic Paper Clips Holder w/ Asst. Col
  [207/382] 764608002629 -> Large 2" (51mm) Assorted Color Binder Cl
  [208/382] 764608003053 -> 20mm Size Lettering Stencil Ruler Sets (
  [209/382] 764608004517 -> Student Math Tool Sets
  [210/382] 764608005187 -> 50 Ct. 4" X 6" Top Bound Spiral Memo Boo
  [211/382] 764608005378 -> C/R 70 Ct. 1-Subject Spiral Notebook
  [212/382] 764608008379 -> Double Deck Organizer Box
  [213/382] 764608009802 -> 1" X 60" Double Sided Clear Mounting Tap
  [214/382] 764608022016 -> Rainbow Eraser (4/Pack)
  [215/382] 764608031827 -> 3" X 5" Index Card Case w/ 5-Tab Divider
  [216/382] 764608034095 -> Flat Natural Bristle Paint Brush (9/Pack
  [217/382] 764608038048 -> Assorted Color Foil Star Label (660/Pack
  [218/382] 764608039113 -> 48 Ct. Watercolor w/ Brush
  [219/382] 764608050187 -> Key Tag with Label Window (8/Pack)
  [220/382] 764608050262 -> Key Tag with Label Window (8/Pack)
  [221/382] 764608050767 -> 50 Sets 5 9/16" x 8 7/16" 2-Part Carbonl
  [222/382] 764608001127 -> Steel Top Multipurpose Cutter
  [223/382] 764608002032 -> Magnetic Paper Clips Holder w/ Asst. Col
  [224/382] 764608002063 -> Assorted Translucent Color Push Pins (10
  [225/382] 764608004531 -> Back To School Kit
  [226/382] 764608005163 -> 100 Ct. 3" X 5" Ruled White Index Card
  [227/382] 764608005293 -> 22" X 28" White Poster Board
  [228/382] 764608005736 -> #6 3/4 Self-Seal Security Envelopes (55/
  [229/382] 764608005750 -> #10 Security Envelopes w/ Gummed Closure
  [230/382] 764608005781 -> 100 Ct. 4-1" Quad-Ruled Filler Paper
  [231/382] 764608005996 -> 17" X 22" Undated 12-Month Desk Pad Cale
  [232/382] 764608006092 -> 5000 Ct. Standard (26/6) Staples
  [233/382] 764608007020 -> Electra 0.7 mm Mechanical Pencil with Gr
  [234/382] 764608007556 -> Diamante 0.5 mm Mechanical Pencil w/ Gri
  [235/382] 764608007907 -> 12 Ct. 0.9 mm Ceramics High-Quality Mech
  [236/382] 764608008010 -> Dual Hole Metal Pencil Sharpener (3/Pack
  [237/382] 764608009109 -> 1.88" X 10 Yards Silver Duct Tape
  [238/382] 764608012161 -> Assorted Colors Chisel Tip Desk Style Pe
  [239/382] 764608012642 -> 12 Classic Colors Fine Line Washable Mar
  [240/382] 764608012802 -> 6 Fluorescent Colors Dual Tip Sketch Mar
  [241/382] 764608017203 -> Palm Mini Ballpoint Pen w/ Key Ring (5/P
  [242/382] 764608017470 -> Scentscribers Scented 6-Color Pen
  [243/382] 764608017524 -> Pure Red Stick Pen (12/Pack)
  [244/382] 764608017531 -> 12 Pastel Color Collorelli Gel Pen
  [245/382] 764608017883 -> Palm Mini Ballpoint Pen w/ Key Ring (5/P
  [246/382] 764608018309 -> BAZIC Products | One Stop Source for You
  [247/382] 764608020944 -> 7.87" x 0.43" Dual Temp. Full Size Hot M
  [248/382] 764608021323 -> Standard Weight Top Loading Sheet Protec
  [249/382] 764608021385 -> 2-Pocket Poly Portfolio w/ Side Loading 
  [250/382] 764608021507 -> Canary Paper Dividers w/ 5-Insertable Co
  [251/382] 764608023235 -> Fruit Scented Mini Highlighters (6/Pack)
  [252/382] 764608028056 -> Metal Ball Bearing Compass w/ #2 Wood Pe
  [253/382] 764608031070 -> Dividers w/ 10-Color Tabs
  [254/382] 764608031148 -> Pockets Dividers w/ 5-Insertable Color T
  [255/382] 764608031636 -> Poly 8 Pocket Organizer
  [256/382] 764608031667 -> Clear A4/Letter Size Zip Envelope
  [257/382] 764608031957 -> V-Flap Legal Size Document Holder
  [258/382] 764608031971 -> Clear Front Report Covers w/ Sliding Bar
  [259/382] 764608033524 -> 2 Oz. Primary Colors Air Dry Modeling Cl
  [260/382] 764608038215 -> 2" Alphabet & Numbers Stickers (72/Pack)
  [261/382] 764608038222 -> 2" Alphabet & Numbers Stickers (72/Pack)
  [262/382] 764608038246 -> 1" Multicolor Alphabet & Numbers Sticker
  [263/382] 764608038277 -> 2" Alphabet & Numbers Stickers (72/Pack)
  [264/382] 764608039007 -> 12 Classic Colors Fine Line Washable Mar
  [265/382] 764608039830 -> Flat Natural Bristle Paint Brush (9/Pack
  [266/382] 764608039847 -> Flat Natural Bristle Paint Brush (9/Pack
  [267/382] 764608040010 -> Wrist Coil w/ Key Holder (4/Pack)
  [268/382] 764608040027 -> Key Tags with Holder & Label Window (6/P
  [269/382] 764608040034 -> Key Tag with Label Window (8/Pack)
  [270/382] 764608040041 -> Key Tags with Holder & Label Window (6/P
  [271/382] 764608044308 -> BAZIC Products | One Stop Source for You
  [272/382] 764608044322 -> BAZIC Products | One Stop Source for You
  [273/382] 764608044421 -> 7" Classic Grip Stainless Steel Scissor
  [274/382] 764608050279 -> 22" X 28" White Poster Board
  [275/382] 764608050286 -> BAZIC Products | One Stop Source for You
  [276/382] 764608050323 -> BAZIC Products | One Stop Source for You
  [277/382] 764608050378 -> BAZIC Products | One Stop Source for You
  [278/382] 764608050569 -> BAZIC Products | One Stop Source for You
  [279/382] 764608050880 -> 4-1" Quad-Ruled 100 Ct. Composition Book
  [280/382] 764608054154 -> BAZIC Products | One Stop Source for You
  [281/382] 764608054161 -> BAZIC Products | One Stop Source for You
  [282/382] 764608054925 -> C/R 100 Ct. Paisley Composition Book
  [283/382] 764608060056 -> 12 Color & 12 White Chalk w/ Eraser Set
  [284/382] 764608060216 -> 11" X 14" CLASSIQUE Magnetic Dry Erase C
  [285/382] 764608068007 -> Natural Craft Stick (100/Pack)
  [286/382] 764608170618 -> Spyder FUSE Tech Ink Retractable Pen (4/
  [287/382] 764608002292 -> Brass (Gold) Thumb Tack (200/Pack)
  [288/382] 764608005040 -> 50 Ct. 4" X 6" Top Bound Spiral Memo Boo
  [289/382] 764608005354 -> Division Flash Cards (36/Pack)
  [290/382] 764608008508 -> Clear Multipurpose Utility Box
  [291/382] 764608009796 -> 1.88" X 10 Yards Silver Duct Tape
  [292/382] 764608017166 -> 10 Color Retractable Pen
  [293/382] 764608021408 -> Paisley 2-Pocket Portfolios
  [294/382] 764608022511 -> Princess Bash 3D Eraser Sets
  [295/382] 764608029015 -> 17.5" X 5' Clear Self Adhesive Book Cove
  [296/382] 764608031803 -> Two Tone Letter Size Document Case
  [297/382] 764608033500 -> 2 Oz. Primary Colors Air Dry Modeling Cl
  [298/382] 764608038147 -> 2" Gold Foil Notary/Certificate Seal Lab
  [299/382] 764608038611 -> 2" Alphabet & Numbers Stickers (72/Pack)
  [300/382] 764608041000 -> 1/2" White 3-Ring View Binder w/ 2-Pocke
  [301/382] 764608054185 -> BAZIC Products | One Stop Source for You
  [302/382] 764608170519 -> 12 Pastel Color Collorelli Gel Pen
  [303/382] 764608007464 -> Sports Multi-Point Pencil (8/Pack)
  [304/382] 764608009604 -> 1.88" X 3 Yards Glitter Tape
  [305/382] 764608012208 -> 10 Colors Broad Line Mini Washable Marke
  [306/382] 764608027134 -> Asstd Color 3" Round 2X Handheld Magnifi
  [307/382] 764608038734 -> Alphabet Sticker Book
  [308/382] 764608044100 -> 5" Kids Training Scissors
  [309/382] 764608050477 -> #10 White Envelopes w/ Gummed Closure (5
  [310/382] 764608050675 -> #10 White Envelopes w/ Gummed Closure (5
  [311/382] 764608054963 -> BAZIC Products | One Stop Source for You
  [312/382] 764608002308 -> Nickel (Silver) Thumb Tack (200/Pack)
  [313/382] 764608005071 -> C/R 70 Ct. 1-Subject Spiral Notebook
  [314/382] 764608005446 -> Numbers Flash Cards (36/Pack)
  [315/382] 764608005774 -> 80 Ct. 6" X 9" White Paper Gregg Ruled S
  [316/382] 764608017173 -> 10 Color Retractable Pen
  [317/382] 764608038185 -> 1" X 2 5/8" White Address Labels (300/Pa
  [318/382] 764608038642 -> 2" Alphabet & Numbers Stickers (72/Pack)
  [319/382] 764608044131 -> BAZIC Products | One Stop Source for You
  [320/382] 764608050309 -> BAZIC Products | One Stop Source for You
  [321/382] 764608050965 -> C/R 100 Ct. Paisley Composition Book
  [322/382] 764608060124 -> 5" X 7" Dry Erase Board w/ Marker
  [323/382] 764608170540 -> Bright Colors Fine Tip Permanent Markers
  [324/382] 764608003022 -> 8, 10, 20, 30 mm Size Lettering Stencil 
  [325/382] 764608009123 -> 3/4" X 500" Transparent Tape (3/Pack)
  [326/382] 764608017944 -> Optima Assorted Color FUSE Tech Ink Retr
  [327/382] 764608022023 -> Neon Eraser Cap (120/Box)
  [328/382] 764608038659 -> Jumbo Reward Sticker Book
  [329/382] 764608044148 -> 5" Kids Training Scissors
  [330/382] 764608050316 -> 22" X 28" Pink Poster Board
  [331/382] 764608050552 -> BAZIC Products | One Stop Source for You
  [332/382] 764608051030 -> 80 Ct. 3" X 3" Neon Sticky Notes
  [333/382] 764608054727 -> BAZIC Products | One Stop Source for You
  [334/382] 764608002155 -> 1" Assorted Color Metal Book Rings (10/P
  [335/382] 764608005330 -> Multiplication Flash Cards (36/Pack)
  [336/382] 764608034828 -> 2 oz (56.6g) Neon Color Glitter Shaker
  [337/382] 764608038604 -> 2" Alphabet & Numbers Stickers (72/Pack)
  [338/382] 764608038741 -> Jumbo Reward Sticker Book
  [339/382] 764608044117 -> 7" Classic Grip Stainless Steel Scissor
  [340/382] 764608054178 -> BAZIC Products | One Stop Source for You
  [341/382] 764608060421 -> 20" x 30" RUSTIQUE Wood Frame Magnetic C
  [342/382] 764608170366 -> BAZIC Products | One Stop Source for You
  [343/382] 764608005521 -> 75mm X 75mm 300 Ct. Color Paper Cube w/ 
  [344/382] 764608007372 -> Spinner Top Eraser 0.7 mm  Mechanical Pe
  [345/382] 764608016213 -> Metal Tip Correction Pen & Correction Fl
  [346/382] 764608020920 -> 3.9" x 0.27" Dual Temp. Mini Hot Melt Gl
  [347/382] 764608023419 -> Fruit Scented Highlighters (3/Pack)
  [348/382] 764608034415 -> 2 oz (56.6g) Neon Color Glitter Shaker
  [349/382] 764608038710 -> Jumbo Reward Sticker Book
  [350/382] 764608051436 -> 80 Ct. 1" X 3" Neon Page Markers (6/Pack
  [351/382] 764608170670 -> Frizz Blue Erasable Gel Pen (2/Pack)
  [352/382] 764608002049 -> No.1 Regular (33mm) Color Paper Clips (2
  [353/382] 764608005507 -> 30 Ct. 9" X 12" Top Bound Spiral Sketch 
  [354/382] 764608007167 -> #2 The First Jumbo Premium Yellow Pencil
  [355/382] 764608009215 -> 1.88" X 109.3 Yards Clear Packaging Tape
  [356/382] 764608013014 -> Magnetic Locker Mirror
  [357/382] 764608018026 -> BAZIC Products | One Stop Source for You
  [358/382] 764608039854 -> All Purpose Paint Brush (15/Pack)
  [359/382] 764608054901 -> 4-1" Quad-Ruled 100 Ct. Composition Book
  [360/382] 764608002094 -> Assorted Color Round Push Pins (80/Pack)
  [361/382] 764608003367 -> 100 Ct. 3" X 5" Ruled White Index Card
  [362/382] 764608005200 -> 100 Ct. 3" X 5" Ruled White Index Card
  [363/382] 764608007396 -> Diamante 0.5 mm Mechanical Pencil w/ Gri
  [364/382] 764608022160 -> Dot.ted Retractable Stick Erasers (2/Pac
  [365/382] 764608025079 -> 12 Color Twist-Up Propelling Crayons
  [366/382] 764608038253 -> 1" Multicolor Alphabet & Numbers Sticker
  [367/382] 764608050651 -> 6" x 9" Self-Seal White Envelope (6/Pack
  [368/382] 764608054932 -> 4-1" Quad-Ruled 100 Ct. Composition Book
  [369/382] 764608012451 -> Black Fine Tip Permanent Markers w/ Pock
  [370/382] 764608005729 -> BAZIC Products | One Stop Source for You
  [371/382] 764608060117 -> 5" X 7" Dry Erase Board w/ Marker
  [372/382] 764608034835 -> 2 oz (56.6g) Neon Color Glitter Shaker
  [373/382] 764608022504 -> Snack Shop 3D Eraser Sets
  [374/382] 764608009505 -> 1.88" X 720" (20 Yards) General Purpose 
  [375/382] 764608007105 -> Metro 0.7 mm Mechanical Pencil w/ Cerami
  [376/382] 764608051535 -> 25 Ct. 0.5" X 1.7" Neon Color Arrow Flag
  [377/382] 764608082003 -> #6 3/4 Self-Seal White Envelopes (65/Pac
  [378/382] 764608082010 -> #6 3/4 Self-Seal Security Envelopes (55/
  [379/382] 764608170649 -> Frizz Blue Erasable Gel Pen (2/Pack)
  [380/382] 764608002513 -> 1" Brass-Plated Fasteners (100/Pack)
  [381/382] 764608050293 -> BAZIC Products | One Stop Source for You
  [382/382] 764608050576 -> Key Tag with Label Window (8/Pack)
Done: /Users/shloimy/Documents/GitHub/toys4u2/data/extracted/bazic.csv (382/382 with data), images in /Users/shloimy/Documents/GitHub/toys4u2/data/images/bazic
