/Users/shloimy/Library/Python/3.9/lib/python/site-packages/urllib3/__init__.py:35: NotOpenSSLWarning: urllib3 v2 only supports OpenSSL 1.1.1+, currently the 'ssl' module is compiled with 'LibreSSL 2.8.3'. See: https://github.com/urllib3/urllib3/issues/3020
  warnings.warn(
[1/60] UPC=714043011922 HI HO! CHERRY-O
  OK: Winning Moves Games: Pass The Pigs
[2/60] UPC=714043012103 CLUE SUSPECT
  OK: Winning Moves Games: Pass The Pigs
[3/60] UPC=714043012226 Pretty Pretty Princess
  OK: Winning Moves Games: Pass The Pigs
[4/60] UPC=714043012363 Tile Up
  OK: Winning Moves Games: Pass The Pigs
[5/60] UPC=714043010918 No Stress Chess
  OK: Winning Moves Games: Pass The Pigs
[6/60] UPC=714043011434 Tile Lock Scrabble
  OK: Winning Moves Games: Pass The Pigs
[7/60] UPC=714043011786 Classic Twister
  OK: Winning Moves Games: Pass The Pigs
[8/60] UPC=714043011953 Classic Chutes and Ladders
  OK: Winning Moves Games: Pass The Pigs
[9/60] UPC=714043012288 FLINCH CARD GAME
  OK: Winning Moves Games: Pass The Pigs
[10/60] UPC=714043011373 Clue The Classic Edition
  OK: Winning Moves Games: Pass The Pigs
[11/60] UPC=714043011656 SUPER BIG BOGGLE
  OK: Winning Moves Games: Pass The Pigs
[12/60] UPC=714043011892 Candy Land 65th Anniversary
  OK: Winning Moves Games: Pass The Pigs
[13/60] UPC=714043012042 THE GAME IS BONKERS
  OK: Winning Moves Games: Pass The Pigs
[14/60] UPC=714043012172 MONOPOLY CARD GAME
  OK: Winning Moves Games: Pass The Pigs
[15/60] UPC=714043012332 DOUBLE TROUBLE
  OK: Winning Moves Games: Pass The Pigs
[16/60] UPC=714043011205 CARD GAME SCATTERGORIES
  OK: Winning Moves Games: Pass The Pigs
[17/60] UPC=714043011465 Crocodile Dentist
  OK: Winning Moves Games: Pass The Pigs
[18/60] UPC=714043011809 AGGRAVATION
  OK: Winning Moves Games: Pass The Pigs
[19/60] UPC=714043010871 PAYDAY
  OK: Winning Moves Games: Pass The Pigs
[20/60] UPC=714043011427 SCATTERGORIES
  OK: Winning Moves Games: Pass The Pigs
[21/60] UPC=714043011762 Classic Trouble
  OK: Winning Moves Games: Pass The Pigs
[22/60] UPC=714043012110 PICTUREKA CARD GAME
  OK: Winning Moves Games: Pass The Pigs
[23/60] UPC=714043012233 KOZO GAME
  OK: Winning Moves Games: Pass The Pigs
[24/60] UPC=714043011403 The Game of Life Classic Edition
  OK: Winning Moves Games: Pass The Pigs
[25/60] UPC=714043011670 Classic Yahtzee
  OK: Winning Moves Games: Pass The Pigs
[26/60] UPC=714043011915 Guess Who?
  OK: Winning Moves Games: Pass The Pigs
[27/60] UPC=714043012066 GAME OF THE STATES
  ERROR: Page.goto: net::ERR_ADDRESS_UNREACHABLE at https://www.winning-moves.com/pc_combined_results.asp?tab=style
Call log:
  - navigating to "https://www.winning-moves.com/pc_combined_results.asp?tab=style", waiting until "domcontentloaded"

[28/60] UPC=714043012356 Scrabble Slam
  ERROR: Page.goto: net::ERR_ADDRESS_UNREACHABLE at https://www.winning-moves.com/pc_combined_results.asp?tab=style
Call log:
  - navigating to "https://www.winning-moves.com/pc_combined_results.asp?tab=style", waiting until "domcontentloaded"

[29/60] UPC=714043050303 RUBIK'S BEAR
  OK: Winning Moves Games: Pass The Pigs
[30/60] UPC=714043061224 Rack-o Card Game
  OK: Winning Moves Games: Pass The Pigs
[31/60] UPC=714043011212 Risk 1959
  OK: Winning Moves Games: Pass The Pigs
[32/60] UPC=714043011472 Big Boggle
  OK: Winning Moves Games: Pass The Pigs
[33/60] UPC=714043012158 ICE POP SWAP
  OK: Winning Moves Games: Pass The Pigs
[34/60] UPC=714043050365 RUBIK'S TWIST KEY RING
  OK: Winning Moves Games: Pass The Pigs
[35/60] UPC=714043011267 Monopoly The 1980's Edition
  OK: Winning Moves Games: Pass The Pigs
[36/60] UPC=714043011588 RUBIKS VOID
  OK: Winning Moves Games: Pass The Pigs
[37/60] UPC=714043011861 TOURING CARD GAME
  OK: Winning Moves Games: Pass The Pigs
[38/60] UPC=714043012165 TRIPLE CROSS
  OK: Winning Moves Games: Pass The Pigs
[39/60] UPC=714043012325 RISK EUROPE
  OK: Winning Moves Games: Pass The Pigs
[40/60] UPC=714043012028 GAME SCRABBLE TOGO
  OK: Winning Moves Games: Pass The Pigs
[41/60] UPC=714043012264 WINNING MOVES PRECIOUS CARGO
  OK: Winning Moves Games: Pass The Pigs
[42/60] UPC=714043012479 SCRABBLE SPANISH
  OK: Winning Moves Games: Pass The Pigs
[43/60] UPC=714043012509 Monoply Scrabble
  OK: Winning Moves Games: Pass The Pigs
[44/60] UPC=714043012516 BOGGLE JR
  OK: Winning Moves Games: Pass The Pigs
[45/60] UPC=714043012523 YAHTZEE WORDS
  OK: Winning Moves Games: Pass The Pigs
[46/60] UPC=714043012530 RACKO JR
  OK: Winning Moves Games: Pass The Pigs
[47/60] UPC=714043012547 PRETTY PRETTY PRINCESS CARD GAME
  OK: Winning Moves Games: Pass The Pigs
[48/60] UPC=714043072015 Twistables 3x3x3
  OK: Winning Moves Games: Pass The Pigs
[49/60] UPC=714043072022 Twistables™ 2 x 2 X 2
  OK: Winning Moves Games: Pass The Pigs
[50/60] UPC=71404301250 Monopoly Scrabble Game
  OK: Winning Moves Games: Pass The Pigs
[51/60] UPC=714043012448 CHINESE CHECKERS
  OK: Winning Moves Games: Pass The Pigs
[52/60] UPC=714043012561 INSTANT INSANITY
  OK: Winning Moves Games: Pass The Pigs
[53/60] UPC=714043072039 Twistable 4x4x4
  OK: Winning Moves Games: Pass The Pigs
[54/60] UPC=71404301237 WINNING MOVES WORDS OVER EASY GM
  OK: Winning Moves Games: Pass The Pigs
[55/60] UPC=714043012608 THAT COLOR SPEAKS TO ME
  OK: Winning Moves Games: Pass The Pigs
[56/60] UPC=714043012486 RISK 1980s
  OK: Winning Moves Games: Pass The Pigs
[57/60] UPC=714043012370 words over easy
  OK: Winning Moves Games: Pass The Pigs
[58/60] UPC=714043012622 Deluxe Pretty Pretty Princess®
  OK: Winning Moves Games: Pass The Pigs
[59/60] UPC=714043012615 Boggle Jr Numbers
  OK: Winning Moves Games: Pass The Pigs
[60/60] UPC=714043011991 Pass The Pigs Big Pigs
  OK: Winning Moves Games: Pass The Pigs

Done: 58/60 products saved
