/Users/shloimy/Library/Python/3.9/lib/python/site-packages/urllib3/__init__.py:35: NotOpenSSLWarning: urllib3 v2 only supports OpenSSL 1.1.1+, currently the 'ssl' module is compiled with 'LibreSSL 2.8.3'. See: https://github.com/urllib3/urllib3/issues/3020
  warnings.warn(
[1/471] UPC=756542319987 Leishev BaSukkah 3D Sukkah Model Craft K
  SKIP: no product found
[2/471] UPC=7625651623144 Crystal Crafts: Deer
  OK: Crystal Crafts Deer
[3/471] UPC=643356045044 SCRATCH & SNIFF: PIZZA STICKERS
  SKIP: no product found
[4/471] UPC=791126052249 Yerushalayim Crystal Craft
  OK: Crystal Craft Yerushalayim
[5/471] UPC=793565251887 MODEH ANI CANVAS
  OK: Modeh Ani Canvas
[6/471] UPC=748322279772 MY TEACHER SET
  OK: My First Tefillin Set
[7/471] UPC=791126052348 CRYSTAL CRAFT USHPEZIN
  OK: Ushpizin Crystal Crafts
[8/471] UPC=793565251900 KRIAS SHEMA CANVAS
  OK: Krias Shema Canvas
[9/471] UPC=696168620114 diamondz - sukkahs set
  OK: Sukkah Building Set
[10/471] UPC=7437530829802 CRYSTAL CRAFTS SUKKAH SET
  SKIP: no product found
[11/471] UPC=793565251894 SHABBOS CANVAS
  OK: Shabbos Canvas
[12/471] UPC=696168620053 Dimondz 8x8 Dovid Hamelech
  SKIP: no product found
[13/471] UPC=731716157633 MOSAIC ART Lulav and Esrog Diamond Art
  SKIP: no product found
[14/471] UPC=696168619262 Diamondz Sefer Torah
  OK: Diamondz Sefer Torah
[15/471] UPC=696168619170 Velvet Ushpizin Art
  OK: Velvet Art Ushpizin
[16/471] UPC=192073566603 SCRATCH & SNIFF: TACO STICKERS
  SKIP: no product found
[17/471] UPC=604015673916 MOSAIC ART DREIDEL
  OK: Mosaic Sukkos Art
[18/471] UPC=696168619231 Dimondz 3x3 Mandala Star
  SKIP: no product found
[19/471] UPC=696168619200 Dimondz 3x3 Lulav Esrog
  SKIP: no product found
[20/471] UPC=731716158722 Ushpizin Puffy Stickers
  OK: Brachos Puffy Sticker Sheet
[21/471] UPC=731716158760 Diamondz Ushpizen Ornaments
  OK: Diamondz Ushpizen Ornaments
[22/471] UPC=696168619194 Hanging Star Canvas
  OK: Hanging Star Canvas
[23/471] UPC=696168619385 Yehudah Ben Taima Ornaments
  OK: Yehudah Ben Taima Ornaments
[24/471] UPC=791126052317 Craft By Number Kever Rochel
  OK: Craft By Number
[25/471] UPC=696168620459 Light Up Yerushalayim Sukkos Craft
  OK: Light Up Yerushalayim Sukkos Craft
[26/471] UPC=696168620466 Light up Craft Bird
  OK: Light Up Bird Sukkos Craft
[27/471] UPC=610371732884 Craft by Number Bais Hamikdosh
  OK: Craft By Number
[28/471] UPC=696168619835 Crystal Crafts Clock
  OK: Crystal Craft Clock
[29/471] UPC=756542319819 Craft Melodies of Yerushalayim Design
  SKIP: no product found
[30/471] UPC=791126052270 Netilas Lulav Crystal Craft
  SKIP: no product found
[31/471] UPC=696168620442 KINDER SHPIEL STAMPS
  OK: Aleph Bais Stamp Set
[32/471] UPC=731716158715 Diamondz Ushpizin
  OK: Diamondz Ushpizin
[33/471] UPC=731716157398 Ushpizin Scratch Art
  OK: Ushpizin Scratch Art
[34/471] UPC=731716157336 Velvet Art Ushpizin
  ERROR: Page.goto: net::ERR_NETWORK_CHANGED at https://www.chazakkinder.com/products/velvet-art-ushpizin
Call log:
  - navigating to "https://www.chazakkinder.com/products/velvet-art-ushpizin", waiting until "domcontentloaded"

[35/471] UPC=731716158739 Velvet Art Ushpizin
  OK: Velvet Art Ushpizin
[36/471] UPC=731716157343 Sticker Art Vesamachtah Bchagecha
  OK: Sticker Art Vesamachtah Bchagecha
[37/471] UPC=791126052263 V'Samachta Bichagecha Crystal Craft
  SKIP: no product found
[38/471] UPC=731716157350 Sticker Art Beruchim Habaim
  ERROR: Page.goto: net::ERR_NETWORK_CHANGED at https://www.chazakkinder.com/search?q=Sticker+Art+Beruchim+Habaim&type=product
Call log:
  - navigating to "https://www.chazakkinder.com/search?q=Sticker+Art+Beruchim+Habaim&type=product", waiting until "domcontentloaded"

[39/471] UPC=731716157527 Foil Art Sukkah Star
  OK: Foil Art Sukkah Star
[40/471] UPC=731716157510 Sukkos Chain Stick Links
  OK: Sukkos Chain Stick Links
[41/471] UPC=731716157534 Mosaic Sukkos Art
  OK: Mosaic Sukkos Art
[42/471] UPC=731716157541 Sukkos Foam Art
  OK: Sukkos Foam Art
[43/471] UPC=7426999947035 crystel craft
  OK: Crystal Craft Clock
[44/471] UPC=696168619286 Diamondz 3x3 Havdala
  OK: Diamondz shabbos Lecht
[45/471] UPC=696177623519 ALEF BEIS SNAP IT SET
  SKIP: no product found
[46/471] UPC=696177623472 BEIS HAMIKDUSH BLOCKS
  OK: Bais Hamikdush Brick Set
[47/471] UPC=731716157299 Sticker Puzzle Sukkos
  OK: Sticker Puzzle Sukkos
[48/471] UPC=757347591363 LULAV ESROG
  OK: Crystal Craft Lulav Esrog Round
[49/471] UPC=696168619422 wooden train track set
  OK: Mitzvah Train Wooden Tracks Set
[50/471] UPC=731716158609 MY FIRST MUSIC PLAYER
  OK: My First Music Player
[51/471] UPC=696168620329 Family Puppet set
  OK: Puppets
[52/471] UPC=9781950793044 MY FIRST 120 WORDS
  OK: מיינע ערשטע 120 ווערטער
[53/471] UPC=789185828554 Ready Set Play - Music By NUmber
  OK: Ready Set Play - Music By NUmber
[54/471] UPC=789185827045 Motorized Emergency Rescue Train
  OK: Motorized Emergency Rescue Train
[55/471] UPC=602401929470 Wooden Alef Bais Train Set
  OK: Wooden Alef Bais Train Set
[56/471] UPC=9798885863223 Bedtime with the Kinder Velt English Sto
  SKIP: no product found
[57/471] UPC=99798885861533 KINDER VELT EMUNAH BOOK (ENGLISH)
  SKIP: no product found
[58/471] UPC=9798885861540 KINDER VELT EMUNAH ENGLISH BOOK
  SKIP: no product found
[59/471] UPC=9781680916935 Chassidisha Meshulim #10 Baruch Fin Kesi
  SKIP: no product found
[60/471] UPC=9781680919530 Ich Ken Shlufn Vol. 9
  SKIP: no product found
[61/471] UPC=9781680919387 Titanic vol. 4
  OK: Titanic vol. 3
[62/471] UPC=9781680919813 maselech fin tzadikim 4
  OK: maselech fin tzaddikim #4
[63/471] UPC=9781680919554 Eizerne Finken
  OK: Eizerne Finken
[64/471] UPC=9781680915228 MITGELEIBT CHAZAL #3
  OK: מיטגעלעבט
[65/471] UPC=9781680919486 de forsher- novel #1
  SKIP: no product found
[66/471] UPC=9781680919516 crossing the border
  OK: Crossing the border
[67/471] UPC=9781680911329 Mitgelebt Sukkos
  OK: מיטגעלעבט
[68/471] UPC=9781680910728 MITGELEBT FIN MITZRAYIM BOOK
  SKIP: no product found
[69/471] UPC=9781680919929 BildShpiel Chodesh Tishrei
  OK: Bild Shpeil Chodesh Tishrei
[70/471] UPC=9781680919264 PAN PAL new
  OK: Pen Pal Pen
[71/471] UPC=9781680916751 Eli Kopter Japan #1
  SKIP: no product found
[72/471] UPC=9798885860253 Kindervelt Mitzvos Book Yiddish+CD
  OK: Mitzvos with the Kindervelt Storybook & CD- Yiddish
[73/471] UPC=9781680919769 Yitzy, Pitzy, In Tzippy #5
  SKIP: no product found
[74/471] UPC=9781680917253 Eli Copter #1 Japan (Eng)
  SKIP: no product found
[75/471] UPC=9781680910834 Hershy Acht Geben #20: A Meser is a Saka
  SKIP: no product found
[76/471] UPC=9781680919820 a conspiratzia in shtetel
  SKIP: no product found
[77/471] UPC=9781680911701 KRIEAS YAM SIF BOOK
  SKIP: no product found
[78/471] UPC=9781680916294 Frankreich In Flamen
  OK: פראנקרייך אין פלאמען
[79/471] UPC=9781680915389 MITGELEIBT STORIES CHAZAL #4 BOOK
  SKIP: no product found
[80/471] UPC=9781680919899 Der Shturemisher Farmest
  OK: Der Shturemisher Farmest
[81/471] UPC=9781680919837 flien tzim tzion ukraine #2
  OK: Flien tzim tzion Ukraine # 2
[82/471] UPC=9781680919585 Shterens
  OK: Shterens
[83/471] UPC=9781680920345 Der Rebbe Shikt Tzim Galach Pen Pal Book
  OK: Pen Pal Story Books
[84/471] UPC=9781680919950 Tzedakah Brengt Bracha Pen Pal Book #6
  SKIP: no product found
[85/471] UPC=9781680920055 A Gvir fun shmek Tabak Pen Pal Book #7
  SKIP: no product found
[86/471] UPC=9781680920154 Der Rebbe Beim Puritz Pen Pal Book #8
  SKIP: no product found
[87/471] UPC=9781680919202 ratevet meirke kadosh
  SKIP: no product found
[88/471] UPC=9781680919547 Flien Tzim Tzion Ukraine # 1
  OK: Flien Tzim Tzion Ukraine # 1
[89/471] UPC=9781680919134 Der Zeide Dertzeilt Vayikra
  OK: Der Zeide Dertzeilt- Vayikra
[90/471] UPC=9781680919523 hershy & Perry 5 new baby
  SKIP: no product found
[91/471] UPC=9781680919288 titanic #3
  OK: Titanic vol. 3
[92/471] UPC=9781680919394 Mega Moach vol. 3
  OK: Mega Moach vol. 3
[93/471] UPC=9781680919257 Di Gevegta Actzia # 3
  OK: Di Gevegta Actzia # 3
[94/471] UPC=9781680917963 Colors Pen Pal Book
  OK: Pen Pal Books
[95/471] UPC=9781680918069 Numbers Pen Pal Book
  OK: Pen Pal Activity Books
[96/471] UPC=9781680918106 A Yeshia fin Eibershtin Pen Pal Book
  OK: Pen Pal Story Books
[97/471] UPC=9781680917925 DI Zekle klein gelt Pen Pal Book
  OK: Pen Pal Story Books
[98/471] UPC=9781680918021 Der Kenigs Feigle Pen Pal Book
  OK: Pen Pal Story Books
[99/471] UPC=9781680917734 Der Rebbe Macht nisht kan Tuis Pen Pal B
  OK: Pen Pal Story Books
[100/471] UPC=9781680918502 Pen Pal Books Brochos
  OK: Pen Pal Books
[101/471] UPC=9781680917895 Pen Pal Activity Book Level 1
  SKIP: no product found
[102/471] UPC=9781680918601 Pen Pal Shabbos Book
  OK: Pen Pal Books
[103/471] UPC=9781680918403 Pen Pal Mein Ershte Activity Book
  OK: Pen Pal Mein Ershte Activity Books
[104/471] UPC=9781680917628 Aleph Bais Pen Pal Book (Board Book)
  SKIP: no product found
[105/471] UPC=9781680919165 Pen Pal Activity Book Level 3
  OK: Pen Pal Activity Book Level 3
[106/471] UPC=9781680919158 Antlufen fin Iran 4
  OK: Antlufen fin Iran 4
[107/471] UPC=9781680919295 Der Yiddisher Nazi vol. 4
  SKIP: no product found
[108/471] UPC=9781680919424 Itzy Pitzy and Tzippy vol. 4
  OK: Itzy Pitzy and Tzippy vol. 4
[109/471] UPC=9781680919431 Di Gevegta Actzia # 4
  OK: Di Gevegta Actzia # 4
[110/471] UPC=9781680919592 Oifen Shach Bretel 4
  OK: Oifen Shach Bretel 4
[111/471] UPC=9781680919783 Finger Updrekin
  OK: Finger Updriken
[112/471] UPC=891390001018 Lein in Leren #1: Nisht bold nar Shoin
  SKIP: no product found
[113/471] UPC=891390001025 Lein in Leren #2: Moshe'le is Mer Nisht 
  SKIP: no product found
[114/471] UPC=8991390001490 Chanela Dankt Di Mame
  OK: Lein in Leren Series
[115/471] UPC=891390001506 Lein in Leren #12: In Zchis Fin Thilim
  OK: Lein in Leren Series
[116/471] UPC=891390001612 Lein in Leren #13: Mordchela Beit Zich I
  SKIP: no product found
[117/471] UPC=891390001629 Lein in Leren #14: Nachmen Gedenkt
  OK: Lein in Leren Series
[118/471] UPC=891390001759 Shabbos Gast Book
  OK: Pen Pal Books
[119/471] UPC=891390001155 Lein in Leren #16: Surelle treft
  OK: Lein in Leren Series
[120/471] UPC=891390001032 Lein in Leren #3: Velvele Vill Oich
  SKIP: no product found
[121/471] UPC=91390001049 Lein in Leren #4: Shmily Book
  OK: Lein in Leren Series
[122/471] UPC=891390001049 Lein in Leren #4: Shmily Is Yedens Chave
  SKIP: no product found
[123/471] UPC=891390001056 Lein in Leren #5: Emes Book
  OK: Lein in Leren Series
[124/471] UPC=91390001063 Lein in Leren #6: kalmish Der Nachas Yin
  SKIP: no product found
[125/471] UPC=891390001070 Lein in Leren #7: The New Chaim'l
  SKIP: no product found
[126/471] UPC=891390001087 Lein in Leren #8: Ness Fin Tzirele
  OK: Lein in Leren Series
[127/471] UPC=891390001094 Lein in Leren #9: ELIazer Vert Tzifriden
  OK: Lein in Leren Series
[128/471] UPC=891390001483 Lein in Leren #10: Shlomala Vert Githart
  OK: Lein in Leren Series
[129/471] UPC=9781680918687 Der Zeide - Rosh Hashanah
  OK: Der Zeide Dertzeilt Rosh Hashana
[130/471] UPC=9781680919639 Erfindungen #1
  OK: Erfindungen Vol. 1
[131/471] UPC=9781680918458 Der Zeide Dertzeilt : Perek Gimmel Pirka
  SKIP: no product found
[132/471] UPC=9781680918816 Shach Mat
  OK: Shach Mat
[133/471] UPC=696168620121 A Gite Nacht Singing Book
  OK: A Gite Nacht Singing Book
[134/471] UPC=731716158654 A GIT MORGEN SINGING BOOK
  OK: A Git Morgen Singing Book
[135/471] UPC=731716157626 A Gut Yom Tov Singing Book
  OK: A Gut Yom Tov Singing Book
[136/471] UPC=731716157558 Good Shabbos Singing Book
  OK: Good Shabbos Singing Book
[137/471] UPC=696168620015 Good Shabbos Singing Book (English)
  OK: Good Shabbos Singing Book
[138/471] UPC=696168620251 Singing Upsherin Book
  OK: Singing Upsherin Book
[139/471] UPC=9781680919608 Pinkt Dir Gemaint
  OK: Pinkt Dir Gemaint
[140/471] UPC=9781680916379 Der Moach Krig
  OK: Der Moach Krig
[141/471] UPC=9781680912975 Mitgeleibt Yomim Noruim
  OK: Der Veig Tzi Yomim Noraim
[142/471] UPC=9798885860994 Aleph Bais World Book and Cd
  OK: Aleph Bais World Book and Cd
[143/471] UPC=9781680918809 Fun Lodge Kein Yerusalayim
  SKIP: no product found
[144/471] UPC=9781680919110 Der Geyeg
  OK: Der Geyeg
[145/471] UPC=9781680918830 Hear a Masseh Vol. 2
  OK: Hear a Masseh Vol. 2
[146/471] UPC=9781680918670 A Drama In space
  OK: A Drama In Space
[147/471] UPC=9781680918762 Der Yiddisher Natzi vol. 3
  SKIP: no product found
[148/471] UPC=9781680918731 Antlofen fun Iran vol. 3
  OK: Antlufen Fun Iran Vol. 3
[149/471] UPC=9781680918878 In Di Richtige Minute
  OK: In Di Richtige Minute
[150/471] UPC=9781680918793 Der Fashvunderner Riter
  OK: Der Fashvundered Riter
[151/471] UPC=9781680919097 Hershele - Yidele
  OK: Hershele- Yidele
[152/471] UPC=9781680918984 Zuch Mir
  OK: Zuch Mir
[153/471] UPC=9781680918960 Titanic vol. 1
  OK: Titanic
[154/471] UPC=9781680918786 Titanic vol. 2
  OK: Titanic
[155/471] UPC=9781680919004 De Gevagta Actzia Vol. 1
  SKIP: no product found
[156/471] UPC=9781680918908 De Gevagta Actzia Vol. 2
  SKIP: no product found
[157/471] UPC=9781680919059 A Gefarfuler Anshtel
  OK: A Gefarfuler Anshtal
[158/471] UPC=9781680918663 Misterye In Mexico
  OK: Mystery in Mexico
[159/471] UPC=9781680919080 Antrinen
  OK: Antrinen
[160/471] UPC=9781680919073 Beserer Tate
  OK: Beserer Tatte
[161/471] UPC=9781680919066 Dertzeilin Fin Kinder Vol. 2
  OK: Dertzeilin Fin Kinder Vol. 2
[162/471] UPC=9781680919318 Bedtime stories #3 Yiddish
  OK: Bedtime Stories Vol. 3
[163/471] UPC=9781680918779 Flien Tzim Tzion vol. 3
  OK: Flien Tzim Tzion Vol. 3
[164/471] UPC=9781680919127 Flien Tzim Tzion #4
  OK: Flien Tzim Tzion Vol. 4
[165/471] UPC=9781680917826 Eli copter Japan Vol. 2 EN
  OK: Eli Copter Japan Vol. 2
[166/471] UPC=9781680917345 Eli Kopter Japan #2
  SKIP: no product found
[167/471] UPC=9781680919400 Der Zilbernem Slisel
  OK: Der Zilbernem Shlisel
[168/471] UPC=9781680919141 BildShpiel
  SKIP: no product found
[169/471] UPC=9781680919349 Yitzy Pitzy vol. 3 Yiddish
  OK: Yitzy Pitzy And Tzippy Vol. 3
[170/471] UPC=9798885862592 Shmeichel Nochamul
  SKIP: no product found
[171/471] UPC=9781680920215 Hershy In Perry Gein Tzim Doctor
  OK: Hershy And Perry
[172/471] UPC=9781680919677 Eli Kopter Antartica #2
  OK: Eli Kopter Antarctica vol. 2
[173/471] UPC=9781680919943 Blit Breider
  SKIP: no product found
[174/471] UPC=9781680919615 Breithartziger Kamtzan
  OK: דער ברייטהארציגער קמצן
[175/471] UPC=9781680919561 Der Heiliger Circus Yingel
  OK: דער הייליגאר צירקוס יונגל
[176/471] UPC=9781680919462 Di 3 Brider #6
  SKIP: no product found
[177/471] UPC=9781680919479 Di Gevegta Actzia # 5
  OK: Di Gevegta Actzia # 5
[178/471] UPC=9781680919745 Titanic vol. 5
  OK: Titanic vol. 5
[179/471] UPC=9781680919912 Titanic vol. 6
  OK: Titanic vol. 6
[180/471] UPC=9781680920017 Gaonos and Dimyoinos
  SKIP: no product found
[181/471] UPC=9781680920116 Yishai Detective #1
  SKIP: no product found
[182/471] UPC=9781680919660 Nepolians Blitige Oitzer
  OK: בלוטיגער אוצר
[183/471] UPC=9781680920338 Tzvishen Leiben In Toit
  OK: צווישן לעבן און טויט
[184/471] UPC=9781680919851 Erfindungen #2
  OK: Erfindungen Vol. 2
[185/471] UPC=9781680919448 Flien Tzim Tzion #3 Ukraine
  OK: Flien tzim tzion Ukraine #3
[186/471] UPC=9781680919646 Flien Tzim Tzion #4 Ukraine
  OK: Flien tzim tzion Ukraine # 4
[187/471] UPC=9781680920000 Fremde in mein Heim
  OK: פרעמד אין מין היים
[188/471] UPC=9781680920093 Trikina Trerin
  SKIP: no product found
[189/471] UPC=9781680920222 Ich Bin Is DorechGashvimen
  SKIP: no product found
[190/471] UPC=9781680920390 Di Dreipachiga Drama
  OK: א דרייפאכיגע דראמא
[191/471] UPC=9781680920024 Di reizekalisher Missiye
  SKIP: no product found
[192/471] UPC=9781680920123 Keitan fin Honig
  OK: Keitan Fin Knechshaft
[193/471] UPC=9781680919936 Di Geheima Gassel
  SKIP: no product found
[194/471] UPC=9781680920031 Dus Tzigezugta Kind
  OK: דאס צוגעזאגטע קינד
[195/471] UPC=9781680920130 R' Fischel Dertzeilt #2
  SKIP: no product found
[196/471] UPC=9781680918359 Der Zeide Dertzeilt: Perek Bais Pirkei A
  SKIP: no product found
[197/471] UPC=9781680919417 Eli Kopter Antarctica vol. 1
  OK: Eli Kopter Antarctica vol. 1
[198/471] UPC=9781680918977 Macht Gerangel
  OK: Macht Gerangel
[199/471] UPC=9781680919301 Geratevet mit 4 verter
  SKIP: no product found
[200/471] UPC=9781680917710 Esenvarg Pen Pal Book
  OK: Pen Pal Books
[201/471] UPC=9781680919493 Haint Vee Nechten
  OK: Heint Vi Nechten
[202/471] UPC=9781680918052 Ages Pen Pal Book
  OK: Pen Pal Activity Books
[203/471] UPC=9781680917864 Shapes Pen Pal Book
  OK: Pen Pal Books
[204/471] UPC=9781680918380 Fin Teiman Kein Amerika
  SKIP: no product found
[205/471] UPC=9781680919721 komplitzit shlacht
  SKIP: no product found
[206/471] UPC=9781680919905 Larshi Comic Book
  OK: Larshi Comic Book
[207/471] UPC=9781680919868 Eibig Gedenken
  OK: Eibig Gedenken
[208/471] UPC=9781680919776 Befreit Fun Kneichshaft
  OK: Keitan Fin Knechshaft
[209/471] UPC=9781680919684 Festgeboiet
  OK: Festgeboiet
[210/471] UPC=978965782289 Hershy Learnt Yomim Tovim #80 Rosh Hasha
  SKIP: no product found
[211/471] UPC=9798885861533 Emunah with the Kindervelt Storybook & C
  OK: Emunah with the Kindervelt Storybook & CD- Yiddish
[212/471] UPC=9798885862417 Kindervelt Brochos Book English
  OK: Kindervelt Brochos Book English
[213/471] UPC=9798885861229 Kindervelt BB #5- Shloimy Geit in Cheder
  OK: Kindervelt Board Books
[214/471] UPC=9798885860987 Kindervelt BB #7- Shloimy and Esty Rosh 
  OK: Kindervelt Board Books
[215/471] UPC=9798885861021 Kindervelt BB #8- Shloimy and Esty Yom T
  OK: Kindervelt Board Books
[216/471] UPC=9798885861601 Kindervelt BB #10 - Shloimy and Esty Hub
  SKIP: no product found
[217/471] UPC=9798885860550 My Big Mitzvos Book
  OK: My Big Mitzvos Book
[218/471] UPC=9781680917024 The Gilded Cage
  OK: The Gilded Cage
[219/471] UPC=9781680917055 The Oil Mystery (Eng)
  OK: The Oil Mystery
[220/471] UPC=9798885862448 shloimy & esty go to a wedding
  SKIP: no product found
[221/471] UPC=696550990498 21 inter 1 dach #11
  OK: 21 Inter 1 Dach
[222/471] UPC=9798885862400 Kindervelt Brochos Book Yiddish
  OK: Kindervelt Brochos Book Yiddish
[223/471] UPC=9798885862370 Kindervelt BB #19- Shloimy and Esty Bazi
  OK: Kindervelt Board Books
[224/471] UPC=9798885862363 Kindervelt BB #20- Shloimy and Esty Gein
  OK: Kindervelt Board Books
[225/471] UPC=9781680919356 Pen Pal Activity Book #2
  OK: Pen Pal Activity Book level 2
[226/471] UPC=9798885862462 Shloime & Esty Greiten Zich Tzim Shabbos
  SKIP: no product found
[227/471] UPC=9798885862547 Aleph Bais Slide Board Book
  OK: Aleph Bais Slide Board Book
[228/471] UPC=9798885862431 Visenshaft #6: Institutes
  OK: VisenShaft-Institutions
[229/471] UPC=9798885862455 Natalicha Resourcen #2
  OK: Natailicha Resourcen  Vol. 2
[230/471] UPC=9781680917048 Interesante Chayos #4
  OK: interesante chayos #4
[231/471] UPC=9798885863162 Kindervelt bb #25 Gein Kofen Shoes
  SKIP: no product found
[232/471] UPC=9798885863155 Kindervelt bb #24 Shloimy is Shabbos Tot
  OK: Kindervelt Board Books
[233/471] UPC=9798885863148 Kindervelt bb #23 Esty is Shabbos Mommy
  OK: Kindervelt Board Books
[234/471] UPC=9798885863179 Kindervelt Gita Nacht Book
  SKIP: no product found
[235/471] UPC=9781680912715 Hershy Acht Geben #1 Red Light
  SKIP: no product found
[236/471] UPC=9781680910773 Hershy Acht Geben #12: Arbet Keilim (Too
  SKIP: no product found
[237/471] UPC=9781680911824 Hershy Shtarken #13: Nisht Zugen Ligent 
  SKIP: no product found
[238/471] UPC=9781680912746 Hershy Acht Geben #14: Nisht Gein Un Res
  SKIP: no product found
[239/471] UPC=9781680912753 Hershy Acht Geben #15: Faklen (Torches)
  SKIP: no product found
[240/471] UPC=9781680912326 Hershy Acht Geben #16: Nisht Gezint Esen
  SKIP: no product found
[241/471] UPC=9781680912760 Hershy Acht Geben #17: A Fire
  SKIP: no product found
[242/471] UPC=9781937637637 Hershy Acht Geben #18: Heise Vaser (Hot 
  SKIP: no product found
[243/471] UPC=6024016966864 Hershy Acht Geben #19: Nisht Krichen Oif
  SKIP: no product found
[244/471] UPC=9781680911237 Hershy Acht Geben #2: Animals
  SKIP: no product found
[245/471] UPC=6024016966796 Hershy Acht Geben #23: Pitzen Di Tzein (
  SKIP: no product found
[246/471] UPC=9781680910780 Hershy Shtarken #26: Nisht Oifveken Tott
  SKIP: no product found
[247/471] UPC=9781680912722 Hershy Shtarken #27: Zich Iberbeiten (Fo
  SKIP: no product found
[248/471] UPC=9781680911787 Hershy Shtarken #28: Nisht Sheimen Tzi B
  SKIP: no product found
[249/471] UPC=6024016964716 Hershy Acht Geben #3: Matches
  SKIP: no product found
[250/471] UPC=9781680912272 Hershy Shtarken #30: Vart Tzvishen Milch
  SKIP: no product found
[251/471] UPC=9781937637743 Hershy Shtarken #31: Tzi Varten Mit Gedi
  SKIP: no product found
[252/471] UPC=9781680910292 Hershy Shtarken #32: Mevater Zein (Shari
  SKIP: no product found
[253/471] UPC=9781937637002 HERSHY #33 Honig
  OK: Hershy Discovers New Things Series
[254/471] UPC=9781937637835 Hershy #34 Milk
  OK: Hershy Discovers New Things Series
[255/471] UPC=9781937637828 Hershy #35 Wine
  OK: Hershy Discovers New Things Series
[256/471] UPC=9781937637484 Hershy #36 Matzos
  OK: Hershy Discovers New Things Series
[257/471] UPC=9781937637842 HERSHY #37 Sofer Stam
  OK: Hershy Discovers New Things Series
[258/471] UPC=9781937637019 Hershy #38 Maihl (Flour)
  SKIP: no product found
[259/471] UPC=9781937637026 HERSHY #39 Oil
  OK: Hershy Discovers New Things Series
[260/471] UPC=9781680910803 Hershy Acht Geben #4: Oif Di Vegen
  SKIP: no product found
[261/471] UPC=9781680910223 HERSHY #41 Gemilas Chasudim
  SKIP: no product found
[262/471] UPC=9781937637866 Hershy #45 Mechabed Elteren
  SKIP: no product found
[263/471] UPC=9781680912333 Hershy #46 Learn Torah
  OK: Hershy Learns To To Good Deeds, Series
[264/471] UPC=9781680910209 Hershy #47 Entferen Amen
  SKIP: no product found
[265/471] UPC=9781680910247 Hershy #49 Tzedukah
  OK: Hershy Learns To To Good Deeds, Series
[266/471] UPC=9781680919219 An Oisgerechnte Aktzie
  OK: An Oisgerechinta Actzia
[267/471] UPC=9781680911220 Hershy Acht Geben #5: Oifen Bus
  SKIP: no product found
[268/471] UPC=9781680910230 Hershy #50 Wash hands
  OK: Hershy Learns To To Good Deeds, Series
[269/471] UPC=9781680910261 Hershy #51 Tzar Balei Chaim
  SKIP: no product found
[270/471] UPC=9781680910858 Hershy #52 Imzicherkeit
  OK: Hershy Learns To Deal With Feelings
[271/471] UPC=9781680911862 HERSHY #53 Kas
  OK: Hershy Learns To Deal With Feelings
[272/471] UPC=9781680910865 HERSHY #54 Shrek
  OK: Hershy Learns To Deal With Feelings
[273/471] UPC=9781680910872 Hershy #55 Farginen
  OK: Hershy Learns To Deal With Feelings
[274/471] UPC=9781680911756 Hershy #56 Oifnemen Guest
  SKIP: no product found
[275/471] UPC=9781680911763 Hershy #57 Zich Upvashen
  SKIP: no product found
[276/471] UPC=9781680911770 HERSHY #58 Zich Halten Rein
  SKIP: no product found
[277/471] UPC=9781680910797 Hershy Acht Geben #6: Nish Gein Mit Frem
  SKIP: no product found
[278/471] UPC=9781680911794 HERSHY #60 Avekleigen Oifen Platz
  SKIP: no product found
[279/471] UPC=9781680912838 HERSHY #61 Antoushung
  OK: Hershy Learns To Deal With Feelings
[280/471] UPC=9781680912791 HERSHY #62 Benkshaft
  OK: Hershy Learns To Deal With Feelings
[281/471] UPC=9781680912807 HERSHY #63 A Dorechfal
  SKIP: no product found
[282/471] UPC=9781680912814 Hershy #64 Torah Inzer Laben
  SKIP: no product found
[283/471] UPC=9781937637385 MIEN BIECHELE
  OK: Mein Upsherin Bichel
[284/471] UPC=6369469837898 Hershy #66 Bargrigen Wool
  SKIP: no product found
[285/471] UPC=6369469838338 HERSHY #69 Accepting Different People
  SKIP: no product found
[286/471] UPC=6024016966314 Hershy Acht Geben #7: Reinigen Material 
  SKIP: no product found
[287/471] UPC=6369469838406 HERSHY #70 Middos-Dan Lchaf Zchus
  SKIP: no product found
[288/471] UPC=6049479043624 Hershy #75 Bagrifen Vasser
  SKIP: no product found
[289/471] UPC=9781950793945 Hershy #77 Neigerigkeit
  OK: Hershy Learns To Overcome Series
[290/471] UPC=9781680914528 Hershy Acht Geben #9: Lekter (Electricit
  SKIP: no product found
[291/471] UPC=9781950793884 Shabbos with the Kindervelt Storybook & 
  OK: Shabbos with the Kindervelt Storybook & CD- Yiddish
[292/471] UPC=9781950793679 Kindervelt Yom Tov CD With Book - Yiddis
  OK: Kindervelt Yom Tov CD With Book - Yiddish
[293/471] UPC=9781680912203 Mitgelebt Chanukah
  OK: מיטגעלעבט
[294/471] UPC=9781680911541 Mitgelebt Purim
  OK: מיטגעלעבט
[295/471] UPC=9781680914580 Mitgeleibt Chazal #1
  OK: Mitgelebt Chazal #6
[296/471] UPC=9781680912692 Mitgeleibt Shuvios (Bikirim)
  SKIP: no product found
[297/471] UPC=9781680914856 Pan pal Old
  OK: Pen Pal Pen
[298/471] UPC=9781680918076 Mitgelebt Chazal #6
  OK: Mitgelebt Chazal #6
[299/471] UPC=9781950793716 Yom Tov with the Kindervelt Storybook - 
  OK: Yom Tov with the Kindervelt Storybook - English
[300/471] UPC=9781950793617 Pesach with the Kindervelt Storybook - E
  OK: Pesach with the Kindervelt Storybook -English
[301/471] UPC=9781950793600 Pesach with the Kindervelt Storybook & C
  OK: Pesach with the Kindervelt Storybook & CD- Yiddish
[302/471] UPC=9781680915587 A Drama In Norweiga
  SKIP: no product found
[303/471] UPC=731716157008 Singing Haggada Shel Pesach
  OK: Singing Haggada Shel Pesach
[304/471] UPC=9798885860192 Kindervelt Shabbos English Book
  OK: Kindervelt Shabbos English Book
[305/471] UPC=9798885860543 Mitzvos with the Kindervelt Storybook & 
  OK: Mitzvos with the Kindervelt Storybook & CD- Yiddish
[306/471] UPC=9798885860246 Summer with the Kindervelt Storybook & C
  OK: Summer with the Kindervelt Storybook & CD- Yiddish
[307/471] UPC=731716158494 Coloring Book Brishes
  OK: Pen Pal Books
[308/471] UPC=9781950793792 Winter with the Kindervelt Storybook - E
  OK: Winter with the Kindervelt Storybook - English
[309/471] UPC=9781950793785 Winter with the Kindervelt Storybook - E
  OK: Winter with the Kindervelt Storybook - English
[310/471] UPC=9798885860970 Idea Book Volume 2
  OK: Idea Book with laminated pages
[311/471] UPC=9798885862097 Idea Book for Clics Vol. 2
  SKIP: no product found
[312/471] UPC=9781950793624 IDEA BOOK FOR CLICS
  OK: Idea Book with laminated pages
[313/471] UPC=604015674173 CHANUKAH GELT ESCAPE
  SKIP: no product found
[314/471] UPC=610371733218 KINDER SHPIEL PUPPETS
  OK: Puppets
[315/471] UPC=756542320402 Der Aleph Bais Velt USB DVD
  SKIP: no product found
[316/471] UPC=705653102629 Aleph Bais Choo Choo Train - DVD
  OK: Aleph Bais Choo Choo Train
[317/471] UPC=696168620107 KINDER VELT PESACH DVD
  OK: Pesach With The KinderVelt DVD
[318/471] UPC=850064376456 Kinder klangen series USB
  OK: Kinder Klangen series USB
[319/471] UPC=731236562917 Alef Bais Ipad Litvish
  SKIP: no product found
[320/471] UPC=756542319895 MITZVOS USB (KINDER VELT)
  OK: Der Alef-Beis Velt DVD
[321/471] UPC=850064376449 Lien in Leren USB Collection
  OK: Lien in Leren USB Collection
[322/471] UPC=793565252471 KinderVelt bedtime
  OK: Bedtime with the Kindervelt English Storybook
[323/471] UPC=696168620008 ICE CREAM STORE
  OK: ice cream truck pop up tent
[324/471] UPC=793565251993 KINDER VELT DOLLHOUSE
  SKIP: no product found
[325/471] UPC=696168619545 Shabbos Mommy Set
  OK: Shabbos Mommy Pretend Play Set
[326/471] UPC=696168620336 Zeidy Bubby Puppet set
  SKIP: no product found
[327/471] UPC=731716158272 CHEDER BOYS MENTCHIES
  OK: Kindervelt Cheder Boys Set
[328/471] UPC=731716158647 Kosher brands supermarket set
  SKIP: no product found
[329/471] UPC=604015673527 KINDERVELT LULAV SHOFAR SET
  SKIP: no product found
[330/471] UPC=731716158265 SCHOOL GIRLS MENTCHIES
  OK: Kindervelt School Girls Set
[331/471] UPC=891390003364 ELECTRONIC VIOLIN TOY
  OK: Violin-toy
[332/471] UPC=731716158463 hatzolah megaphone
  SKIP: no product found
[333/471] UPC=731716158869 Kindervelt Bedroom Set
  OK: Kindervelt Girls Bedroom
[334/471] UPC=731716158302 Kindervelt Brother\Sister
  SKIP: no product found
[335/471] UPC=604015674234 Kindervelt Totty\Momy
  SKIP: no product found
[336/471] UPC=604015673947 KINDER VELT VOLUNTEER PACK
  SKIP: no product found
[337/471] UPC=731716150917 KINDERVELT BUCKET #1
  OK: Kindervelt Bucket 1
[338/471] UPC=756542319925 Kindervelt Dollhouse
  SKIP: no product found
[339/471] UPC=696168619873 Kinder Wheels By Kindervelt Motorcade Se
  OK: Kinder Wheels By Kindervelt Motorcade Set (8 pce Set)..
[340/471] UPC=604015674227 Kindervelt Chosson and Kallah
  OK: Kindervelt Chosson and Kallah
[341/471] UPC=731716158258 Kindervelt Purim Set
  OK: Kindervelt Purim Set
[342/471] UPC=696168620176 KINDER VELT SCHOOL BUS
  OK: Kindervelt School Bus
[343/471] UPC=696168620213 KINDER VELT SHOPPING SET
  OK: Kindervelt Shopping Set
[344/471] UPC=696168620527 Kindervelt Hachnasas Sefer Torah Set FIg
  OK: Kindervelt Hachnasas Sefer Torah Figures Set
[345/471] UPC=696168620534 Kindervelt Hachnasas Sefer Torah Truck
  OK: Kindervelt Hachnasas Sefer Torah Truck Set
[346/471] UPC=793565252396 Kindervelt Toddler Set
  OK: Kindervelt Toddler Set
[347/471] UPC=696168619989 Kinder Velt Construction Menchies
  SKIP: no product found
[348/471] UPC=604015674098 Kindervelt Baby Boy & Baby Girl
  OK: Kindervelt Baby Boy & Baby Girl
[349/471] UPC=604015674210 Kindervelt Torah Boy & Doll Girl
  OK: Kindervelt Torah Boy & Doll Girl
[350/471] UPC=604015673954 Kindervelt Refuah Shlelma Set
  OK: Kindervelt Refuah Shlelma Set
[351/471] UPC=696177623304 Kindervelt Mazel Tov Set 4 Pack
  SKIP: no product found
[352/471] UPC=696177623359 Kindervelt Family Pack 4 Pack
  SKIP: no product found
[353/471] UPC=731716158241 Kindervelt Yerushalmi Set
  OK: Kindervelt Yerushalmi Set
[354/471] UPC=604015673862 KINDER VELT SHABBOS FAMILY SET
  SKIP: no product found
[355/471] UPC=696168620152 KINDERVELT KITCHEN SET
  OK: Kindervelt Kitchen Set
[356/471] UPC=696177623373 Kindervelt Extended Family Set
  OK: Kindervelt Extended Family Set
[357/471] UPC=731716156988 KinderVelt Upsherin
  OK: Kindervelt Upsherin Set
[358/471] UPC=696168620169 KINDERVELT CHALLAH BAKING SET
  OK: Kindervelt Challah Bake Set
[359/471] UPC=696168620220 KINDER VELT SIMCHA SET
  SKIP: no product found
[360/471] UPC=696168619910 Kinder Wheels By Kindervelt Bus Driver a
  OK: Kinder Wheels By Kindervelt Bus Driver and Bus
[361/471] UPC=756542319963 Kindervelt Shul Set
  OK: Kindervelt Shul Set
[362/471] UPC=696168618944 Kindervelt Babysitter Set
  OK: Kindervelt Babysitter Set
[363/471] UPC=604015673695 Kindervelt Mega Bucket (50 Menchees)
  OK: Kindervelt Mega Bucket (50 Menchees)        +Free Shipping
[364/471] UPC=696168619958 Kindervelt Rebbes Tish Parentches - Blea
  OK: Kindervelt Rebbes Tish Parentches - Bleachers
[365/471] UPC=604015673589 Kindervelt Mitzvah Set
  OK: Kindervelt Mitzvah Set
[366/471] UPC=793565252563 Kindervelt Baby Room
  OK: Kindervelt Baby Room
[367/471] UPC=793565252198 KINDER VELT MINYAN SET
  SKIP: no product found
[368/471] UPC=793565251863 Kindervelt Hat Store
  OK: Kindervelt Hat Store
[369/471] UPC=789185827694 KOSHER ANIMAL SET
  OK: Kosher Animal Set
[370/471] UPC=731716156971 Kindervelt Girls Bedroom
  OK: Kindervelt Girls Bedroom
[371/471] UPC=604015673930 Kindervelt Rebbe Rosh Yeshivah Pack
  OK: Kindervelt Rebbe Rosh Yeshivah Pack
[372/471] UPC=793565252815 Kindervelt Boys Bedroom
  OK: Kindervelt Boys Bedroom
[373/471] UPC=604015674029 Kindervelt Hadlukas Neiros Set
  OK: Kindervelt Hadlukas Neiros Set
[374/471] UPC=789185827441 Aleph Beis Locks
  OK: Aleph Beis Snap it Set
[375/471] UPC=94851004683 APPLE TO APPLE-YIDDISH
  SKIP: no product found
[376/471] UPC=881314992676 Oiber Chuchem: Gedolei Yisroel Vol. 2
  SKIP: no product found
[377/471] UPC=891390003333 GELT GAME
  OK: Gelt Game
[378/471] UPC=731716157800 MY FIRST 100 WORD GAME
  SKIP: no product found
[379/471] UPC=604015673558 Snap it Dreidel
  OK: Snap It Dreidel
[380/471] UPC=696168619620 Mitzvah Blocks Mezuzah
  SKIP: no product found
[381/471] UPC=793565252440 DREI KUP GAME
  OK: Drei Kup Game
[382/471] UPC=9781680912180 GO SPY
  OK: Go Spy
[383/471] UPC=793565252457 HATZALAH RUSH
  OK: Hatzalah Rush
[384/471] UPC=731716158685 Choplap Game
  OK: Choplap Magnetic Board Game
[385/471] UPC=94851004195 Alef Bais Puzzle
  OK: Alef Bais Sticker Puzzle
[386/471] UPC=731716158111 MAZEL TOV GAME
  OK: Mazel Tov Game
[387/471] UPC=789185827304 ALEF BET WOODEN PUZZLE
  SKIP: no product found
[388/471] UPC=731716156957 FLOOR PUZZLE SHABBOS
  OK: Shabbos 15 piece floor puzzle
[389/471] UPC=94851004348 4 brachos puzzles
  OK: 4 Brachos Puzzles
[390/471] UPC=696177625117 TREF A BILD
  OK: Tref A Bild
[391/471] UPC=891390003104 Aleph Bais Fun Pad Game
  SKIP: no product found
[392/471] UPC=891390002589 DETECTIVE
  OK: Detective Card Game
[393/471] UPC=610371732860 wooden Shabbos Puzzle
  OK: Wooden Shabbos Puzzle
[394/471] UPC=731716156940 FLOOR PUZZLE GOING TO SCHOOL
  OK: Going to school 15 piece floor puzzle
[395/471] UPC=731716157848 YAPCHIK GAME
  OK: Yapchick Game
[396/471] UPC=757347591356 ELUL TISHRAH SET
  OK: Elul Tishrei Plush Set
[397/471] UPC=604015674067 COMICSEE GAME
  OK: Comicsee Card Game
[398/471] UPC=891390003319 FAMILY 4 PUZZLES
  OK: 4 In 1 Family Puzzle
[399/471] UPC=696177624233 V'ahavta L'reiacha Puzzle
  OK: V'ahavta L'reiacha 60 pc Puzzle
[400/471] UPC=9781680914849 HANDEL VANDEL GAME
  OK: Handel Vandel
[401/471] UPC=793565252341 MIDDOS PARK
  OK: Middos Park Game
[402/471] UPC=731716157787 SHTETL GAME
  OK: Shtetl Game
[403/471] UPC=891390003340 LUSTIG STREET GAME
  OK: Lustig Street Game
[404/471] UPC=696168619491 Mitzvah Blocks Tzedukah Blue
  SKIP: no product found
[405/471] UPC=891390003371 A TRIP GAME
  OK: A Trip
[406/471] UPC=757347591653 The Candy Man Game
  OK: Candy Man Game
[407/471] UPC=789185827311 WOODEN PEG PUZZLE CARS
  SKIP: no product found
[408/471] UPC=731716157053 Reusable Stickers- Dollhouse
  SKIP: no product found
[409/471] UPC=696168619507 Mitzvah Blocks Tzedukah Pink
  SKIP: no product found
[410/471] UPC=793565252419 MITZVAH LAND
  OK: Mitzvah Land Game
[411/471] UPC=891390002626 DEAL SHPIEL
  OK: Deal Shpiel Board Game
[412/471] UPC=731716156933 FLOOR PUZZLE PARK
  OK: Park puzzle 15 piece floor puzzle
[413/471] UPC=696168619606 Mitzvah Block Kever Rochel
  SKIP: no product found
[414/471] UPC=696168620619 Mitzvah Wooden Puzzle
  OK: Wooden Puzzle Mitzvah Cars
[415/471] UPC=789185827335 WOODEN PEG PUZZLE
  OK: Wooden Puzzle Aleph Puzzle
[416/471] UPC=789185827328 WOODEN PEG PUZZLE SHABBOS
  SKIP: no product found
[417/471] UPC=891390001988 Shtel Shnel Card Game
  OK: Shtel Shnel Card Game
[418/471] UPC=891390002046 Flink Card Game
  OK: Flink Card Game
[419/471] UPC=9781680914825 Deal Shpiel Card Game
  OK: Deal Shpiel Card Game
[420/471] UPC=731716157763 VERTLACH CARD GAME
  OK: Vertlach Game
[421/471] UPC=789185827090 Mitzvah Bingo
  OK: Mitzvah Bingo
[422/471] UPC=604015673701 Shmiechel Card Game
  OK: Shmiechel Card Game
[423/471] UPC=6961686209542 OIBER CHUCHEM TRAINS
  OK: Oiber Chuchom Trains
[424/471] UPC=6961686209610 Oiber Chuchom Tehilim
  OK: Oiber Chuchom Tehilim
[425/471] UPC=701748592245 Im a Kallah
  OK: I'm a Kallah Card Game
[426/471] UPC=610371732440 I'm a Kallah Card Game
  OK: I'm a Kallah Card Game
[427/471] UPC=756542319635 Pretty Pairs card game
  OK: Pretty Pairs card game
[428/471] UPC=696168619644 Mitzvah Call Card Game
  OK: Mitzvah Call Card Game
[429/471] UPC=696168619637 Overnight Kichel Game
  OK: Overnight Kichel Game
[430/471] UPC=696168620510 Nose Spin Game
  OK: Nose Spin Game
[431/471] UPC=610371732877 THE COUPLE CONVO
  OK: Couple convo
[432/471] UPC=791126051556 Oiber Chuchem Rocket Ship
  OK: Oiber Chuchem Rocket Ship
[433/471] UPC=791126051563 OIBER CHUCHEM Parshas Hashavua
  OK: Oiber Chuchem Parshas Hashavuah
[434/471] UPC=610371732839 Oiber Chucham MISHKAN
  OK: Oiber Chuchem Mishkan
[435/471] UPC=610371732822 Oiber Chuchem Volcanoes
  OK: Oiber Chuchem Volcanoes
[436/471] UPC=756542320211 Oiber Chuchem Chazal
  OK: Oiber Chuchom Chazal
[437/471] UPC=756542320204 Oiber Chuchem Airports
  OK: Oiber Chuchom Airports
[438/471] UPC=696177624219 The Marketplace 100 Piece Puzzle
  OK: The Marketplace 100 Piece Puzzle
[439/471] UPC=731236532279 A Blick Game
  OK: A Blick Game
[440/471] UPC=789185827397 Blitzpix Game
  OK: Blitzpix Game
[441/471] UPC=881314992379 OIBER CHACHAM PLANTS
  OK: Oiber Chuchom Chazal
[442/471] UPC=757347592377 GRAPE JUICE GAME
  OK: Grape Juice Game
[443/471] UPC=807676307460 HATZALAH GO
  OK: Hatzalah Go
[444/471] UPC=604015673541 K'nakedig
  OK: K'nakedig
[445/471] UPC=881314992355 Oiber Chuchem Major Gatherings
  OK: Oiber Chuchem Major Gatherings
[446/471] UPC=757347592094 OIBER CHACHAM SHULS
  OK: Oiber Chuchom Chazal
[447/471] UPC=94851004676 Old Maid Card Game - Yiddish
  SKIP: no product found
[448/471] UPC=701748592962 OIBER CHACHAM TALMUD BAVLI
  SKIP: no product found
[449/471] UPC=701748592948 OIBER CHACHAM YIDDISHE NEIGHBORHOODS
  SKIP: no product found
[450/471] UPC=701748592559 Oiber Chuchem: Tanach
  OK: Oiber Chuchom Chazal
[451/471] UPC=701748592573 Oiber Chuchem: Gedolei Yisroel Vol. 1
  SKIP: no product found
[452/471] UPC=701748592566 Oiber Chuchem: Kosherin Baalei Chaim (Ko
  SKIP: no product found
[453/471] UPC=701748591996 Oiber Chuchem: Hatzalah
  OK: Oiber Chuchem
[454/471] UPC=881314992799 Oiber Chuchem: Tannaim and Amoraim
  OK: Oiber Chuchem Tannaim and Amoraim
[455/471] UPC=881314992621 Oiber Chuchem: Yiddish History
  OK: Oiber Chuchem Yiddish History
[456/471] UPC=881314992423 Oiber Chuchem Wedding Halls
  OK: Oiber Chuchem
[457/471] UPC=881314993116 Oiber chuchem: Kings
  OK: Oiber Chuchem
[458/471] UPC=696177623502 Oiber Chochom: Airplanes
  OK: Oiber Chuchom Chazal
[459/471] UPC=793565252389 OIBER CHACHAM TRUCKS
  OK: Oiber Chuchom Chazal
[460/471] UPC=891390003036 Pekelech Card Game
  OK: Pekelech Card Game
[461/471] UPC=881314992393 OIBER CHACHAM CHESED ORG
  SKIP: no product found
[462/471] UPC=793565252372 OIBER CHACHAM MEKOMOS HAKDOSHIM
  SKIP: no product found
[463/471] UPC=696177623496 OIBER CHACHAM BEIS HAMIKDOSH
  SKIP: no product found
[464/471] UPC=789185828103 Oiber Chochom: Yiddishe Shtet Fin Amul (
  SKIP: no product found
[465/471] UPC=789185828097 Oiber Chuchem Gedolei Yisroel 3
  OK: Oiber Chuchem Gedolei Yisroel 3
[466/471] UPC=757347591301 Oiber chuchem Interesting Boats
  OK: Oiber chuchem Interesting Boats
[467/471] UPC=881314992959 Oiber chuchem: Songs
  OK: Oiber Chuchem
[468/471] UPC=696177624998 Old Maid Comics
  OK: Old Maid Comics
[469/471] UPC=731716158036 Oiber Chochem: Interesting Bridges
  SKIP: no product found
[470/471] UPC=731716158043 Oiber Chochem: Achronim
  OK: Oiber Chuchom Chazal
[471/471] UPC=610371733164 Picture Plush Sefer Torah
  SKIP: no product found

Done: 319/471 products saved
