  1 CLEANING PLAY SET... -> no_match
  2 WILD ANIMALS SET... -> no_match
  3 PLAYKIDIZ GARBAGE TRUCK... -> no_match
  4 16 INCH TALKING DOLL... -> no_match
  5 SCRATCH SHEETS 8.3 X 5.8... -> no_match
  6 MODELING CLAY 10 COLORS... -> no_match
  7 MODELING CLAY CONSTRUCTION TRUCKS... -> no_match
  8 MODELING CLAY NEON... -> no_match
  9 FUNFLUFF 5 COLORS BUCKET... -> no_match
  10 BATH CROC CUPS... -> no_match
  11 PLAY HELPER DELUXE CLEANING SET... -> no_match
  12 12 Pc Paint Sticks Classic Colors... -> no_match
  13 6 Pc 3D Puff Paint Classic Colors... -> no_match
  14 Playkidiz Shopping Cart With Food... -> no_match
  15 Kiddie Chair Yellow... -> no_match
  16 Tubo Pop Large (24 Pack)... -> no_match
  17 PLAYKIDIZ 15" AMBULANCE... -> no_match
  18 PLAYMINIZ FAMILY TRIP SET... -> no_match
  19 HOOLA HOOPS... -> no_match
  20 PLAYKIDZ FIRE TRUCK... -> no_match
  21 MY FIRST PURSE (hard)... -> no_match
  22 POUND A BALL REPLACMENT... -> no_match
  23 48 PC.SIDEWALK CHALK... -> no_match
  24 MODELING CLAY 8 COLORS... -> no_match
  25 7,000 Water Beads Kit... -> no_match
  26 ROLLING RATTLE BALLS... -> no_match
  27 MODELING CLAY IN CLEAR BOX... -> no_match
  28 FUNFLUFF SAND BOTTLE... -> no_match
  29 BATH BOATS 3 PC SET... -> no_match
  30 Crystal stress 7cm color lines ball... -> no_match
  31 40 Sheet Presentation Book... -> no_match
  32 12 Piece Paint Sticks - Neon Matellic... -> no_match
  33 6 Pc 3D Puff Paint - Neon... -> no_match
  34 144 PC DELUXE FOOD SET... -> no_match
  35 Kiddie Table Red... -> no_match
  36 PLAYKIDIZ 15" SWAT CAR... -> no_match
  37 PLAYMINIZ 4 PCS FIGURES - BAKERY SET... -> no_match
  38 TOYS4U MINI TRAILER... -> no_match
  39 10 PK  GEL PENS... -> no_match
  40 DELUXE TOOL SET... -> no_match
  41 PRINCESS CHEST... -> no_match
  42 SHAPE SORTING EGGS... -> no_match
  43 BEACH SAND SET PINK... -> no_match
  44 Brainymaze 208 steps... -> no_match
  45 SENSORY BALLS 2.5"... -> no_match
  46 SENSORY TOYS... -> no_match
  47 MY FIRST PRINCESS REAL MAKE UP... -> no_match
  48 PLAY MONEY... -> no_match
  49 DRAW BOARD... -> no_match
  50 PLAYKIDZ STACKING CUPS... -> no_match
  51 PLAYMONEY... -> no_match
  52 BOW & ARROW... -> no_match
  53 DOLL BEDROOM... -> no_match
  54 TOOL SET STORAGE CADDY... -> no_match
  55 BACK FLIP RAMP... -> no_match
  56 ORGAN W LIGHT N MUSIC... -> no_match
  57 RING STACKER BUS... -> no_match
  58 Pegture... -> no_match
  59 TWINZY DOLLS... -> no_match
  60 skip ball flashing... -> no_match
  61 SCRATCH NOTES HOLOGRAPHIC RAINBOW... -> no_match
  62 MODELING CLAY TRANSPORTER SET... -> no_match
  63 MODELING CLAY FRUIT SHOP... -> no_match
  64 MODELING CLAY NEON 12 COLORS... -> no_match
  65 My First Purse Set 7pc... -> no_match
  66 Ferris Wheel Suction Toy... -> no_match
  67 PLAY HELPER CADDY SET... -> no_match
  68 LAUNDRY PLAYSET... -> no_match
  69 My first Pegs... -> no_match
  70 12Pk Puff Paint Classic Colors... -> no_match
  71 Shopping Cart Basket... -> no_match
  72 Kiddie Chair Green... -> no_match
  73 PLAYMINIZ CONSTRUCTION SET... -> no_match
  74 New Bounce Bucket Swing Dark Green... -> no_match
  75 PLAY MONEY PACK... -> no_match
  76 COZY RIDE... -> no_match
  77 HOOLA HOOPS... -> no_match
  78 MAGIC SURPRISE MIRROR SET... -> no_match
  79 CASH REGISTER... -> no_match
  80 MODELING CLAY 8 COLORS... -> no_match
  81 LCD Writing Tablet (Black)... -> no_match
  82 MUSICAL BEAR STACKER... -> no_match
  83 CUP STACKER... -> no_match
  84 BREAKFAST PLAYSET... -> no_match
  85 TRAMPOSHOTS... -> no_match
  86 String a Picture... -> no_match
  87 6 Pc Paint Sticks Classic Colors... -> no_match
  88 DELUXE SHOPPING CART W REGISTER... -> no_match
  89 Kiddie Folding Slide... -> no_match
  90 Tubo Pop Mini (8 Pack)... -> no_match
  91 R/C AIR FORCE COLLECTION - NAVY STAR SIL... -> no_match
  92 HOOLA HOOPS... -> no_match
  93 PLAYKIDZ SHAPE SORTER... -> no_match
  94 Colorate Junior... -> no_match
  95 CHANUKAH CUBE... -> no_match
  96 PlayKidiz Color Doodler... -> no_match
  97 MODELING CLAY BBQ... -> no_match
  98 LCD Writing Tablet (Red)... -> no_match
  99 BALL SPINNER... -> no_match
  100 PLAYBUILD 200 PIECE BRICK SET... -> no_match
  101 WASHER PLAYSET... -> no_match
  102 SHAPE SORTING EGGS 12CT... -> no_match
  103 Precious Family Figures... -> no_match
  104 Lacing kit Bucket... -> no_match
  105 EMOJI STAMPERS 5 PCS SET... -> no_match
  106 18 Pc Washable Tempera Paint W 5 Brushes... -> no_match
  107 Kiddie Chair Purple... -> no_match
  108 Kids Smock - Medium (Blue Variation)... -> no_match
  109 PUDDLE JUMPER BLUE... -> no_match
  110 DOLL BUNKBED... -> no_match
  111 Scan & Talk Cash Register / Blue... -> no_match
  112 Color pop Jr.... -> no_match
  113 TREATS BUCKET PLAY FOOD SET... -> no_match
  114 SCRATCH SHEETS 8X12... -> no_match
  115 MODELING CLAY 4 PRIMARY COLORS... -> no_match
  116 MODELING CLAY AMERICAN FOOD... -> no_match
  117 MODELING CLAY... -> no_match
  118 Squishy Banana... -> no_match
  119 ROLLER WORM Baby & Toddler Toys TOY... -> no_match
  120 Shopping Cart W Register... -> no_match
  121 Kiddie Chair Blue... -> no_match
  122 Tubo Pop Large (8 Pack)... -> no_match
  123 PLAYKIDIZ 15" RESCUE HELICOPTER... -> no_match
  124 PLAYMINIZ FARMERS SET... -> no_match
  125 STAINLESS STEEL POTS & PANS... -> no_match
  126 POUND A BALL... -> no_match
  127 POUND 'N ROLL... -> no_match
  128 MY FOOD PLAYSET 100PC... -> no_match
  129 PLAY MONEY-$100 BILLS... -> no_match
  130 BOUNCE N CATCH... -> no_match
  131 TOOL SET... -> no_match
  132 IQ PUZZLE BLOCKS... -> no_match
  133 EGGBEATER... -> no_match
  134 SEA WORLD WATER MAT... -> no_match
  135 PLAY MONEY-$1 BILLS... -> no_match
  136 Magic Snake... -> no_match
  137 CONSTRUCTION TRUCKS... -> no_match
  138 BOWLING... -> no_match
  139 SHOPPING CART WITH FOOD... -> no_match
  140 MY FIRST PRINCESS PLAY MAKE UP... -> no_match
  141 HOOLA HOOPS... -> no_match
  142 HEAVY CONSTRUCTION TRUCKS... -> no_match
  143 DOUBLE SIDED EASEL... -> no_match
  144 STACKING TOP DREIDAL... -> no_match
  145 DELUXE CASH REGISTER... -> no_match
  146 MINI KEYBOARD... -> no_match
  147 MODELING CLAY TOOLS SET... -> no_match
  148 LCD Writing Tablet (White)... -> no_match
  149 MY FIRST STEERING WHEEL... -> no_match
  150 SHAPE SORTING EGGS 6CT... -> no_match
  151 Tubo Fluto... -> no_match
  152 6 Pc Paint Sticks - Neon... -> no_match
  153 6 Pc 3D Puff Paint - Matellic... -> no_match
  154 DELUXE CLEANING SET 12 pc.... -> no_match
  155 Kids Smock - Small... -> no_match
  156 3D PUZZLE BALL... -> no_match
  157 PEEK-A-BOO... -> no_match
  158 Colorate... -> no_match
  159 Pegture Jr.... -> no_match
  160 COLOR DOODLER DELUXE SET... -> no_match
  161 MODELING CLAY 12 COLORS... -> no_match
  162 MODELING CLAY ICE CREAM... -> no_match
  163 LCD Writing Tablet (Blue)... -> no_match
  164 MY FIRST MEDICAL KIT... -> no_match
  165 BOUNCE BALLS... -> no_match
  166 SPIRAL DRAW... -> no_match
  167 Playkidiz Shape Cube... -> no_match
  168 PLAYKIDIZ BOOSTER SEAT... -> no_match
  169 24 Pc 3D Puffy Paint All Colors... -> no_match
  170 12 Pc Washable Tempera Paint Tubes... -> no_match
  171 Kiddie Chair Red... -> no_match
  172 FIDGET TANGRAM GAME... -> no_match
  173 Kids Smock - Medium (Pink Variation)... -> no_match
  174 PLAYMINIZ SWAT & PRISON SET... -> no_match
  175 PUDDLE JUMPER PINK... -> no_match
  176 TRAIN SET ALL ABOARD... -> no_match
  177 SLEEPING BAG... -> no_match
  178 CUTTING FRUIT & VEG BASKET... -> no_match
  179 ROCKET COPTERS... -> no_match
  180 MINI TRUCK... -> no_match
  181 LITTLE BOAT TRAIN... -> no_match
  182 SCRATCH MAGIC NOTES... -> no_match
  183 SUPER SPEED RACE... -> no_match
  184 CHINESE JUMP ROPE... -> no_match
  185 MINI BRAINYMAZE... -> no_match
  186 ALPHA BLOCKS... -> no_match
  187 GLITTER GEL PENS 10 PACK... -> no_match
  188 PLAY MONEY... -> no_match
  189 SPINNING DISCS... -> no_match
  190 WATER GAME... -> no_match
  191 BEACH SAND SET BLUE... -> no_match
  192 VOICE SCRAMBLER... -> no_match
  193 ZOOM BALL... -> no_match
  194 100 PACK GEL PENS... -> no_match
  195 MY FOOD PLAYSET 150PCS... -> no_match
  196 PLAY MONEY... -> no_match
  197 2-PK Light up Foam Finger Rockets... -> no_match
  198 MAGNETIC TRAVEL PLAY... -> no_match
  199 SCRATCH NOTES HOLOGRAPHIC NOTES... -> no_match
  200 Mini Magic Cube... -> no_match
  201 FRISBEE... -> no_match
  202 Jump Rope... -> no_match
  203 Chinese Jump Rope... -> no_match
  204 Rainbow Chinese Jump Rope... -> no_match
  205 Deluxe Kids Paint Set... -> no_match
  206 Washable Dot Markers 12 Pack... -> no_match
  207 25 Pc. Kids Paint Brushes... -> no_match
  208 12 Pc. Squeezable Paint Brush... -> no_match
  209 Rainbow Watercolor Paint Set... -> no_match
  210 Make Your Own Dino Soap... -> no_match
  211 Make Your Own Animal Soap... -> no_match
  212 Mist Spray... -> no_match
  213 Baby & Toddler Toys Potty... -> no_match
  214 WATER SPRAY FAN... -> no_match
  215 Shape Matching Eggs... -> no_match
  216 Doctor Kit Carry Case... -> no_match
  217 Vacuum Cleaner Set... -> no_match
  218 Chop Fruit & Veggies in Basket... -> no_match
  219 Electronic Tool Carry Case Set... -> no_match
  220 Scan & Talk Cash Register / Pink... -> no_match
  221 Rocking Pony... -> no_match
  222 Phone & car keys set... -> no_match
  223 Car Keys... -> no_match
  224 Ball Drop... -> no_match
  225 Baby & Toddler Toys SHAPE SORTER SCHOOL ... -> no_match
  226 Picnic on-the-go Dishes set... -> no_match
  227 Dish Drainer... -> no_match
  228 Deluxe Dishes Playset... -> no_match
  229 Cutlery Playset... -> no_match
  230 Rainbow stacking Trio set... -> no_match
  231 Connect a Fruit And Vegetable... -> no_match
  232 Mini Cars playset... -> no_match
  233 10 in 1 Activity Toy... -> no_match
  234 Musical Shape Shorter... -> no_match
  235 Sensory Rattle Ball... -> no_match
  236 Squishy Rattle ball... -> no_match
  237 Pop Up Animals... -> no_match
  238 Pop Up Vehicles... -> no_match
  239 Pound A Ball Shape sorter... -> no_match
  240 Sensory Activity ball... -> no_match
  241 Clip On Mobile with Music... -> no_match
  242 Stroller Arch... -> no_match
  243 Ring Stacker... -> no_match
  244 Pound A Drum... -> no_match
  245 Grand Ball Drop... -> no_match
  246 Twist Stacker... -> no_match
  247 Shape Caddy... -> no_match
  248 Deluxe Shape Caddy... -> no_match
  249 Junior Handyman Tool Belt Set... -> no_match
  250 Junior Handyman Deluxe Tool Belt Set... -> no_match
  251 Junior Handyman Grand Tool Belt Set... -> no_match
  252 Car carrier... -> no_match
  253 Deluxe Car carrier... -> no_match
  254 Emergency Vehicles... -> no_match
  255 Playkidiz City Vehicles... -> no_match
  256 Playkidiz Emergency + City Vehicle Bundl... -> no_match
  257 Clip On Mobile... -> no_match
  258 PLAY CITY Vehicles and Figures Mega Play... -> no_match
  259 Action Garage 3 levels... -> no_match
  260 Action Garage 2 levels... -> no_match
  261 Color Change Squisher Stress Relief Toys... -> no_match
  262 Rescue Ambulance Set... -> no_match
  263 Playkidiz 8 Toy Figures & Playsets... -> no_match
Wrote 263 rows to /Users/shloimy/Documents/GitHub/toys4u2/data/discovered_urls/playkidiz.csv
