/Users/shloimy/Library/Python/3.9/lib/python/site-packages/urllib3/__init__.py:35: NotOpenSSLWarning: urllib3 v2 only supports OpenSSL 1.1.1+, currently the 'ssl' module is compiled with 'LibreSSL 2.8.3'. See: https://github.com/urllib3/urllib3/issues/3020
  warnings.warn(
[1/72] UPC=4001702025007 RAM 2500 Pickup Truck
  OK: Bruder 02500 Ram 2500 Power Wagon 20.12.8
[2/72] UPC=4001702027650 MAN Tip up truck
  OK: Bruder 02765 Man TGA Dump Truck 20.12.8
[3/72] UPC=4001702028213 Mack Granite Fire Engine Truck w/ Water 
  OK: Bruder 02821 Mack Granite Fire Engine with Ladder, Pump, Lig
[4/72] UPC=4001702622503 Bworld UPS Store
  OK: Bruder 62250 bworld UPS Store with Worker 10.7.7
[5/72] UPC=4001702024444 Bruder Cat Track-Type Tractor
  OK: Bruder 02444 Cat® Track-Type Tractor 18.10.10
[6/72] UPC=4001702025021 RAM 2500 Power Wagon w Scrambler Ducati 
  OK: Bruder 02502 Ram 2500 Power Wagon with Ducati Scrambler Dese
[7/72] UPC=4001702027698 MAN Timber truck with loading crane and 
  OK: Bruder 02769 Man TGA Timber Transport Truck with Loading Cra
[8/72] UPC=4001702028244 MACK Granite Timber Truck
  OK: Bruder 02824 Mack Granite Timber Transport Truck with Loadin
[9/72] UPC=4001702037635 MAN TGS Rear Loading Garbage Truck green
  OK: Bruder 03763 Man TGS Rear Loading Garbage Truck (Green) 24.1
[10/72] UPC=4001702024307 Liebherr Articulated Road Loader L 574
  OK: Bruder 02430 Liebherr Wheel Loader L574 24.12.8
[11/72] UPC=4001702027506 Bruder MAN TGA Tow Truck With Cross Coun
  OK: Bruder 02750 Man TGA Tow Truck with Off-Road Vehicle 20.12.8
[12/72] UPC=4001702028145 Granite Cement Mixer
  OK: Bruder 02814 Mack Granite Concrete Mixer Truck 28.12.10
[13/72] UPC=4001702024536 CAT Large Track Type Tractor
  OK: Bruder 02453 Cat® Large Track Dozer 24.12.12
[14/72] UPC=4001702025120 JCB Teletruk with pallet
  OK: Bruder 02512 JCB Teletruk with Pallet 12.10.6
[15/72] UPC=4001702600204 Construction worker with accessories
  OK: Bruder 60020 Construction Worker with Accessories 6.6.6
[16/72] UPC=4001702024840 CAT Excavator
  OK: Bruder 02484 Cat® Excavator 24.12.12
[17/72] UPC=4001702027544 Man TGA Crane Truck
  OK: Bruder 02754 Man TGA Crane Truck 20.12.8
[18/72] UPC=4001702028152 MACK Granite Dump Truck
  OK: Bruder 02815 Mack Granite Dump Truck 24.12.8
[19/72] UPC=4001702622107 Firgure set logistics
  OK: Bruder 01054 *New* 50th Anniversary Limited Edition Man TGA 
[20/72] UPC=4001702024468 CAT Small Excavator
  OK: Bruder 02446 Cat® Wheeled Excavator 20.12.8
[21/72] UPC=4001702025052 RAM 2500 Police with Policeman
  OK: Bruder 02505 Ram 2500 Police Pickup with Police Officer 20.1
[22/72] UPC=4001702025410 Jeep Cross Country racer blue with drive
  OK: Bruder 02541 Jeep Cross Country Racer Blue with Driver 18.10
[23/72] UPC=4001702027711 Fire engine with water pump with Light/S
  OK: Bruder 02771 Man TGA Fire Engine with Ladder, Water Pump and
[24/72] UPC=4001702028282 MACK Granite UPS Logistcs Truck w Forkli
  OK: Bruder 02828 Mack Granite UPS Logistics Truck with Truck-Mou
[25/72] UPC=4001702025113 Linde H30D Fork lift with Pallet
  OK: Bruder 02511 Linde Forklift H30D with Pallets 12.10.6
[26/72] UPC=4001702025908 Bruder Land Rover Defender
  OK: Bruder 01054 *New* 50th Anniversary Limited Edition Man TGA 
[27/72] UPC=4001702028299 Granite Tow Truck with Roadster
  OK: Bruder 02829 Mack Granite Tow Truck with Roadster 28.12.10
[28/72] UPC=4001702631208 bworld Bike shop and service
  OK: Bruder 63120 bworld Bike Shop and Service 12.10.3
[29/72] UPC=4001702024284 JCB Loader Backhoe
  ERROR: Page.goto: Timeout 20000ms exceeded.
Call log:
  - navigating to "https://brudertoyshop.com/search?type=product&q=4001702024284", waiting until "domcontentloaded"

[30/72] UPC=4001702024543 JCB 5CX eco Backhoe Loader
  OK: Bruder 02454 JCB 5CX Eco Backhoe Loader 18.10.10
[31/72] UPC=4001702025267 Jeep Rubicon Police car and Policeman
  OK: Bruder 02526 Jeep Wrangler Unlimited Rubicon Police Vehicle 
[32/72] UPC=4001702028138 Granite Flatbed Truck with Loader Backho
  OK: Bruder 02813 Mack Granite Truck with Low Loader and JCB 4CX 
[33/72] UPC=400170226707 MB Sprinter Transfer
  OK: Bruder 01054 *New* 50th Anniversary Limited Edition Man TGA 
[34/72] UPC=4001702021429 Bruder Cat Telehandler
  OK: Bruder 02142 Cat® Telehandler 18.10.10
[35/72] UPC=4001702024253 Bruder Articulated Road Loader Fiat
  OK: Bruder 02425 Articulated Wheel Loader FR 130 18.10.10
[36/72] UPC=4001702024260 Wheel Excavator Liebherr Power Shovel
  OK: Bruder 02426 Liebherr Shovel Excavator 18.10.10
[37/72] UPC=4001702024826 CAT Skid Steer Loader
  OK: Bruder 02482 Cat® Skid Steer Loader 12.10.6
[38/72] UPC=4001702025045 Bruder - Ram 2500 Power Wagon Roadster R
  OK: Bruder 02504 Ram 2500 Power Wagon and Roadster Racing Team 2
[39/72] UPC=4001702025076 Ram 2500 Police with Lights & Sounds Tra
  OK: Bruder 02507 Ram 2500 Police Pickup, L+S Module, Trailer wit
[40/72] UPC=4001702025090 Ram Service Truck with Rotating Beacon L
  OK: Bruder 02509 Ram 2500 Service Truck with Rotating Beacon 20.
[41/72] UPC=4001702025281 Jeep Rubicon Fire Vehicle W Fireman
  OK: Bruder 02528 Jeep Wrangler Unlimited Rubicon Fire Service wi
[42/72] UPC=4001702025434 Jeep Rubicon w/Mountain Bike and Figure
  OK: Bruder 02543 Jeep Wrangler Rubicon Unlimited with Mountain B
[43/72] UPC=4001702025441 RAM 2500 Fire Rescue truck
  OK: Bruder 02544 Ram 2500 Fire Truck with L+S Module 20.12.8
[44/72] UPC=4001702025922 Land Rover Defender W/ Horse Trailer and
  OK: Bruder 02592 Land Rover Defender with Horse Trailer and Hors
[45/72] UPC=4001702025939 Land Rover Defender with Trailer
  OK: Bruder 02593 Land Rover Defender Station Wagon with Trailer,
[46/72] UPC=4001702026721 Mercedes-Benz Sprinter Camper
  OK: Bruder 01054 *New* 50th Anniversary Limited Edition Man TGA 
[47/72] UPC=4001702026738 MB Sprinter Fire Engine W/ Ladder
  OK: Bruder 02673 Mercedes-Benz Sprinter Fire Engine with Ladder,
[48/72] UPC=4001702026752 Sprinter Autotransporter with Roadster
  OK: Bruder 02675 Mercedes-Benz Sprinter Car Transporter with Lig
[49/72] UPC=4001702026769 Sprinter Ambulance with Driver
  OK: Bruder 02676 Mercedes-Benz Sprinter Ambulance with Driver 20
[50/72] UPC=4001702026783 Bruder Mercedes-Benz Sprinter UPS Truck
  OK: Bruder 02678 Mercedes-Benz Sprinter UPS with Driver and Acce
[51/72] UPC=4001702026790 MB Sprinter W/Working Platform
  OK: Bruder 02679 Mercedes-Benz Sprinter Work Platform with Light
[52/72] UPC=4001702026806 MB Sprinter Fire Rescue with Water Pump
  OK: Bruder 02680 Mercedes-Benz Sprinter Fire Engine with Light &
[53/72] UPC=4001702026820 Sprinter Municipal Garbage Vehicle
  OK: Bruder 02682 Mercedes-Benz Sprinter Municipal Garbage Truck 
[54/72] UPC=4001702026837 MB Sprinter Police Emergency Vehicle
  OK: Bruder 02683 Mercedes-Benz Sprinter Police Vehicle with Ligh
[55/72] UPC=4001702027742 Bruder Man TGA Loader Truck with Manitou
  OK: Bruder 02774 Man TGA Low Loader with Manitou Telehandler 35.
[56/72] UPC=4001702028183 Mach Granite Liebherr Crane Truck
  OK: Bruder 02818 Mack Granite Liebherr Crane Truck 28.12.10
[57/72] UPC=4001702028275 Bruder 02827 MACK Granite Tanker Truck
  OK: Bruder 02827 Mack Granite Tanker Truck 24.12.8
[58/72] UPC=4001702028305 Bruder Mack Granite Cattle Transport
  OK: Bruder 02830 Mack Granite Cattle Transport Truck with 1 Catt
[59/72] UPC=4001702034818 Roadster with Driver Blue
  OK: Bruder 03481 Blue Roadster with Driver 18.10.10
[60/72] UPC=4001702035716 Scania Super 560R Liebherr Crane
  OK: Bruder 03571 Scania Super 560R Liebherr Crane Truck with Lig
[61/72] UPC=4001702035822 Scania Super 560R UPS Logistics Truck w/
  OK: Bruder 03582 Scania Super 560R UPS Logistics Truck with Truc
[62/72] UPC=4001702037109 TGS Cemnent Mixer
  OK: Bruder 01054 *New* 50th Anniversary Limited Edition Man TGA 
[63/72] UPC=4001702037604 Bruder Garbage Truck Orange
  OK: Bruder 03760 Man TGS Garbage Truck (Orange) 28.12.10
[64/72] UPC=4001702037666 Bruder MAN TGS Tipper Truck
  OK: Bruder 03766 Man TGS Dump Truck 24.12.8
[65/72] UPC=4001702037673 Man TGS Truck with Roll Off Container & 
  OK: Bruder 03767 Man TGS Truck with Roll-Off Container and Schaf
[66/72] UPC=4001702627331 Bruder Police Boat with Policeman
  OK: Bruder 62733 bworld Police Boat with Police Officer, Diver a
[67/72] UPC=4001702027384 MAN Cement Mixer blue replacing
  OK: Bruder 02738 Man TGA Cement Mixer 20.12.8
[68/72] UPC=4001702025465 RAM Rental Service w trailer / Mini Exca
  OK: Bruder 02546 *New* Ram Rental Service with Mini Excavator 20
[69/72] UPC=4001702034535 ROADMAX tractor w logging trailer
  OK: Bruder 03453 *New* Roadmax Tractor with Trailer and 3 Logs 3
[70/72] UPC=4001702028312 MACK Granite Heavy tow truck w light and
  OK: Bruder 02831 *New* Mack Granite Recovery and Towing Truck wi
[71/72] UPC=4001702026844 MB Sprinter Camper w driver
  OK: Bruder 02684 *New* Mercedes-Benz Sprinter Camper with Driver
[72/72] UPC=4001702034856 Roadster with Road Bike and Figure
  OK: Bruder 03485 Red Roadster with Road Bike and Cyclist 18.10.1

Done: 71/72 products saved
