/Users/shloimy/Library/Python/3.9/lib/python/site-packages/urllib3/__init__.py:35: NotOpenSSLWarning: urllib3 v2 only supports OpenSSL 1.1.1+, currently the 'ssl' module is compiled with 'LibreSSL 2.8.3'. See: https://github.com/urllib3/urllib3/issues/3020
  warnings.warn(
[1/61] UPC=32309010329 Metal Earth White House
  SKIP: no product found
[2/61] UPC=32309010480 Metal Earth Brooklyn Bridge
  SKIP: no product found
[3/61] UPC=32309010756 Metal Earth Electric Bass Guitar
  SKIP: no product found
[4/61] UPC=32309011159 Metal Earth Fire Engine Truck
  SKIP: no product found
[5/61] UPC=32309013108 Premium Series - Empire State Building
  SKIP: no product found
[6/61] UPC=32309010169 Metal Earth Eiffel Tower
  SKIP: no product found
[7/61] UPC=32309011807 P-51D Mustang
  OK: P-51D Mustang™ Sweet Arlene
[8/61] UPC=32309012064 Metal Earth - M1 Abrams Tank
  SKIP: no product found
[9/61] UPC=32309013115 metal earth eiffel tower
  SKIP: no product found
[10/61] UPC=32309010145 METAL EARTH SEATLE SPACE NEEDLE
  SKIP: no product found
[11/61] UPC=32309010305 Metal Earth Titanic ship
  SKIP: no product found
[12/61] UPC=32309010749 Metal Earth Electric Lead Guitar
  SKIP: no product found
[13/61] UPC=32309010923 Metal Earth Crawler Crane
  SKIP: no product found
[14/61] UPC=32309013023 METAL EARTH US CAPITOL
  SKIP: no product found
[15/61] UPC=32309001006 Metal Earth Tool Kit
  SKIP: no product found
[16/61] UPC=32309010763 Metal Earth - Drum Set
  SKIP: no product found
[17/61] UPC=32309011852 Metal Earth Excavator
  OK: Excavator
[18/61] UPC=32309001051 3-Piece Tool Kit Metal Earth
  SKIP: no product found
[19/61] UPC=32309010220 Metal Earth London Tower Bridge
  SKIP: no product found
[20/61] UPC=32309010381 Metal Earth Windmill
  SKIP: no product found
[21/61] UPC=32309010800 Metal Earth Grand Piano
  SKIP: no product found
[22/61] UPC=32309010107 Metal Earth Empire State building
  SKIP: no product found
[23/61] UPC=32309010404 Metal Earth Lighthouse
  SKIP: no product found
[24/61] UPC=32309010817 Metal Earth Bass Fiddle
  OK: BASS FIDDLE
[25/61] UPC=32309015041 Metal Earth Golden Hind ship - GOLD
  SKIP: no product found
[26/61] UPC=32309010251 METAL EARTH BRANDENBURG GATE
  SKIP: no product found
[27/61] UPC=32309010442 Metal Earth Ferris Wheel
  SKIP: no product found
[28/61] UPC=32309010893 Metal Earth Merry Go Round
  SKIP: no product found
[29/61] UPC=32309000054 Metal Earth Supermarine Spitfire
  SKIP: no product found
[30/61] UPC=32309000085 Metal Earth Great White Shark
  SKIP: no product found
[31/61] UPC=32309000238 Metal Earth Sopwith Camel
  SKIP: no product found
[32/61] UPC=32309001334 Blue Angels F\A-18
  SKIP: no product found
[33/61] UPC=32309001433 Metal Earth - USS MIDWAY
  SKIP: no product found
[34/61] UPC=32309011814 DELOREAN
  OK: DeLorean
[35/61] UPC=32309011883 metal earth gatling gun
  SKIP: no product found
[36/61] UPC=32309011975 Metal Earth 1931 Ford Model A
  SKIP: no product found
[37/61] UPC=32309020083 Premium Series - Statue of Liberty
  SKIP: no product found
[38/61] UPC=32309020090 London Tower Bridge
  OK: London Tower Bridge
[39/61] UPC=32309220186 Premium Series - Brooklyn Bridge
  SKIP: no product found
[40/61] UPC=32309013696 PREMIUM SERIES B-2A SPIRIT
  OK: Premium Series B-2A Spirit
[41/61] UPC=32309000160 F-22 RAPTOR
  OK: F-22 RAPTOR
[42/61] UPC=32309024685 Metal Earth - USPS LLV Mail Truck
  SKIP: no product found
[43/61] UPC=32309000092 METAL EARTH FLYING FORTRESS
  SKIP: no product found
[44/61] UPC=32309220155 kawasaki
  OK: Kawasaki GPz900R
[45/61] UPC=32309000016 Air Force One
  OK: Air Force One
[46/61] UPC=32309000146 Metal Earth Giraffe 3D Metal
  SKIP: no product found
[47/61] UPC=32309024616 metal earth black hawk
  SKIP: no product found
[48/61] UPC=32309012040 metal earth sherman tank
  SKIP: no product found
[49/61] UPC=32309000283 Metal Earth - Grand Piano
  SKIP: no product found
[50/61] UPC=32309220117 THE SPRUCE GOOSE
  OK: The Spruce Goose
[51/61] UPC=32309015065 1908 Ford Model T
  OK: 1908 FORD MODEL T
[52/61] UPC=32309220131 GOLDEN GATE BRIDGE
  OK: GOLD GOLDEN GATE BRIDGE
[53/61] UPC=32309000191 SULTANA STREAMBOAT
  SKIP: no product found
[54/61] UPC=32309000368 Metal Earth - Trumpet
  SKIP: no product found
[55/61] UPC=32309000207 metal earth keel billed toucan
  SKIP: no product found
[56/61] UPC=32309000245 metal earth spad s.xiii
  SKIP: no product found
[57/61] UPC=32309000290 metal earth tiger
  SKIP: no product found
[58/61] UPC=32309000344 Metal Earth - Lockheed SR-71 Blackbird
  SKIP: no product found
[59/61] UPC=32309006469 METAL EARTH F-16 Fighting Falcon Air For
  SKIP: no product found
[60/61] UPC=32309220230 Premium Series - USS Nautilus
  SKIP: no product found
[61/61] UPC=32309220247 Premium Series - M4 Sherman
  SKIP: no product found

Done: 12/61 products saved
