/Users/shloimy/Library/Python/3.9/lib/python/site-packages/urllib3/__init__.py:35: NotOpenSSLWarning: urllib3 v2 only supports OpenSSL 1.1.1+, currently the 'ssl' module is compiled with 'LibreSSL 2.8.3'. See: https://github.com/urllib3/urllib3/issues/3020
  warnings.warn(
  [1/445] 840195601442 -> Enday
  [2/445] 840195601473 -> Enday
  [3/445] 840195602906 -> Enday
  [4/445] 840195602920 -> Enday
  [5/445] 840195602944 -> Enday
  [6/445] 840195604566 -> Enday
  [7/445] 840195606676 -> Enday
  [8/445] 840195606683 -> Enday
  [9/445] 840195606737 -> Enday
  [10/445] 840195606881 -> Enday
  [11/445] 840195607413 -> Enday
  [12/445] 840195608328 -> Enday
  [13/445] 840195617863 -> Enday
  [14/445] 840195617887 -> Enday
  [15/445] 840195617894 -> Enday
  [16/445] 840195618594 -> Enday
  [17/445] 840195618600 -> Enday
  [18/445] 840195618617 -> Enday
  [19/445] 840195619423 -> Enday
  [20/445] 840195619430 -> Enday
  [21/445] 840195680256 -> Enday
  [22/445] 840195617870 -> Enday
  [23/445] 840195600599 -> Enday
  [24/445] 840195601459 -> Enday
  [25/445] 840195605815 -> Enday
  [26/445] 840195600544 -> Enday
  [27/445] 840195605808 -> Enday
  [28/445] 840195606874 -> Enday
  [29/445] 840195604702 -> Enday
  [30/445] 840195607512 -> Enday
  [31/445] 840195619416 -> Enday
  [32/445] 840195608939 -> Enday
  [33/445] 840195606843 -> Enday
  [34/445] 840195606867 -> Enday
  [35/445] 840195600605 -> Enday
  [36/445] 840195606829 -> Enday
  [37/445] 840195686487 -> Enday
  [38/445] 840195686470 -> Enday
  [39/445] 840195686463 -> Enday
  [40/445] 840195619409 -> Enday
  [41/445] 840195602913 -> Enday
  [42/445] 840195680508 -> Enday
  [43/445] 840195602890 -> Enday
  [44/445] 840195618587 -> Enday
  [45/445] 840195606270 -> Enday
  [46/445] 840195685268 -> Enday
  [47/445] 840195606287 -> Enday
  [48/445] 840195604214 -> Enday
  [49/445] 840195601268 -> Enday
  [50/445] 840195680522 -> Enday
  [51/445] 840195680515 -> Enday
  [52/445] 78910385944 -> Enday
  [53/445] 78910434710 -> Enday
  [54/445] 840195605235 -> Enday
  [55/445] 840195606799 -> Enday
  [56/445] 840195606805 -> Enday
  [57/445] 840195606812 -> Enday
  [58/445] 840195611816 -> Enday
  [59/445] 840195611830 -> Enday
  [60/445] 840195611854 -> Enday
  [61/445] 840195611885 -> Enday
  [62/445] 840195612202 -> Enday
  [63/445] 840195612233 -> Enday
  [64/445] 840195612257 -> Enday
  [65/445] 840195681314 -> Enday
  [66/445] 840195682489 -> Enday
  [67/445] 840195682496 -> Enday
  [68/445] 840195682502 -> Enday
  [69/445] 840195605167 -> Enday
  [70/445] 840195609585 -> Enday
  [71/445] 840195605112 -> Enday
  [72/445] 840195611878 -> Enday
  [73/445] 840195605075 -> Enday
  [74/445] 840195609066 -> Enday
  [75/445] 840195605136 -> Enday
  [76/445] 840195605143 -> Enday
  [77/445] 840195611809 -> Enday
  [78/445] 840195611892 -> Enday
  [79/445] 840195605181 -> Enday
  [80/445] 840195611847 -> Enday
  [81/445] 840195605174 -> Enday
  [82/445] 840195611823 -> Enday
  [83/445] 840195620764 -> Enday
  [84/445] 840195611861 -> Enday
  [85/445] 840195605006 -> Enday
  [86/445] 840195609592 -> Enday
  [87/445] 652695705021 -> Enday
  [88/445] 840195686074 -> Enday
  [89/445] 840195686104 -> Enday
  [90/445] 840195686067 -> Enday
  [91/445] 840195686036 -> Enday
  [92/445] 840195606775 -> Enday
  [93/445] 840195605082 -> Enday
  [94/445] 840195604689 -> Enday
  [95/445] 840195685992 -> Enday
  [96/445] 840195686012 -> Enday
  [97/445] 840195605020 -> Enday
  [98/445] 840195686029 -> Enday
  [99/445] 840195686005 -> Enday
  [100/445] 840195685961 -> Enday
  [101/445] 840195685985 -> Enday
  [102/445] 840195685954 -> Enday
  [103/445] 840195685978 -> Enday
  [104/445] 840195606836 -> Enday
  [105/445] 840195686050 -> Enday
  [106/445] 840195686043 -> Enday
  [107/445] 840195605105 -> Enday
  [108/445] 840195686098 -> Enday
  [109/445] 840195686081 -> Enday
  [110/445] 810019119286 -> Enday
  [111/445] 840195612219 -> Enday
  [112/445] 840195686371 -> Enday
  [113/445] 840195686364 -> Enday
  [114/445] 840195685374 -> Enday
  [115/445] 840195604993 -> Enday
  [116/445] 840195604962 -> Enday
  [117/445] 840195604986 -> Enday
  [118/445] 840195605129 -> Enday
  [119/445] 840195605099 -> Enday
  [120/445] 840195685831 -> Enday
  [121/445] 840195685800 -> Enday
  [122/445] 840195685817 -> Enday
  [123/445] 840195685824 -> Enday
  [124/445] 840195685664 -> Enday
  [125/445] 840195612226 -> Enday
  [126/445] 840195612240 -> Enday
  [127/445] 840195686388 -> Enday
  [128/445] 840195605013 -> Enday
  [129/445] 840195685688 -> Enday
  [130/445] 840195685947 -> Enday
  [131/445] 840195619089 -> Enday
  [132/445] 840195605150 -> Enday
  [133/445] 840195685930 -> Enday
  [134/445] 840195605068 -> Enday
  [135/445] 840195619072 -> Enday
  [136/445] 840195609103 -> Enday
  [137/445] 840195604979 -> Enday
  [138/445] 840195685923 -> Enday
  [139/445] 840195605044 -> Enday
  [140/445] 840195605037 -> Enday
  [141/445] 840195686357 -> Enday
  [142/445] 840195600209 -> Enday
  [143/445] 840195600216 -> Enday
  [144/445] 840195600223 -> Enday
  [145/445] 840195600230 -> Enday
  [146/445] 840195600247 -> Enday
  [147/445] 840195608908 -> Enday
  [148/445] 840195611755 -> Enday
  [149/445] 840195604191 -> Enday
  [150/445] 840195681673 -> Enday
  [151/445] 840195681710 -> Enday
  [152/445] 840195681727 -> Enday
  [153/445] 840195681734 -> Enday
  [154/445] 811902031531 -> Enday
  [155/445] 765940822920 -> Enday
  [156/445] 78484087138 -> Enday
  [157/445] 840195600551 -> Enday
  [158/445] 840195604153 -> Enday
  [159/445] 840195604658 -> Enday
  [160/445] 840195605822 -> Enday
  [161/445] 840195605853 -> Enday
  [162/445] 840195605860 -> Enday
  [163/445] 840195618013 -> Enday
  [164/445] 840195618020 -> Enday
  [165/445] 840195618037 -> Enday
  [166/445] 840195618044 -> Enday
  [167/445] 840195681550 -> Enday
  [168/445] 840195681802 -> Enday
  [169/445] 811902039827 -> Enday
  [170/445] 840195605839 -> Enday
  [171/445] 840195601237 -> Enday
  [172/445] 840195685251 -> Enday
  [173/445] 840195606904 -> Enday
  [174/445] 840195605846 -> Enday
  [175/445] 840195611700 -> Enday
  [176/445] 840195681345 -> Enday
  [177/445] 840195613087 -> Enday
  [178/445] 840195681413 -> Enday
  [179/445] 840195681383 -> Enday
  [180/445] 840195681420 -> Enday
  [181/445] 840195681390 -> Enday
  [182/445] 840195681369 -> Enday
  [183/445] 840195681536 -> Enday
  [184/445] 840195681437 -> Enday
  [185/445] 840195681529 -> Enday
  [186/445] 840195681376 -> Enday
  [187/445] 840195681512 -> Enday
  [188/445] 840195681406 -> Enday
  [189/445] 194356038609 -> Enday
  [190/445] 194356031686 -> Enday
  [191/445] 194356093103 -> Enday
  [192/445] 810019112416 -> Enday
  [193/445] 840195603026 -> Enday
  [194/445] 840195604733 -> Enday
  [195/445] 840195604757 -> Enday
  [196/445] 840195604764 -> Enday
  [197/445] 840195607390 -> Enday
  [198/445] 840195610789 -> Enday
  [199/445] 840195610796 -> Enday
  [200/445] 840195610819 -> Enday
  [201/445] 840195610826 -> Enday
  [202/445] 840195616828 -> Enday
  [203/445] 840195616835 -> Enday
  [204/445] 840195616842 -> Enday
  [205/445] 840195616859 -> Enday
  [206/445] 840195616866 -> Enday
  [207/445] 840195617061 -> Enday
  [208/445] 840195617320 -> Enday
  [209/445] 840195617375 -> Enday
  [210/445] 840195617405 -> Enday
  [211/445] 840195617443 -> Enday
  [212/445] 840195617474 -> Enday
  [213/445] 840195618327 -> Enday
  [214/445] 840195618358 -> Enday
  [215/445] 840195618365 -> Enday
  [216/445] 840195618389 -> Enday
  [217/445] 840195618396 -> Enday
  [218/445] 840195618419 -> Enday
  [219/445] 840195618464 -> Enday
  [220/445] 840195618471 -> Enday
  [221/445] 840195618488 -> Enday
  [222/445] 840195618549 -> Enday
  [223/445] 840195681826 -> Enday
  [224/445] 840195682304 -> Enday
  [225/445] 840195683080 -> Enday
  [226/445] 807676141729 -> Enday
  [227/445] 840195617306 -> Enday
  [228/445] 840195618372 -> Enday
  [229/445] 840195611175 -> Enday
  [230/445] 840195617337 -> Enday
  [231/445] 840195604726 -> Enday
  [232/445] 840195617177 -> Enday
  [233/445] 840195604740 -> Enday
  [234/445] 840195683073 -> Enday
  [235/445] 840195682540 -> Enday
  [236/445] 840195682533 -> Enday
  [237/445] 840195685381 -> Enday
  [238/445] 840195617702 -> Enday
  [239/445] 840195618303 -> Enday
  [240/445] 840195618280 -> Enday
  [241/445] 840195686746 -> Enday
  [242/445] 840195612141 -> Enday
  [243/445] 840195617696 -> Enday
  [244/445] 840195617429 -> Enday
  [245/445] 840195686739 -> Enday
  [246/445] 840195617467 -> Enday
  [247/445] 840195617740 -> Enday
  [248/445] 840195682410 -> Enday
  [249/445] 858307007235 -> Enday
  [250/445] 840195604788 -> Enday
  [251/445] 840195686425 -> Enday
  [252/445] 840195686432 -> Enday
  [253/445] 840195618412 -> Enday
  [254/445] 840195604771 -> Enday
  [255/445] 840195604801 -> Enday
  [256/445] 840195611694 -> Enday
  [257/445] 840195618525 -> Enday
  [258/445] 840195602494 -> Enday
  [259/445] 840195610765 -> Enday
  [260/445] 840195681963 -> Enday
  [261/445] 840195617412 -> Enday
  [262/445] 840195617436 -> Enday
  [263/445] 840195610451 -> Enday
  [264/445] 840195618273 -> Enday
  [265/445] 840195604207 -> Enday
  [266/445] 840195686814 -> Enday
  [267/445] 840195683493 -> Enday
  [268/445] 840195683547 -> Enday
  [269/445] 840195686852 -> Enday
  [270/445] 840195686777 -> Enday
  [271/445] 840195616972 -> Enday
  [272/445] 840195616965 -> Enday
  [273/445] 840195616934 -> Enday
  [274/445] 840195616958 -> Enday
  [275/445] 840195605259 -> Enday
  [276/445] 840195605303 -> Enday
  [277/445] 840195605341 -> Enday
  [278/445] 840195606300 -> Enday
  [279/445] 840195606324 -> Enday
  [280/445] 840195606331 -> Enday
  [281/445] 840195609035 -> Enday
  [282/445] 840195611724 -> Enday
  [283/445] 840195611977 -> Enday
  [284/445] 840195611991 -> Enday
  [285/445] 840195616880 -> Enday
  [286/445] 840195616897 -> Enday
  [287/445] 840195619355 -> Enday
  [288/445] 840195682274 -> Enday
  [289/445] 840195682298 -> Enday
  [290/445] 840195616873 -> Enday
  [291/445] 840195682281 -> Enday
  [292/445] 840195605556 -> Enday
  [293/445] 840195682557 -> Enday
  [294/445] 840195611960 -> Enday
  [295/445] 840195682564 -> Enday
  [296/445] 840195605594 -> Enday
  [297/445] 840195611984 -> Enday
  [298/445] 840195616590 -> Enday
  [299/445] 840195611953 -> Enday
  [300/445] 840195606478 -> Enday
  [301/445] 840195680041 -> Enday
  [302/445] 840195683455 -> Enday
  [303/445] 840195683486 -> Enday
  [304/445] 840195683462 -> Enday
  [305/445] 840195680010 -> Enday
  [306/445] 840195685435 -> Enday
  [307/445] 840195685459 -> Enday
  [308/445] 840195685442 -> Enday
  [309/445] 840195682397 -> Enday
  [310/445] 840195685428 -> Enday
  [311/445] 840195685466 -> Enday
  [312/445] 840195605273 -> Enday
  [313/445] 840195611731 -> Enday
  [314/445] 840195683479 -> Enday
  [315/445] 840195683530 -> Enday
  [316/445] 840195683509 -> Enday
  [317/445] 840195683523 -> Enday
  [318/445] 840195683554 -> Enday
  [319/445] 840195682458 -> Enday
  [320/445] 840195682465 -> Enday
  [321/445] 840195682434 -> Enday
  [322/445] 840195682441 -> Enday
  [323/445] 840195682290 -> Enday
  [324/445] 840195682311 -> Enday
  [325/445] 840195605228 -> Enday
  [326/445] 840195685312 -> Enday
  [327/445] 840195605426 -> Enday
  [328/445] 840195605297 -> Enday
  [329/445] 840195605327 -> Enday
  [330/445] 840195605334 -> Enday
  [331/445] 840195681987 -> Enday
  [332/445] 840195605266 -> Enday
  [333/445] 7848409416 -> Enday
  [334/445] 78484089422 -> Enday
  [335/445] 840195605884 -> Enday
  [336/445] 840195605914 -> Enday
  [337/445] 840195611656 -> Enday
  [338/445] 840195611908 -> Enday
  [339/445] 840195611946 -> Enday
  [340/445] 840195617900 -> Enday
  [341/445] 840195618143 -> Enday
  [342/445] 840195618150 -> Enday
  [343/445] 840195681604 -> Enday
  [344/445] 840195605891 -> Enday
  [345/445] 840195605921 -> Enday
  [346/445] 840195608922 -> Enday
  [347/445] 840195608960 -> Enday
  [348/445] 840195608953 -> Enday
  [349/445] 840195685749 -> Enday
  [350/445] 840195686890 -> Enday
  [351/445] 840195681598 -> Enday
  [352/445] 840195611915 -> Enday
  [353/445] 840195605938 -> Enday
  [354/445] 840195681635 -> Enday
  [355/445] 840195681253 -> Enday
  [356/445] 840195608977 -> Enday
  [357/445] 840195600483 -> Enday
  [358/445] 840195601251 -> Enday
  [359/445] 840195602067 -> Enday
  [360/445] 840195602074 -> Enday
  [361/445] 840195605778 -> Enday
  [362/445] 840195606966 -> Enday
  [363/445] 840195606973 -> Enday
  [364/445] 840195607345 -> Enday
  [365/445] 840195607352 -> Enday
  [366/445] 840195608120 -> Enday
  [367/445] 840195616941 -> Enday
  [368/445] 840195617016 -> Enday
  [369/445] 840195617030 -> Enday
  [370/445] 840195617948 -> Enday
  [371/445] 840195617979 -> Enday
  [372/445] 840195681581 -> Enday
  [373/445] 840195681628 -> Enday
  [374/445] 840195681642 -> Enday
  [375/445] 815518028985 -> Enday
  [376/445] 840195681574 -> Enday
  [377/445] 840195600452 -> Enday
  [378/445] 840195605457 -> Enday
  [379/445] 840195605747 -> Enday
  [380/445] 840195606942 -> Enday
  [381/445] 840195605730 -> Enday
  [382/445] 840195606294 -> Enday
  [383/445] 840195606959 -> Enday
  [384/445] 840195605785 -> Enday
  [385/445] 840195608151 -> Enday
  [386/445] 840195605754 -> Enday
  [387/445] 840195608137 -> Enday
  [388/445] 840195605433 -> Enday
  [389/445] 840195683516 -> Enday
  [390/445] 840195682977 -> Enday
  [391/445] 840195685473 -> Enday
  [392/445] 840195686838 -> Enday
  [393/445] 840195605440 -> Enday
  [394/445] 840195605471 -> Enday
  [395/445] 840195617955 -> Enday
  [396/445] 840195686821 -> Enday
  [397/445] STENOPAD69 -> Enday
  [398/445] 840195617023 -> Enday
  [399/445] 810019111549 -> Enday
  [400/445] 840195681611 -> Enday
  [401/445] 84019568298 -> Enday
  [402/445] 840195681666 -> Enday
  [403/445] 840195686845 -> Enday
  [404/445] 840195600469 -> Enday
  [405/445] 840195616996 -> Enday
  [406/445] 840195686876 -> Enday
  [407/445] 840195605488 -> Enday
  [408/445] 672672494816 -> Enday
  [409/445] 840195600476 -> Enday
  [410/445] 840195605463 -> Enday
  [411/445] 840195609080 -> Enday
  [412/445] 840195618259 -> Enday
  [413/445] 840195618624 -> Enday
  [414/445] 840195681680 -> Enday
  [415/445] 840195681697 -> Enday
  [416/445] 840195681703 -> Enday
  [417/445] 840195600568 -> Enday
  [418/445] 840195609097 -> Enday
  [419/445] 840195600513 -> Enday
  [420/445] 840195600612 -> Enday
  [421/445] 840195618266 -> Enday
  [422/445] 840195602562 -> Enday
  [423/445] 840195681659 -> Enday
  [424/445] 840195682649 -> Enday
  [425/445] 840195686753 -> Enday
  [426/445] 840195606249 -> Enday
  [427/445] 840195618297 -> Enday
  [428/445] 840195606263 -> Enday
  [429/445] 840195606850 -> Enday
  [430/445] 840195606232 -> Enday
  [431/445] 840195686760 -> Enday
  [432/445] 850055303072 -> Enday
  [433/445] 84019560046 -> Enday
  [434/445] 840195603088 -> Enday
  [435/445] 810019111563 -> Enday
  [436/445] 840195683271 -> Enday
  [437/445] 840195683288 -> Enday
  [438/445] 840195683332 -> Enday
  [439/445] 840195683349 -> Enday
  [440/445] 840195683356 -> Enday
  [441/445] 840195683363 -> Enday
  [442/445] 840195683301 -> Enday
  [443/445] 840195683318 -> Enday
  [444/445] 840195600704 -> Enday
  [445/445] 840195683295 -> Enday
Done: /Users/shloimy/Documents/GitHub/toys4u2/data/extracted/enday.csv (445/445 with data), images in /Users/shloimy/Documents/GitHub/toys4u2/data/images/enday
