/Users/shloimy/Library/Python/3.9/lib/python/site-packages/urllib3/__init__.py:35: NotOpenSSLWarning: urllib3 v2 only supports OpenSSL 1.1.1+, currently the 'ssl' module is compiled with 'LibreSSL 2.8.3'. See: https://github.com/urllib3/urllib3/issues/3020
  warnings.warn(
[1/126] UPC=766162174866 Q5 Case - Black
  SKIP: no product found
[2/126] UPC=766162175061 Smartbass 8.0 Case - Black
  SKIP: no product found
[3/126] UPC=766162174965 Q6 Case - Black
  SKIP: no product found
[4/126] UPC=766162174941 Q6 CASE - BROWN
  SKIP: no product found
[5/126] UPC=766162175146 Smartbass 8.0 Case - Gray
  SKIP: no product found
[6/126] UPC=766162174958 Q6 Case - Blue
  SKIP: no product found
[7/126] UPC=766162174934 Q6 CASE - GRAY
  SKIP: no product found
[8/126] UPC=766162175238 DYNAMITE CASE - BLUE
  OK: SAMVIX DYNAMITE 2.0 16GB Sport MP3 Player – Samvix | סאמויקס
[9/126] UPC=766162175245 DYNAMITE CASE - GRAY
  SKIP: no product found
[10/126] UPC=766162174972 Q4 Case
  OK: Leather Book Case for Q4 Music Player – Samvix | סאמויקס
[11/126] UPC=766162174903 Q5 Case - Blue
  SKIP: no product found
[12/126] UPC=766162174910 Q5 Case - Red
  SKIP: no product found
[13/126] UPC=766162175191 I Business Case - Black
  SKIP: no product found
[14/126] UPC=766162175214 BUSINESS CASE GRAY
  SKIP: no product found
[15/126] UPC=766162175795 Samvix Powerbank
  SKIP: no product found
[16/126] UPC=638455683495 SAMVIX UCamera - black no video
  OK: The Samvix Digital Camera with Optical Zoom “UCamera X8400” 
[17/126] UPC=637057969822 Samvix Ucamera S7 (With no Video)- Red
  SKIP: no product found
[18/126] UPC=637057969907 Samvix Ucamera S10 (Video) Black
  SKIP: no product found
[19/126] UPC=637057969921 UCAMERA ZOOM-5 - BLACK
  SKIP: no product found
[20/126] UPC=637057969938 UCAMERA ZOOM-5 - SILVER
  SKIP: no product found
[21/126] UPC=637057970088 Samvix Ucamera S7 (NO Video) -BLACK
  SKIP: no product found
[22/126] UPC=637057970125 Samvix Ucamera S8 (With Video) - silver
  SKIP: no product found
[23/126] UPC=638455683501 Samvix Ucamera S7 (With Video) - WHITE
  SKIP: no product found
[24/126] UPC=637057969846 Samvix Ucamera S7 (With no Video)- silve
  SKIP: no product found
[25/126] UPC=637057969914 Samvix iCamera 3.0 (Video) - Pink
  SKIP: no product found
[26/126] UPC=638455682146 Samvix iCamera 3.0 (Video) - Black
  SKIP: no product found
[27/126] UPC=766162175696 Samvix UCamera X8400 Digital Camera - Bl
  OK: The Samvix Digital Camera with Optical Zoom “UCamera X8400” 
[28/126] UPC=766162175856 Samvix UCamera X8400 Digital Camera - Wh
  OK: The Samvix Digital Camera with Optical Zoom “UCamera X8400” 
[29/126] UPC=766162175726 Samvix UCamera X9200 Digital Camera - Bl
  OK: The Samvix Digital Camera with Optical Zoom “UCamera X9200” 
[30/126] UPC=766162175863 Samvix UCamera X9200 Digital Camera - Wh
  OK: The Samvix Digital Camera with Optical Zoom “UCamera X9200” 
[31/126] UPC=638455682757 GOOBABOY GAMEBOY
  SKIP: no product found
[32/126] UPC=766162174620 IPlantinum 3DX Game Console
  SKIP: no product found
[33/126] UPC=637057969884 Moyolo Gameboy F5
  SKIP: no product found
[34/126] UPC=766162174613 Samvix GoobaBoy X
  OK: Samvix GoobaBoy X – Game Console – Kosher – Samvix | סאמויקס
[35/126] UPC=637057969891 Moyolo Gameboy G9
  SKIP: no product found
[36/126] UPC=637057969884 MOYOLO CUSTOMIZED ELECTRONICS F5
  SKIP: no product found
[37/126] UPC=637057969891 MOYOLO CUSTOMIZED ELECTRONICS G9
  SKIP: no product found
[38/126] UPC=766162174774 RECORDER STUDENT" SAMVIX 128 GB
  SKIP: no product found
[39/126] UPC=638455681507 DYNAMITE 8 GB MP3 PLAYER - pink
  SKIP: no product found
[40/126] UPC=766162175689 DYNAMITE 2.0 - 16 GB-BLK COLOR
  SKIP: no product found
[41/126] UPC=638455681491 DYNAMITE MP3 PLAYER - white
  SKIP: no product found
[42/126] UPC=638455682160 DYNAMITE 8G MP3 - PINK/WHITE
  SKIP: no product found
[43/126] UPC=638455681460 DYNAMITE 8GB MP3 PLAYER - Black
  SKIP: no product found
[44/126] UPC=638455681583 SAMVIX GLASBA 8 - Black
  OK: SAMVIX GLASBA 64 MP3 PLAYER – Samvix | סאמויקס
[45/126] UPC=638455681668 Samvix Basic Sound MP3 Player - Black
  SKIP: no product found
[46/126] UPC=638455682177 DYNAMITE 8GB MP3 PLAYER- GOLD/WHITE
  SKIP: no product found
[47/126] UPC=638455681477 DYNAMITE 8BG MP3 PLAYER- Blue
  SKIP: no product found
[48/126] UPC=638455681590 SAMVIX GLASBA 8 BLACK/BLUE
  SKIP: no product found
[49/126] UPC=638455681484 DYNAMITE 8GB MP3 PLAYER - sliver
  SKIP: no product found
[50/126] UPC=638455683464 SAMVIX SMARTBASS 7.0 32GB - silver
  SKIP: no product found
[51/126] UPC=638455683549 HighClass 16GB - Black
  SKIP: no product found
[52/126] UPC=637057969815 Penson "Bekaso" 16GB MP3 Player- silver
  SKIP: no product found
[53/126] UPC=637057969952 Penson "Master" 16GB MP3 Player - Black
  SKIP: no product found
[54/126] UPC=637057969969 BUNDLE - DYNAMITE 8GB MP3 / 10WT BT SPEA
  SKIP: no product found
[55/126] UPC=637057970156 Music Q4 Plus
  SKIP: no product found
[56/126] UPC=637057970194 MP3 PLAYER DYNAMITE 8GB - BLUE/WHITE
  SKIP: no product found
[57/126] UPC=637057970279 Q5 MP3
  SKIP: no product found
[58/126] UPC=638455679344 Music Q5 Lite
  SKIP: no product found
[59/126] UPC=638455683105 SAMVIX GLASBA 8 - SAMVIX GLASBA 8
  OK: Samvix GLASBA SIM 8GB Sport Mp3 Player – Samvix | סאמויקס
[60/126] UPC=638455683129 SAMVIX GLASBA 8 - Blue
  OK: SAMVIX GLASBA 64 MP3 PLAYER – Samvix | סאמויקס
[61/126] UPC=638455683389 Samvix IBusiness eXtra 16GB MP3 Player -
  SKIP: no product found
[62/126] UPC=638455683440 SAMVIX SMARTBASS 7.0 32GB - Black
  SKIP: no product found
[63/126] UPC=766162174675 SMARTBASS 8.0 32GB - SILVER
  SKIP: no product found
[64/126] UPC=638455683372 IBUISNESS COMPLETE 16GB SAMVIX MP3 PLAYE
  SKIP: no product found
[65/126] UPC=638455683365 IBUISNESS COMPLETE 16GB MP3 PLAYER BLUE
  SKIP: no product found
[66/126] UPC=638455681514 DYNAMITE 8GB SAMVIX MP3 PLAYER GOLD/BLAC
  SKIP: no product found
[67/126] UPC=766162175405 SAMVIX DOUBLE SOUND - 16GB - Black
  SKIP: no product found
[68/126] UPC=766162175740 Samvix Dynamite 2.0 MP3 Player 16GB - Wh
  SKIP: no product found
[69/126] UPC=766162174682 Penson "Mentor" 16GB MP3 Player
  SKIP: no product found
[70/126] UPC=637057970279 IPlantinum Music Q5 MP3 Player
  SKIP: no product found
[71/126] UPC=766162175900 Samvix Dynamite 2.0 MP3 Player 16GB - Bl
  OK: SAMVIX DYNAMITE 2.0 16GB Sport MP3 Player – Samvix | סאמויקס
[72/126] UPC=766162175672 Samvix Dynamite 2.0 MP3 Player 16GB - Si
  SKIP: no product found
[73/126] UPC=637057970224 Samvix SmartBass 8.0 32gb MP3 Player - B
  SKIP: no product found
[74/126] UPC=766162174705 IPlantinum Music Q6 MP3 Player
  SKIP: no product found
[75/126] UPC=638455681675 Samvix Basic Sound MP3 Player - Blue
  OK: Samvix BASIC SOUND Sport MP3 Player – Samvix | סאמויקס
[76/126] UPC=766162174767 PENSON PRIME MP3 PLAYER 16GB silver
  SKIP: no product found
[77/126] UPC=766162175764 SMARTPODS WHITE 64GB
  SKIP: no product found
[78/126] UPC=766162176198 SMARTPODS BLACK 64GB
  SKIP: no product found
[79/126] UPC=702050659824 SparkGo SP-H55 Label Maker
  OK: SparkGo Label Maker Handheld Labeler with Backlit LCD, SP-H5
[80/126] UPC=702050659831 SparkGo Laminated Label Tape T-231E
  SKIP: no product found
[81/126] UPC=702050659848 SparkGo T-221E Laminated Label Tape
  SKIP: no product found
[82/126] UPC=702050659855 SparkGo Non-Laminated Label Tape T-A221E
  SKIP: no product found
[83/126] UPC=702050659862 SparkGo Laminated Label Tape T-131E
  SKIP: no product found
[84/126] UPC=702050659992 K-Fly V2 Kosher Drone
  SKIP: no product found
[85/126] UPC=638455681651 Samvix Glasba 64 MP3, Black No SD slot
  OK: SAMVIX GLASBA 64 MP3 PLAYER – Samvix | סאמויקס
[86/126] UPC=638455683044 DYNAMITE 64GB SAMVIX MP3 PLAYER NO SD SL
  OK: SAMVIX DYNAMITE 64GB Sport MP3 Player – Samvix | סאמויקס
[87/126] UPC=638455683334 IIBUISNESS COMPLETE NO RADIO NO SD 32GB
  SKIP: no product found
[88/126] UPC=766162175344 SAMVIX SMART WATCH 64GB- No SD Slot
  SKIP: no product found
[89/126] UPC=638455683327 DYNAMITE 32GB SAMVIX MP3 PLAYER NO SD SL
  OK: SAMVIX DYNAMITE 32GB Sport MP3 Player – Samvix | סאמויקס
[90/126] UPC=637057969853 IBUISNESS 64GB SAMVIX MP3 PLAYER NO SD S
  SKIP: no product found
[91/126] UPC=766162175412 High Class 128 GB - No SD slot
  OK: Samvix “iBusiness Mehadrin” 128GB Kosher MP3 Player (No SD S
[92/126] UPC=766162175887 I Business Black 16GB 2 SD slots
  SKIP: no product found
[93/126] UPC=766162175979 IBusiness 16GB silver 2 SD slots silver
  SKIP: no product found
[94/126] UPC=638455683426 Sargoss Self Inking Stamp
  SKIP: no product found
[95/126] UPC=766162174781 Samvix Waker Shaker Alarm Clock
  SKIP: no product found
[96/126] UPC=24144524567 DECORATE A TRUCK
  SKIP: no product found
[97/126] UPC=638455681538 SMARTBASS 2.0 MP3 PLAYER
  OK: Leather Book Case for Mini SmartBass & SmartBass 2.0 MP3 Pla
[98/126] UPC=638455682191 DYNAMITE 8GB MP3 PLAYER - GREEN/WHITE
  SKIP: no product found
[99/126] UPC=638455681576 GLASBA MP3 (8GB)
  SKIP: no product found
[100/126] UPC=638455681569 SMART BASS MP3 PLAYER
  OK: SAMVIX SMARTBASS 8.0 32GB MP3 PLAYER – Samvix | סאמויקס
[101/126] UPC=638455681682 SMART BASS 4.0 MP3 PLAYER
  OK: Leather Book Case for SmartBass 4.0 MP3 Player – Samvix | סא
[102/126] UPC=638455683525 SmartBassPro samvix
  SKIP: no product found
[103/126] UPC=637057969792 SMARTBASSPRO 128GB
  SKIP: no product found
[104/126] UPC=637057969983 64 GB IIBUISNESS COMPLETE
  SKIP: no product found
[105/126] UPC=637057970187 HighClass 16GB SAMVIX MP3 PLAYER BLUE
  OK: Samvix HighClass 16GB Kosher MP3 Player with Buttons, Speake
[106/126] UPC=637057970286 SMARTBASSPRO 64G
  SKIP: no product found
[107/126] UPC=638455682061 Samvix iCamera 2.0 (Video)
  SKIP: no product found
[108/126] UPC=766162174781 Kosher Rechargeable Waker Shaker Alarm
  SKIP: no product found
[109/126] UPC=638455683402 TINY SMARTBASS 2.0 4GB SAMVIX MP3 PLAYER
  SKIP: no product found
[110/126] UPC=637057970217 SAMVIX iProjector FULL HD Home Video
  OK: Samvix iProjector full HD Home Video Projector – Samvix | סא
[111/126] UPC=637057970224 SMARTBASS 8.0 32GB - BLACK
  SKIP: no product found
[112/126] UPC=27242898837 SONY VOICE RECORDER
  SKIP: no product found
[113/126] UPC=766162174613 GOOBABOY X GAME CONSOLE
  OK: Samvix GoobaBoy X – Game Console – Kosher – Samvix | סאמויקס
[114/126] UPC=766162174620 PLATINUM SUPER GAME CONSOLE 3DX.
  SKIP: no product found
[115/126] UPC=766162175221 Dynamite Case - Black
  SKIP: no product found
[116/126] UPC=766162174736 PENSON 'Bekaso' 16GB MP3 Player - Blue
  SKIP: no product found
[117/126] UPC=637057969808 PENSON 'Prime' 16GB MP3 Player - Black
  SKIP: no product found
[118/126] UPC=766162175160 Smartbass 8.0 Case - Blue
  SKIP: no product found
[119/126] UPC=766162175177 Smartbass 8.0 Case - Brown
  SKIP: no product found
[120/126] UPC=766162175184 Smartbass 8.0 Case - Red
  SKIP: no product found
[121/126] UPC=637057970149 Smartbass 7.0 Case - Black SE
  SKIP: no product found
[122/126] UPC=637057969990 Dynamite Case - Black SE
  SKIP: no product found
[123/126] UPC=637057969839 Samvix UCamera S7 - Blue, No Video
  SKIP: no product found
[124/126] UPC=702050659862 SparkGo T-131E Clear - Laminated Label T
  SKIP: no product found
[125/126] UPC=766162175498 PENSON 'Mentor' 64GB MP3 Player
  SKIP: no product found
[126/126] UPC=766162175757 Samvix IBuisness Mehadrin 128GB MP3 Play
  SKIP: no product found

Done: 24/126 products saved
