/Users/shloimy/Library/Python/3.9/lib/python/site-packages/urllib3/__init__.py:35: NotOpenSSLWarning: urllib3 v2 only supports OpenSSL 1.1.1+, currently the 'ssl' module is compiled with 'LibreSSL 2.8.3'. See: https://github.com/urllib3/urllib3/issues/3020
  warnings.warn(
[1/263] UPC=786138700264 CLEANING PLAY SET
  ERROR: Page.query_selector: Execution context was destroyed, most likely because of a navigation
[2/263] UPC=786138700608 WILD ANIMALS SET
  SKIP: no product found
[3/263] UPC=786138700769 PLAYKIDIZ GARBAGE TRUCK
  OK: Garbage Truck – Playkidiz
[4/263] UPC=786138701261 16 INCH TALKING DOLL
  SKIP: no product found
[5/263] UPC=786138701759 SCRATCH SHEETS 8.3 X 5.8
  OK: 50 Sheet A5 Rainbow scratch card – Playkidiz
[6/263] UPC=786138701841 MODELING CLAY 10 COLORS
  OK: Modelling clay 180gr Set of ICE and BBQ Shrink Wraped – Play
[7/263] UPC=786138701926 MODELING CLAY CONSTRUCTION TRUCKS
  OK: Set of Modelling clay 100gr – Fruit Shop, American Food,Cons
[8/263] UPC=786138702084 MODELING CLAY NEON
  OK: Modeling Clay 480gr 8 Neon Colors bar shape in PVC Clam Shel
[9/263] UPC=786138702381 FUNFLUFF 5 COLORS BUCKET
  SKIP: no product found
[10/263] UPC=786138702718 BATH CROC CUPS
  SKIP: no product found
[11/263] UPC=786138703111 PLAY HELPER DELUXE CLEANING SET
  OK: playkidiz Delux Cleaning set, 11 Pcs – Playkidiz
[12/263] UPC=786138705399 12 Pc Paint Sticks Classic Colors
  OK: 12pc Paint Sticks Classic Colours – Playkidiz
[13/263] UPC=786138705474 6 Pc 3D Puff Paint Classic Colors
  OK: 24pc 3D Puff Paint Classic Colours – Playkidiz
[14/263] UPC=786138705672 Playkidiz Shopping Cart With Food
  OK: playkidiz Shopping Cart – Playkidiz
[15/263] UPC=786138705979 Kiddie Chair Yellow
  SKIP: no product found
[16/263] UPC=786138706051 Tubo Pop Large (24 Pack)
  SKIP: no product found
[17/263] UPC=786138706334 PLAYKIDIZ 15" AMBULANCE
  SKIP: no product found
[18/263] UPC=786138706433 PLAYMINIZ FAMILY TRIP SET
  SKIP: no product found
[19/263] UPC=786138700691 HOOLA HOOPS
  SKIP: no product found
[20/263] UPC=786138700776 PLAYKIDZ FIRE TRUCK
  OK: Fire Truck – Playkidiz
[21/263] UPC=786138700851 MY FIRST PURSE (hard)
  OK: My First Purse Set 8pc set – Playkidiz
[22/263] UPC=786138701094 POUND A BALL REPLACMENT
  OK: Super Durable Replacement Balls for Pound a Ball – Playkidiz
[23/263] UPC=786138701681 48 PC.SIDEWALK CHALK
  OK: 48 Piece Sidewalk Chalk – Playkidiz
[24/263] UPC=786138701858 MODELING CLAY 8 COLORS
  OK: Modeling Clay 480gr 8 Colors bar shape in PVC Clam Shell Box
[25/263] UPC=786138701933 7,000 Water Beads Kit
  SKIP: no product found
[26/263] UPC=786138702015 ROLLING RATTLE BALLS
  SKIP: no product found
[27/263] UPC=786138702091 MODELING CLAY IN CLEAR BOX
  OK: Modeling Clay 260gr 12 Reg Colors 12 Neon Colors 4 Tools in 
[28/263] UPC=786138702404 FUNFLUFF SAND BOTTLE
  SKIP: no product found
[29/263] UPC=786138702725 BATH BOATS 3 PC SET
  SKIP: no product found
[30/263] UPC=786138703555 Crystal stress 7cm color lines ball
  SKIP: no product found
[31/263] UPC=786138704934 40 Sheet Presentation Book
  SKIP: no product found
[32/263] UPC=786138705405 12 Piece Paint Sticks - Neon Matellic
  OK: 12pc Paint Sticks Neon & Metallic Colours – Playkidiz
[33/263] UPC=786138705481 6 Pc 3D Puff Paint - Neon
  SKIP: no product found
[34/263] UPC=786138705689 144 PC DELUXE FOOD SET
  SKIP: no product found
[35/263] UPC=786138705986 Kiddie Table Red
  SKIP: no product found
[36/263] UPC=786138706341 PLAYKIDIZ 15" SWAT CAR
  SKIP: no product found
[37/263] UPC=786138706440 PLAYMINIZ 4 PCS FIGURES - BAKERY SET
  SKIP: no product found
[38/263] UPC=086138800897 TOYS4U MINI TRAILER
  SKIP: no product found
[39/263] UPC=086138802440 10 PK  GEL PENS
  SKIP: no product found
[40/263] UPC=086138802839 DELUXE TOOL SET
  SKIP: no product found
[41/263] UPC=086138802921 PRINCESS CHEST
  OK: My First Princess Makeup Chest – Playkidiz
[42/263] UPC=086138803898 SHAPE SORTING EGGS
  OK: Shape sorting eggs – Playkidiz
[43/263] UPC=086138804093 BEACH SAND SET PINK
  OK: Beach Set Pink – Playkidiz
[44/263] UPC=086138100911 Brainymaze 208 steps
  SKIP: no product found
[45/263] UPC=086138106821 SENSORY BALLS 2.5"
  OK: Sensory Balls – Playkidiz
[46/263] UPC=086138802242 SENSORY TOYS
  OK: Sensory Shape – Playkidiz
[47/263] UPC=086138802426 MY FIRST PRINCESS REAL MAKE UP
  OK: My First Princess Makeup Set – Playkidiz
[48/263] UPC=086138803065 PLAY MONEY
  OK: Play Money USD – Playkidiz
[49/263] UPC=086138804277 DRAW BOARD
  OK: Roll Up Puzzle Board for Jigsaw Puzzles – Playkidiz
[50/263] UPC=086138802235 PLAYKIDZ STACKING CUPS
  OK: Stacking Cups – Playkidiz
[51/263] UPC=086138803058 PLAYMONEY
  OK: EURO PLAYMONEY – Playkidiz
[52/263] UPC=086138803768 BOW & ARROW
  SKIP: no product found
[53/263] UPC=786138700325 DOLL BEDROOM
  OK: Single Bed – Brunette – Playkidiz
[54/263] UPC=786138700509 TOOL SET STORAGE CADDY
  OK: 502 - Bad Gateway
[55/263] UPC=786138700585 BACK FLIP RAMP
  SKIP: no product found
[56/263] UPC=786138700745 ORGAN W LIGHT N MUSIC
  SKIP: no product found
[57/263] UPC=786138700905 RING STACKER BUS
  SKIP: no product found
[58/263] UPC=786138701148 Pegture
  SKIP: no product found
[59/263] UPC=786138701322 TWINZY DOLLS
  OK: Playkidz Baby Doll Twins – Playkidiz
[60/263] UPC=786138701643 skip ball flashing
  SKIP: no product found
[61/263] UPC=786138701735 SCRATCH NOTES HOLOGRAPHIC RAINBOW
  OK: Holographic Rainbow Scratch Magic – Playkidiz
[62/263] UPC=786138701827 MODELING CLAY TRANSPORTER SET
  SKIP: no product found
[63/263] UPC=786138701902 MODELING CLAY FRUIT SHOP
  OK: Set of Modelling clay 100gr – Fruit Shop, American Food,Cons
[64/263] UPC=786138702060 MODELING CLAY NEON 12 COLORS
  OK: Modeling Clay 260gr 12 Reg Colors 12 Neon Colors 4 Tools in 
[65/263] UPC=786138702176 My First Purse Set 7pc
  SKIP: no product found
[66/263] UPC=786138702695 Ferris Wheel Suction Toy
  SKIP: no product found
[67/263] UPC=786138703098 PLAY HELPER CADDY SET
  OK: Playkidiz Cleaning Caddy Set, 10Pcs – Playkidiz
[68/263] UPC=786138703173 LAUNDRY PLAYSET
  SKIP: no product found
[69/263] UPC=786138704668 My first Pegs
  SKIP: no product found
[70/263] UPC=786138705450 12Pk Puff Paint Classic Colors
  OK: 3D 12pc Puff Paint Classic colours – Playkidiz
[71/263] UPC=786138705658 Shopping Cart Basket
  OK: playkidiz Shopping Cart – Playkidiz
[72/263] UPC=786138705955 Kiddie Chair Green
  SKIP: no product found
[73/263] UPC=786138706419 PLAYMINIZ CONSTRUCTION SET
  SKIP: no product found
[74/263] UPC=786138803156 New Bounce Bucket Swing Dark Green
  SKIP: no product found
[75/263] UPC=786138700196 PLAY MONEY PACK
  OK: Play Money USD – Playkidiz
[76/263] UPC=786138700363 COZY RIDE
  OK: Coupe Set – Brunette – Playkidiz
[77/263] UPC=786138700707 HOOLA HOOPS
  SKIP: no product found
[78/263] UPC=786138700868 MAGIC SURPRISE MIRROR SET
  SKIP: no product found
[79/263] UPC=786138701285 CASH REGISTER
  OK: Toy Cash Register – Playkidiz
[80/263] UPC=786138701865 MODELING CLAY 8 COLORS
  OK: Modeling Clay 480gr 8 Neon Colors bar shape in PVC Clam Shel
[81/263] UPC=786138701940 LCD Writing Tablet (Black)
  SKIP: no product found
[82/263] UPC=786138702022 MUSICAL BEAR STACKER
  OK: playkidiz Musical Bear Stacker – Playkidiz
[83/263] UPC=786138702732 CUP STACKER
  SKIP: no product found
[84/263] UPC=786138703135 BREAKFAST PLAYSET
  SKIP: no product found
[85/263] UPC=786138703210 TRAMPOSHOTS
  SKIP: no product found
[86/263] UPC=786138704620 String a Picture
  SKIP: no product found
[87/263] UPC=786138705412 6 Pc Paint Sticks Classic Colors
  OK: 12pc Paint Sticks Classic Colours – Playkidiz
[88/263] UPC=786138705696 DELUXE SHOPPING CART W REGISTER
  SKIP: no product found
[89/263] UPC=786138705993 Kiddie Folding Slide
  SKIP: no product found
[90/263] UPC=786138706075 Tubo Pop Mini (8 Pack)
  SKIP: no product found
[91/263] UPC=786138706358 R/C AIR FORCE COLLECTION - NAVY STAR SIL
  SKIP: no product found
[92/263] UPC=786138700721 HOOLA HOOPS
  SKIP: no product found
[93/263] UPC=786138700882 PLAYKIDZ SHAPE SORTER
  OK: playkidiz Shape Sorter – Playkidiz
[94/263] UPC=786138701049 Colorate Junior
  OK: Colorate Light Up Tablet – Playkidiz
[95/263] UPC=786138701209 CHANUKAH CUBE
  SKIP: no product found
[96/263] UPC=786138701308 PlayKidiz Color Doodler
  SKIP: no product found
[97/263] UPC=786138701889 MODELING CLAY BBQ
  OK: Modelling clay 180gr Set of ICE and BBQ Shrink Wraped – Play
[98/263] UPC=786138701964 LCD Writing Tablet (Red)
  SKIP: no product found
[99/263] UPC=786138702046 BALL SPINNER
  OK: Playkidiz Light And Sound Ball Spinner – Playkidiz
[100/263] UPC=786138702152 PLAYBUILD 200 PIECE BRICK SET
  SKIP: no product found
[101/263] UPC=786138703159 WASHER PLAYSET
  OK: 11pc Pots And Pans Stainless Steel – Playkidiz
[102/263] UPC=786138703852 SHAPE SORTING EGGS 12CT
  SKIP: no product found
[103/263] UPC=786138703937 Precious Family Figures
  OK: Playkidiz Washable Dot Markers – Playkidiz
[104/263] UPC=786138704644 Lacing kit Bucket
  SKIP: no product found
[105/263] UPC=786138704880 EMOJI STAMPERS 5 PCS SET
  SKIP: no product found
[106/263] UPC=786138705511 18 Pc Washable Tempera Paint W 5 Brushes
  OK: 18pc Washable Tempera Paint – Playkidiz
[107/263] UPC=786138705931 Kiddie Chair Purple
  SKIP: no product found
[108/263] UPC=786138706266 Kids Smock - Medium (Blue Variation)
  SKIP: no product found
[109/263] UPC=786138803132 PUDDLE JUMPER BLUE
  SKIP: no product found
[110/263] UPC=786138700332 DOLL BUNKBED
  OK: Bunk Bed Set- Brunette – Playkidiz
[111/263] UPC=786138700752 Scan & Talk Cash Register / Blue
  OK: Toy Cash Register – Playkidiz
[112/263] UPC=786138701155 Color pop Jr.
  SKIP: no product found
[113/263] UPC=786138701339 TREATS BUCKET PLAY FOOD SET
  SKIP: no product found
[114/263] UPC=786138701742 SCRATCH SHEETS 8X12
  OK: Scratch Paper A4 50 sheet with 2 pins – Playkidiz
[115/263] UPC=786138701834 MODELING CLAY 4 PRIMARY COLORS
  SKIP: no product found
[116/263] UPC=786138701919 MODELING CLAY AMERICAN FOOD
  OK: Set of Modelling clay 100gr – Fruit Shop, American Food,Cons
[117/263] UPC=786138702077 MODELING CLAY
  OK: Modeling Clay 480gr 8 Colors bar shape in PVC Clam Shell Box
[118/263] UPC=786138702374 Squishy Banana
  SKIP: no product found
[119/263] UPC=786138702701 ROLLER WORM Baby & Toddler Toys TOY
  SKIP: no product found
[120/263] UPC=786138705665 Shopping Cart W Register
  OK: Toy Cash Register – Playkidiz
[121/263] UPC=786138705962 Kiddie Chair Blue
  SKIP: no product found
[122/263] UPC=786138706044 Tubo Pop Large (8 Pack)
  SKIP: no product found
[123/263] UPC=786138706327 PLAYKIDIZ 15" RESCUE HELICOPTER
  SKIP: no product found
[124/263] UPC=786138706426 PLAYMINIZ FARMERS SET
  SKIP: no product found
[125/263] UPC=086138106678 STAINLESS STEEL POTS & PANS
  OK: 11pc Pots And Pans Stainless Steel – Playkidiz
[126/263] UPC=086138106791 POUND A BALL
  OK: Pound A Ball – Playkidiz
[127/263] UPC=086138800019 POUND 'N ROLL
  SKIP: no product found
[128/263] UPC=086138802860 MY FOOD PLAYSET 100PC
  SKIP: no product found
[129/263] UPC=086138803034 PLAY MONEY-$100 BILLS
  SKIP: no product found
[130/263] UPC=086138803553 BOUNCE N CATCH
  SKIP: no product found
[131/263] UPC=086138804246 TOOL SET
  OK: playkidiz Tool Box – Playkidiz
[132/263] UPC=086138804345 IQ PUZZLE BLOCKS
  SKIP: no product found
[133/263] UPC=086138804529 EGGBEATER
  SKIP: no product found
[134/263] UPC=086138800057 SEA WORLD WATER MAT
  OK: Water Mat – Playkidiz
[135/263] UPC=086138803041 PLAY MONEY-$1 BILLS
  SKIP: no product found
[136/263] UPC=086138803843 Magic Snake
  SKIP: no product found
[137/263] UPC=086138804253 CONSTRUCTION TRUCKS
  OK: Set of Modelling clay 100gr – Fruit Shop, American Food,Cons
[138/263] UPC=786138700295 BOWLING
  SKIP: no product found
[139/263] UPC=786138700479 SHOPPING CART WITH FOOD
  OK: playkidiz Shopping Cart – Playkidiz
[140/263] UPC=786138700639 MY FIRST PRINCESS PLAY MAKE UP
  OK: My First Princess Pretend Makeup Set – 8 Piece – Playkidiz
[141/263] UPC=786138700714 HOOLA HOOPS
  SKIP: no product found
[142/263] UPC=786138700875 HEAVY CONSTRUCTION TRUCKS
  OK: Tractors Set – Playkidiz
[143/263] UPC=786138701032 DOUBLE SIDED EASEL
  SKIP: no product found
[144/263] UPC=786138701193 STACKING TOP DREIDAL
  SKIP: no product found
[145/263] UPC=786138701292 DELUXE CASH REGISTER
  SKIP: no product found
[146/263] UPC=786138701605 MINI KEYBOARD
  SKIP: no product found
[147/263] UPC=786138701872 MODELING CLAY TOOLS SET
  SKIP: no product found
[148/263] UPC=786138701957 LCD Writing Tablet (White)
  SKIP: no product found
[149/263] UPC=786138702039 MY FIRST STEERING WHEEL
  SKIP: no product found
[150/263] UPC=786138703845 SHAPE SORTING EGGS 6CT
  OK: Shape sorting eggs – Playkidiz
[151/263] UPC=786138704637 Tubo Fluto
  SKIP: no product found
[152/263] UPC=786138705429 6 Pc Paint Sticks - Neon
  SKIP: no product found
[153/263] UPC=786138705504 6 Pc 3D Puff Paint - Matellic
  SKIP: no product found
[154/263] UPC=786138705702 DELUXE CLEANING SET 12 pc.
  SKIP: no product found
[155/263] UPC=786138706259 Kids Smock - Small
  SKIP: no product found
[156/263] UPC=786138700578 3D PUZZLE BALL
  SKIP: no product found
[157/263] UPC=786138700899 PEEK-A-BOO
  SKIP: no product found
[158/263] UPC=786138701056 Colorate
  OK: Colorate Light Up Tablet
[159/263] UPC=786138701131 Pegture Jr.
  SKIP: no product found
[160/263] UPC=786138701315 COLOR DOODLER DELUXE SET
  SKIP: no product found
[161/263] UPC=786138701810 MODELING CLAY 12 COLORS
  OK: Modeling Clay 260gr 12 Reg Colors 12 Neon Colors 4 Tools in 
[162/263] UPC=786138701896 MODELING CLAY ICE CREAM
  OK: Modelling clay 180gr Set of ICE and BBQ Shrink Wraped – Play
[163/263] UPC=786138701971 LCD Writing Tablet (Blue)
  SKIP: no product found
[164/263] UPC=786138702053 MY FIRST MEDICAL KIT
  SKIP: no product found
[165/263] UPC=786138702688 BOUNCE BALLS
  SKIP: no product found
[166/263] UPC=786138704255 SPIRAL DRAW
  SKIP: no product found
[167/263] UPC=786138704651 Playkidiz Shape Cube
  SKIP: no product found
[168/263] UPC=786138705054 PLAYKIDIZ BOOSTER SEAT
  SKIP: no product found
[169/263] UPC=786138705443 24 Pc 3D Puffy Paint All Colors
  OK: 24pc 3D Puff Paint Classic Colours – Playkidiz
[170/263] UPC=786138705528 12 Pc Washable Tempera Paint Tubes
  OK: 12pc Tempera Paint Tube – Playkidiz
[171/263] UPC=786138705948 Kiddie Chair Red
  SKIP: no product found
[172/263] UPC=786138706181 FIDGET TANGRAM GAME
  SKIP: no product found
[173/263] UPC=786138706273 Kids Smock - Medium (Pink Variation)
  SKIP: no product found
[174/263] UPC=786138706402 PLAYMINIZ SWAT & PRISON SET
  SKIP: no product found
[175/263] UPC=786138803149 PUDDLE JUMPER PINK
  SKIP: no product found
[176/263] UPC=085761242890 TRAIN SET ALL ABOARD
  OK: Pack of 9 Boat Train For Bath – Playkidiz
[177/263] UPC=086138105367 SLEEPING BAG
  SKIP: no product found
[178/263] UPC=086138802846 CUTTING FRUIT & VEG BASKET
  OK: Fruit and Vegetables Basket – Playkidiz
[179/263] UPC=086138803539 ROCKET COPTERS
  SKIP: no product found
[180/263] UPC=086138803812 MINI TRUCK
  OK: Set of Modelling clay 100gr – Fruit Shop, American Food,Cons
[181/263] UPC=086138804024 LITTLE BOAT TRAIN
  OK: Pack of 9 Boat Train For Bath – Playkidiz
[182/263] UPC=086138804116 SCRATCH MAGIC NOTES
  OK: Scratch Art Rainbow – Playkidiz
[183/263] UPC=086138804406 SUPER SPEED RACE
  SKIP: no product found
[184/263] UPC=086138804581 CHINESE JUMP ROPE
  SKIP: no product found
[185/263] UPC=086138100928 MINI BRAINYMAZE
  SKIP: no product found
[186/263] UPC=086138106838 ALPHA BLOCKS
  SKIP: no product found
[187/263] UPC=086138802433 GLITTER GEL PENS 10 PACK
  SKIP: no product found
[188/263] UPC=086138803072 PLAY MONEY
  OK: Play Money USD – Playkidiz
[189/263] UPC=086138803799 SPINNING DISCS
  SKIP: no product found
[190/263] UPC=086138803881 WATER GAME
  OK: Pack of 9 Boat Train For Bath – Playkidiz
[191/263] UPC=086138804086 BEACH SAND SET BLUE
  OK: Beach Set Blue – Playkidiz
[192/263] UPC=085761210639 VOICE SCRAMBLER
  SKIP: no product found
[193/263] UPC=086138106562 ZOOM BALL
  SKIP: no product found
[194/263] UPC=086138802464 100 PACK GEL PENS
  OK: 100 Gel Pens – Playkidiz
[195/263] UPC=086138802853 MY FOOD PLAYSET 150PCS
  SKIP: no product found
[196/263] UPC=086138803027 PLAY MONEY
  OK: Play Money USD – Playkidiz
[197/263] UPC=086138803546 2-PK Light up Foam Finger Rockets
  SKIP: no product found
[198/263] UPC=086138803737 MAGNETIC TRAVEL PLAY
  OK: 4pc Travel Board Game Set – Playkidiz
[199/263] UPC=086138804123 SCRATCH NOTES HOLOGRAPHIC NOTES
  OK: Scratch Art – Playkidiz
[200/263] UPC=086138804338 Mini Magic Cube
  SKIP: no product found
[201/263] UPC=086138804512 FRISBEE
  SKIP: no product found
[202/263] UPC=786138706297 Jump Rope
  SKIP: no product found
[203/263] UPC=786138706303 Chinese Jump Rope
  SKIP: no product found
[204/263] UPC=786138706310 Rainbow Chinese Jump Rope
  SKIP: no product found
[205/263] UPC=786138706600 Deluxe Kids Paint Set
  SKIP: no product found
[206/263] UPC=786138706617 Washable Dot Markers 12 Pack
  SKIP: no product found
[207/263] UPC=786138706624 25 Pc. Kids Paint Brushes
  SKIP: no product found
[208/263] UPC=786138706631 12 Pc. Squeezable Paint Brush
  SKIP: no product found
[209/263] UPC=786138706648 Rainbow Watercolor Paint Set
  SKIP: no product found
[210/263] UPC=786138706983 Make Your Own Dino Soap
  OK: Darice Dino Soap Making Kit for Kids – Playkidiz
[211/263] UPC=786138706990 Make Your Own Animal Soap
  OK: Darice Animal Soap Making Kit for Kids – Playkidiz
[212/263] UPC=786138707041 Mist Spray
  SKIP: no product found
[213/263] UPC=786138707249 Baby & Toddler Toys Potty
  SKIP: no product found
[214/263] UPC=786138707713 WATER SPRAY FAN
  SKIP: no product found
[215/263] UPC=786138707720 Shape Matching Eggs
  OK: Shape sorting eggs – Playkidiz
[216/263] UPC=786138707737 Doctor Kit Carry Case
  SKIP: no product found
[217/263] UPC=786138707744 Vacuum Cleaner Set
  SKIP: no product found
[218/263] UPC=786138707751 Chop Fruit & Veggies in Basket
  SKIP: no product found
[219/263] UPC=786138707768 Electronic Tool Carry Case Set
  SKIP: no product found
[220/263] UPC=786138707836 Scan & Talk Cash Register / Pink
  SKIP: no product found
[221/263] UPC=786138708048 Rocking Pony
  SKIP: no product found
[222/263] UPC=786138708208 Phone & car keys set
  OK: Smart Phones And Keys – Playkidiz
[223/263] UPC=786138708215 Car Keys
  OK: Smart Phones And Keys – Playkidiz
[224/263] UPC=786138708390 Ball Drop
  OK: Super Durable Replacement Balls for Pound a Ball – Playkidiz
[225/263] UPC=786138708406 Baby & Toddler Toys SHAPE SORTER SCHOOL 
  SKIP: no product found
[226/263] UPC=786138708420 Picnic on-the-go Dishes set
  SKIP: no product found
[227/263] UPC=786138708437 Dish Drainer
  OK: Pretend Play Children Dish Set – 27pc Set With Drainer – Pla
[228/263] UPC=786138708444 Deluxe Dishes Playset
  OK: Pretend Play Children Dish Set – 27pc Set With Drainer – Pla
[229/263] UPC=786138708451 Cutlery Playset
  OK: Pretend Play Children Dish Set – 27pc Set With Drainer – Pla
[230/263] UPC=786138708468 Rainbow stacking Trio set
  SKIP: no product found
[231/263] UPC=786138708475 Connect a Fruit And Vegetable
  SKIP: no product found
[232/263] UPC=786138708499 Mini Cars playset
  OK: 3-Level Parking Garage Playset for Kids – Playkidiz
[233/263] UPC=786138708505 10 in 1 Activity Toy
  SKIP: no product found
[234/263] UPC=786138708512 Musical Shape Shorter
  SKIP: no product found
[235/263] UPC=786138708529 Sensory Rattle Ball
  SKIP: no product found
[236/263] UPC=786138708536 Squishy Rattle ball
  SKIP: no product found
[237/263] UPC=786138708543 Pop Up Animals
  SKIP: no product found
[238/263] UPC=786138708550 Pop Up Vehicles
  SKIP: no product found
[239/263] UPC=786138708567 Pound A Ball Shape sorter
  SKIP: no product found
[240/263] UPC=786138708574 Sensory Activity ball
  SKIP: no product found
[241/263] UPC=786138708581 Clip On Mobile with Music
  SKIP: no product found
[242/263] UPC=786138708598 Stroller Arch
  SKIP: no product found
[243/263] UPC=786138708604 Ring Stacker
  OK: playkidiz Musical Bear Stacker – Playkidiz
[244/263] UPC=786138708611 Pound A Drum
  SKIP: no product found
[245/263] UPC=786138708628 Grand Ball Drop
  SKIP: no product found
[246/263] UPC=786138708635 Twist Stacker
  SKIP: no product found
[247/263] UPC=786138708642 Shape Caddy
  SKIP: no product found
[248/263] UPC=786138708659 Deluxe Shape Caddy
  SKIP: no product found
[249/263] UPC=786138708673 Junior Handyman Tool Belt Set
  SKIP: no product found
[250/263] UPC=786138708680 Junior Handyman Deluxe Tool Belt Set
  SKIP: no product found
[251/263] UPC=786138708697 Junior Handyman Grand Tool Belt Set
  SKIP: no product found
[252/263] UPC=786138708727 Car carrier
  OK: Building Blocks 52pc – Playkidiz
[253/263] UPC=786138708734 Deluxe Car carrier
  SKIP: no product found
[254/263] UPC=786138708901 Emergency Vehicles
  SKIP: no product found
[255/263] UPC=786138708918 Playkidiz City Vehicles
  SKIP: no product found
[256/263] UPC=786138708925 Playkidiz Emergency + City Vehicle Bundl
  SKIP: no product found
[257/263] UPC=786138708932 Clip On Mobile
  SKIP: no product found
[258/263] UPC=786138709762 PLAY CITY Vehicles and Figures Mega Play
  SKIP: no product found
[259/263] UPC=786138710355 Action Garage 3 levels
  OK: 3-Level Parking Garage Playset for Kids – Playkidiz
[260/263] UPC=786138710362 Action Garage 2 levels
  SKIP: no product found
[261/263] UPC=786138703449 Color Change Squisher Stress Relief Toys
  SKIP: no product found
[262/263] UPC=786138710713 Rescue Ambulance Set
  SKIP: no product found
[263/263] UPC=0786138706921 Playkidiz 8 Toy Figures & Playsets
  SKIP: no product found

Done: 93/263 products saved
